#
# There is insufficient memory for the Java Runtime Environment to continue.
# Native memory allocation (mmap) failed to map 174587904 bytes for committing reserved memory.
# Possible reasons:
#   The system is out of physical RAM or swap space
#   The process is running with CompressedOops enabled, and the Java Heap may be blocking the growth of the native heap
# Possible solutions:
#   Reduce memory load on the system
#   Increase physical memory or swap space
#   Check if swap backing store is full
#   Decrease Java heap size (-Xmx/-Xms)
#   Decrease number of Java threads
#   Decrease Java thread stack sizes (-Xss)
#   Set larger code cache with -XX:ReservedCodeCacheSize=
# This output file may be truncated or incomplete.
#
#  Out of Memory Error (os_linux.cpp:2800), pid=12630, tid=0x00007fb964c12700
#
# JRE version:  (8.0_292-b02) (build )
# Java VM: OpenJDK 64-Bit Server VM (25.292-b2 mixed mode, sharing linux-amd64 compressed oops)
# Failed to write core dump. Core dumps have been disabled. To enable core dumping, try "ulimit -c unlimited" before starting Java again
#

---------------  T H R E A D  ---------------

Current thread (0x00007fb95c009800):  JavaThread "Unknown thread" [_thread_in_vm, id=12769, stack(0x00007fb964b12000,0x00007fb964c13000)]

Stack: [0x00007fb964b12000,0x00007fb964c13000],  sp=0x00007fb964c11410,  free space=1021k
Native frames: (J=compiled Java code, j=interpreted, Vv=VM code, C=native code)
V  [libjvm.so+0xb08edd]  VMError::report_and_die()+0x15d
V  [libjvm.so+0x4fac49]  report_vm_out_of_memory(char const*, int, unsigned long, VMErrorType, char const*)+0x99
V  [libjvm.so+0x9611d3]  os::Linux::commit_memory_impl(char*, unsigned long, bool)+0x113
V  [libjvm.so+0x9613f9]  os::pd_commit_memory(char*, unsigned long, unsigned long, bool)+0x29
V  [libjvm.so+0x95564a]  os::commit_memory(char*, unsigned long, unsigned long, bool)+0x2a
V  [libjvm.so+0x9ca95b]  PSVirtualSpace::expand_by(unsigned long)+0x6b
V  [libjvm.so+0x9cb854]  PSYoungGen::initialize_virtual_space(ReservedSpace, unsigned long)+0x74
V  [libjvm.so+0x9cc16e]  PSYoungGen::initialize(ReservedSpace, unsigned long)+0x3e
V  [libjvm.so+0x2dbec4]  AdjoiningGenerations::AdjoiningGenerations(ReservedSpace, GenerationSizer*, unsigned long)+0x344
V  [libjvm.so+0x9810c3]  ParallelScavengeHeap::initialize()+0x1f3
V  [libjvm.so+0xad2e91]  Universe::initialize_heap()+0x101
V  [libjvm.so+0xad3f63]  universe_init()+0x33
V  [libjvm.so+0x648e25]  init_globals()+0x55
V  [libjvm.so+0xab6db7]  Threads::create_vm(JavaVMInitArgs*, bool*)+0x247
V  [libjvm.so+0x70c0a4]  JNI_CreateJavaVM+0x74
C  [libjli.so+0x7720]  JavaMain+0x90
C  [libpthread.so.0+0x7e25]  start_thread+0xc5


---------------  P R O C E S S  ---------------

Java Threads: ( => current thread )

Other Threads:

=>0x00007fb95c009800 (exited) JavaThread "Unknown thread" [_thread_in_vm, id=12769, stack(0x00007fb964b12000,0x00007fb964c13000)]

VM state:not at safepoint (not fully initialized)

VM Mutex/Monitor currently owned by a thread: None

heap address: 0x000000060d400000, size: 7980 MB, Compressed Oops mode: Non-zero based:0x000000060d3ff000, Oop shift amount: 3
Narrow klass base: 0x0000000000000000, Narrow klass shift: 0

GC Heap History (0 events):
No events

Deoptimization events (0 events):
No events

Classes redefined (0 events):
No events

Internal exceptions (0 events):
No events

Events (0 events):
No events


Dynamic libraries:
60d400000-759c00000 ---p 00000000 00:00 0 
764280000-800000000 ---p 00000000 00:00 0 
7fb94d000000-7fb94d270000 rwxp 00000000 00:00 0 
7fb94d270000-7fb95c000000 ---p 00000000 00:00 0 
7fb95c000000-7fb95c032000 rw-p 00000000 00:00 0 
7fb95c032000-7fb960000000 ---p 00000000 00:00 0 
7fb960f4a000-7fb9610f1000 rw-p 00000000 00:00 0 
7fb9610f1000-7fb962087000 ---p 00000000 00:00 0 
7fb962087000-7fb962092000 rw-p 00000000 00:00 0 
7fb962092000-7fb962448000 ---p 00000000 00:00 0 
7fb962448000-7fb962463000 r-xp 00000000 fc:01 1708762                    /usr/java/TencentKona-8.0.6-292/jre/lib/amd64/libzip.so
7fb962463000-7fb962662000 ---p 0001b000 fc:01 1708762                    /usr/java/TencentKona-8.0.6-292/jre/lib/amd64/libzip.so
7fb962662000-7fb962663000 r--p 0001a000 fc:01 1708762                    /usr/java/TencentKona-8.0.6-292/jre/lib/amd64/libzip.so
7fb962663000-7fb962664000 rw-p 0001b000 fc:01 1708762                    /usr/java/TencentKona-8.0.6-292/jre/lib/amd64/libzip.so
7fb962664000-7fb96268c000 r-xp 00000000 fc:01 1708781                    /usr/java/TencentKona-8.0.6-292/jre/lib/amd64/libjava.so
7fb96268c000-7fb96288b000 ---p 00028000 fc:01 1708781                    /usr/java/TencentKona-8.0.6-292/jre/lib/amd64/libjava.so
7fb96288b000-7fb96288c000 r--p 00027000 fc:01 1708781                    /usr/java/TencentKona-8.0.6-292/jre/lib/amd64/libjava.so
7fb96288c000-7fb96288e000 rw-p 00028000 fc:01 1708781                    /usr/java/TencentKona-8.0.6-292/jre/lib/amd64/libjava.so
7fb96288e000-7fb96289c000 r-xp 00000000 fc:01 1708790                    /usr/java/TencentKona-8.0.6-292/jre/lib/amd64/libverify.so
7fb96289c000-7fb962a9b000 ---p 0000e000 fc:01 1708790                    /usr/java/TencentKona-8.0.6-292/jre/lib/amd64/libverify.so
7fb962a9b000-7fb962a9d000 r--p 0000d000 fc:01 1708790                    /usr/java/TencentKona-8.0.6-292/jre/lib/amd64/libverify.so
7fb962a9d000-7fb962a9e000 rw-p 0000f000 fc:01 1708790                    /usr/java/TencentKona-8.0.6-292/jre/lib/amd64/libverify.so
7fb962a9e000-7fb962aa5000 r-xp 00000000 fc:01 25779                      /usr/lib64/librt-2.17.so
7fb962aa5000-7fb962ca4000 ---p 00007000 fc:01 25779                      /usr/lib64/librt-2.17.so
7fb962ca4000-7fb962ca5000 r--p 00006000 fc:01 25779                      /usr/lib64/librt-2.17.so
7fb962ca5000-7fb962ca6000 rw-p 00007000 fc:01 25779                      /usr/lib64/librt-2.17.so
7fb962ca6000-7fb962da7000 r-xp 00000000 fc:01 25499                      /usr/lib64/libm-2.17.so
7fb962da7000-7fb962fa6000 ---p 00101000 fc:01 25499                      /usr/lib64/libm-2.17.so
7fb962fa6000-7fb962fa7000 r--p 00100000 fc:01 25499                      /usr/lib64/libm-2.17.so
7fb962fa7000-7fb962fa8000 rw-p 00101000 fc:01 25499                      /usr/lib64/libm-2.17.so
7fb962fa8000-7fb963cdd000 r-xp 00000000 fc:01 1708779                    /usr/java/TencentKona-8.0.6-292/jre/lib/amd64/server/libjvm.so
7fb963cdd000-7fb963edc000 ---p 00d35000 fc:01 1708779                    /usr/java/TencentKona-8.0.6-292/jre/lib/amd64/server/libjvm.so
7fb963edc000-7fb963f89000 r--p 00d34000 fc:01 1708779                    /usr/java/TencentKona-8.0.6-292/jre/lib/amd64/server/libjvm.so
7fb963f89000-7fb963fb2000 rw-p 00de1000 fc:01 1708779                    /usr/java/TencentKona-8.0.6-292/jre/lib/amd64/server/libjvm.so
7fb963fb2000-7fb963ff7000 rw-p 00000000 00:00 0 
7fb963ff7000-7fb9641b1000 r-xp 00000000 fc:01 25054                      /usr/lib64/libc-2.17.so
7fb9641b1000-7fb9643b0000 ---p 001ba000 fc:01 25054                      /usr/lib64/libc-2.17.so
7fb9643b0000-7fb9643b4000 r--p 001b9000 fc:01 25054                      /usr/lib64/libc-2.17.so
7fb9643b4000-7fb9643b6000 rw-p 001bd000 fc:01 25054                      /usr/lib64/libc-2.17.so
7fb9643b6000-7fb9643bb000 rw-p 00000000 00:00 0 
7fb9643bb000-7fb9643bd000 r-xp 00000000 fc:01 25150                      /usr/lib64/libdl-2.17.so
7fb9643bd000-7fb9645bd000 ---p 00002000 fc:01 25150                      /usr/lib64/libdl-2.17.so
7fb9645bd000-7fb9645be000 r--p 00002000 fc:01 25150                      /usr/lib64/libdl-2.17.so
7fb9645be000-7fb9645bf000 rw-p 00003000 fc:01 25150                      /usr/lib64/libdl-2.17.so
7fb9645bf000-7fb9645d5000 r-xp 00000000 fc:01 1709206                    /usr/java/TencentKona-8.0.6-292/lib/amd64/jli/libjli.so
7fb9645d5000-7fb9647d4000 ---p 00016000 fc:01 1709206                    /usr/java/TencentKona-8.0.6-292/lib/amd64/jli/libjli.so
7fb9647d4000-7fb9647d5000 r--p 00015000 fc:01 1709206                    /usr/java/TencentKona-8.0.6-292/lib/amd64/jli/libjli.so
7fb9647d5000-7fb9647d6000 rw-p 00016000 fc:01 1709206                    /usr/java/TencentKona-8.0.6-292/lib/amd64/jli/libjli.so
7fb9647d6000-7fb9647ed000 r-xp 00000000 fc:01 25734                      /usr/lib64/libpthread-2.17.so
7fb9647ed000-7fb9649ec000 ---p 00017000 fc:01 25734                      /usr/lib64/libpthread-2.17.so
7fb9649ec000-7fb9649ed000 r--p 00016000 fc:01 25734                      /usr/lib64/libpthread-2.17.so
7fb9649ed000-7fb9649ee000 rw-p 00017000 fc:01 25734                      /usr/lib64/libpthread-2.17.so
7fb9649ee000-7fb9649f2000 rw-p 00000000 00:00 0 
7fb9649f2000-7fb964a13000 r-xp 00000000 fc:01 24864                      /usr/lib64/ld-2.17.so
7fb964a1a000-7fb964b12000 rw-p 00000000 00:00 0 
7fb964b12000-7fb964b15000 ---p 00000000 00:00 0 
7fb964b15000-7fb964c13000 rw-p 00000000 00:00 0                          [stack:12769]
7fb964c13000-7fb964c14000 r--p 00021000 fc:01 24864                      /usr/lib64/ld-2.17.so
7fb964c14000-7fb964c15000 rw-p 00022000 fc:01 24864                      /usr/lib64/ld-2.17.so
7fb964c15000-7fb964c16000 rw-p 00000000 00:00 0 
7fb964c16000-7fb964c17000 r-xp 00000000 fc:01 1708985                    /usr/java/TencentKona-8.0.6-292/bin/java
7fb964cc3000-7fb964cf8000 r--s 00000000 fc:01 5616                       /var/db/nscd/passwd
7fb964cf8000-7fb964cfc000 rw-p 00000000 00:00 0 
7fb964d01000-7fb964d04000 rw-p 00000000 00:00 0 
7fb964d04000-7fb964d0c000 rw-s 00000000 fc:01 3673247                    /tmp/hsperfdata_root/12630
7fb964d0c000-7fb964d0d000 rw-p 00000000 00:00 0 
7fb964d0d000-7fb964d0e000 r--p 00000000 00:00 0 
7fb964d0e000-7fb964d11000 r-xp 00000000 fc:01 25620                      /usr/lib64/libonion_security.so.1.0.19
7fb964d11000-7fb964e11000 ---p 00003000 fc:01 25620                      /usr/lib64/libonion_security.so.1.0.19
7fb964e11000-7fb964e12000 rw-p 00003000 fc:01 25620                      /usr/lib64/libonion_security.so.1.0.19
7fb964e12000-7fb964e16000 rw-p 00000000 00:00 0 
7fb964e16000-7fb964e17000 r--p 00000000 fc:01 1708985                    /usr/java/TencentKona-8.0.6-292/bin/java
7fb964e17000-7fb964e18000 rw-p 00001000 fc:01 1708985                    /usr/java/TencentKona-8.0.6-292/bin/java
7fb9663c9000-7fb9663ea000 rw-p 00000000 00:00 0                          [heap]
7ffc90b76000-7ffc90b98000 rw-p 00000000 00:00 0                          [stack]
7ffc90bd8000-7ffc90bda000 r-xp 00000000 00:00 0                          [vdso]
ffffffffff600000-ffffffffff601000 r-xp 00000000 00:00 0                  [vsyscall]

VM Arguments:
jvm_args: -Dlog.file=/root/dannylian/code/ds2/workspace/flink-1.4.1-instrumented/flink-1.4.1/flink-dist/target/flink-1.4.1-bin/flink-1.4.1/log/flink-root-client-VM-56-161-centos.log -Dlog4j.configuration=file:/root/dannylian/code/ds2/workspace/flink-1.4.1-instrumented/flink-1.4.1/flink-dist/target/flink-1.4.1-bin/flink-1.4.1/conf/log4j-cli.properties -Dlogback.configurationFile=file:/root/dannylian/code/ds2/workspace/flink-1.4.1-instrumented/flink-1.4.1/flink-dist/target/flink-1.4.1-bin/flink-1.4.1/conf/logback.xml 
java_command: org.apache.flink.client.CliFrontend run -d -s /root/dannylian/code/ds2/savepoints/hs_err_pid12479log --class ch.ethz.systems.strymon.ds2.flink.nexmark.queries.Query5 /root/dannylian/code/ds2/flink-examples/target/flink-examples-danny-042701-jar-with-dependencies.jar --p-bid-source 1 --p-window 34
java_class_path (initial): :/root/dannylian/code/ds2/workspace/flink-1.4.1-instrumented/flink-1.4.1/flink-dist/target/flink-1.4.1-bin/flink-1.4.1/lib/flink-dist_2.11-1.4.1.jar:/root/dannylian/code/ds2/workspace/flink-1.4.1-instrumented/flink-1.4.1/flink-dist/target/flink-1.4.1-bin/flink-1.4.1/lib/flink-python_2.11-1.4.1.jar:/root/dannylian/code/ds2/workspace/flink-1.4.1-instrumented/flink-1.4.1/flink-dist/target/flink-1.4.1-bin/flink-1.4.1/lib/flink-shaded-hadoop2-uber-1.4.1.jar:/root/dannylian/code/ds2/workspace/flink-1.4.1-instrumented/flink-1.4.1/flink-dist/target/flink-1.4.1-bin/flink-1.4.1/lib/log4j-1.2.17.jar:/root/dannylian/code/ds2/workspace/flink-1.4.1-instrumented/flink-1.4.1/flink-dist/target/flink-1.4.1-bin/flink-1.4.1/lib/slf4j-log4j12-1.7.7.jar:::
Launcher Type: SUN_STANDARD

Environment Variables:
CLASSPATH=/usr/java/TencentKona-8.0.6-292/lib/tools.jar:/usr/java/TencentKona-8.0.6-292/lib/dt.jar:/usr/java/TencentKona-8.0.6-292/lib
PATH=/root/.cargo/bin:/root/.cargo/bin:/bin:/usr/maven/apache-maven-3.6.3/bin:/usr/java/TencentKona-8.0.6-292/bin:/usr/local/sbin:/usr/local/bin:/usr/sbin:/usr/bin:/usr/local/go/bin:/root/go/bin:/root/.ft:/root/bin
LD_LIBRARY_PATH=/root/dannylian/code/ds2/controller/target/release/deps:/root/dannylian/code/ds2/controller/target/release:/root/.rustup/toolchains/stable-x86_64-unknown-linux-gnu/lib/rustlib/x86_64-unknown-linux-gnu/lib:/root/.rustup/toolchains/stable-x86_64-unknown-linux-gnu/lib
SHELL=/bin/bash

Signal Handlers:
SIGSEGV: [libjvm.so+0xb09d60], sa_mask[0]=11111111011111111101111111111110, sa_flags=SA_RESTART|SA_SIGINFO
SIGBUS: [libjvm.so+0xb09d60], sa_mask[0]=11111111011111111101111111111110, sa_flags=SA_RESTART|SA_SIGINFO
SIGFPE: [libjvm.so+0x95a8f0], sa_mask[0]=11111111011111111101111111111110, sa_flags=SA_RESTART|SA_SIGINFO
SIGPIPE: [libjvm.so+0x95a8f0], sa_mask[0]=11111111011111111101111111111110, sa_flags=SA_RESTART|SA_SIGINFO
SIGXFSZ: [libjvm.so+0x95a8f0], sa_mask[0]=11111111011111111101111111111110, sa_flags=SA_RESTART|SA_SIGINFO
SIGILL: [libjvm.so+0x95a8f0], sa_mask[0]=11111111011111111101111111111110, sa_flags=SA_RESTART|SA_SIGINFO
SIGUSR1: SIG_DFL, sa_mask[0]=00000000000000000000000000000000, sa_flags=none
SIGUSR2: [libjvm.so+0x95c150], sa_mask[0]=00000000000000000000000000000000, sa_flags=SA_RESTART|SA_SIGINFO
SIGHUP: SIG_IGN, sa_mask[0]=00000000000000000000000000000000, sa_flags=none
SIGINT: SIG_IGN, sa_mask[0]=00000000000000000000000000000000, sa_flags=none
SIGTERM: SIG_DFL, sa_mask[0]=00000000000000000000000000000000, sa_flags=none
SIGQUIT: SIG_IGN, sa_mask[0]=00000000000000000000000000000000, sa_flags=none


---------------  S Y S T E M  ---------------

OS:CentOS Linux release 7.2 (Final)

uname:Linux 3.10.107-1-tlinux2_kvm_guest-0049 #1 SMP Tue Jul 30 23:46:29 CST 2019 x86_64
libc:glibc 2.17 NPTL 2.17 
rlimit: STACK 8192k, CORE 0k, NPROC 127576, NOFILE 1000000, AS infinity
load average:25.87 23.08 14.14

/proc/meminfo:
MemTotal:       32680216 kB
MemFree:          161956 kB
MemAvailable:     231536 kB
Buffers:            2120 kB
Cached:           386684 kB
SwapCached:            0 kB
Active:         31685172 kB
Inactive:         188148 kB
Active(anon):   31636316 kB
Inactive(anon):   133116 kB
Active(file):      48856 kB
Inactive(file):    55032 kB
Unevictable:           0 kB
Mlocked:               0 kB
SwapTotal:             0 kB
SwapFree:              0 kB
Dirty:              1324 kB
Writeback:             0 kB
AnonPages:      31486272 kB
Mapped:            96364 kB
Shmem:            284272 kB
Slab:             141976 kB
SReclaimable:      45588 kB
SUnreclaim:        96388 kB
KernelStack:       67392 kB
PageTables:       102788 kB
NFS_Unstable:          0 kB
Bounce:                0 kB
WritebackTmp:          0 kB
CommitLimit:    16340108 kB
Committed_AS:   38636040 kB
VmallocTotal:   34359738367 kB
VmallocUsed:      156612 kB
VmallocChunk:   34359579612 kB
HardwareCorrupted:     0 kB
AnonHugePages:         0 kB
HugePages_Total:       0
HugePages_Free:        0
HugePages_Rsvd:        0
HugePages_Surp:        0
Hugepagesize:       2048 kB
DirectMap4k:       94064 kB
DirectMap2M:     3051520 kB
DirectMap1G:    32505856 kB


CPU:total 16 (initial active 16) (16 cores per cpu, 1 threads per core) family 23 model 49 stepping 0, cmov, cx8, fxsr, mmx, sse, sse2, sse3, ssse3, sse4.1, sse4.2, popcnt, avx, avx2, aes, clmul, mmxext, 3dnowpref, lzcnt, sse4a, tsc, bmi1

/proc/cpuinfo:
processor	: 0
vendor_id	: AuthenticAMD
cpu family	: 23
model		: 49
model name	: AMD EPYC 7K62 48-Core Processor
stepping	: 0
microcode	: 0x1000065
cpu MHz		: 2595.124
cache size	: 512 KB
physical id	: 0
siblings	: 16
core id		: 0
cpu cores	: 8
apicid		: 0
initial apicid	: 0
fpu		: yes
fpu_exception	: yes
cpuid level	: 13
wp		: yes
flags		: fpu vme de pse tsc msr pae mce cx8 apic sep mtrr pge mca cmov pat pse36 clflush mmx fxsr sse sse2 ht syscall nx mmxext fxsr_opt pdpe1gb rdtscp lm rep_good nopl extd_apicid eagerfpu pni pclmulqdq ssse3 fma cx16 sse4_1 sse4_2 x2apic movbe popcnt aes xsave avx f16c rdrand hypervisor lahf_lm cmp_legacy cr8_legacy abm sse4a misalignsse 3dnowprefetch osvw topoext vmmcall fsgsbase bmi1 avx2 smep bmi2 rdseed adx smap clflushopt sha_ni xsaveopt xsavec xgetbv1 arat
bogomips	: 5190.24
TLB size	: 1024 4K pages
clflush size	: 64
cache_alignment	: 64
address sizes	: 48 bits physical, 48 bits virtual
power management:

processor	: 1
vendor_id	: AuthenticAMD
cpu family	: 23
model		: 49
model name	: AMD EPYC 7K62 48-Core Processor
stepping	: 0
microcode	: 0x1000065
cpu MHz		: 2595.124
cache size	: 512 KB
physical id	: 0
siblings	: 16
core id		: 0
cpu cores	: 8
apicid		: 1
initial apicid	: 1
fpu		: yes
fpu_exception	: yes
cpuid level	: 13
wp		: yes
flags		: fpu vme de pse tsc msr pae mce cx8 apic sep mtrr pge mca cmov pat pse36 clflush mmx fxsr sse sse2 ht syscall nx mmxext fxsr_opt pdpe1gb rdtscp lm rep_good nopl extd_apicid eagerfpu pni pclmulqdq ssse3 fma cx16 sse4_1 sse4_2 x2apic movbe popcnt aes xsave avx f16c rdrand hypervisor lahf_lm cmp_legacy cr8_legacy abm sse4a misalignsse 3dnowprefetch osvw topoext vmmcall fsgsbase bmi1 avx2 smep bmi2 rdseed adx smap clflushopt sha_ni xsaveopt xsavec xgetbv1 arat
bogomips	: 5190.24
TLB size	: 1024 4K pages
clflush size	: 64
cache_alignment	: 64
address sizes	: 48 bits physical, 48 bits virtual
power management:

processor	: 2
vendor_id	: AuthenticAMD
cpu family	: 23
model		: 49
model name	: AMD EPYC 7K62 48-Core Processor
stepping	: 0
microcode	: 0x1000065
cpu MHz		: 2595.124
cache size	: 512 KB
physical id	: 0
siblings	: 16
core id		: 1
cpu cores	: 8
apicid		: 2
initial apicid	: 2
fpu		: yes
fpu_exception	: yes
cpuid level	: 13
wp		: yes
flags		: fpu vme de pse tsc msr pae mce cx8 apic sep mtrr pge mca cmov pat pse36 clflush mmx fxsr sse sse2 ht syscall nx mmxext fxsr_opt pdpe1gb rdtscp lm rep_good nopl extd_apicid eagerfpu pni pclmulqdq ssse3 fma cx16 sse4_1 sse4_2 x2apic movbe popcnt aes xsave avx f16c rdrand hypervisor lahf_lm cmp_legacy cr8_legacy abm sse4a misalignsse 3dnowprefetch osvw topoext vmmcall fsgsbase bmi1 avx2 smep bmi2 rdseed adx smap clflushopt sha_ni xsaveopt xsavec xgetbv1 arat
bogomips	: 5190.24
TLB size	: 1024 4K pages
clflush size	: 64
cache_alignment	: 64
address sizes	: 48 bits physical, 48 bits virtual
power management:

processor	: 3
vendor_id	: AuthenticAMD
cpu family	: 23
model		: 49
model name	: AMD EPYC 7K62 48-Core Processor
stepping	: 0
microcode	: 0x1000065
cpu MHz		: 2595.124
cache size	: 512 KB
physical id	: 0
siblings	: 16
core id		: 1
cpu cores	: 8
apicid		: 3
initial apicid	: 3
fpu		: yes
fpu_exception	: yes
cpuid level	: 13
wp		: yes
flags		: fpu vme de pse tsc msr pae mce cx8 apic sep mtrr pge mca cmov pat pse36 clflush mmx fxsr sse sse2 ht syscall nx mmxext fxsr_opt pdpe1gb rdtscp lm rep_good nopl extd_apicid eagerfpu pni pclmulqdq ssse3 fma cx16 sse4_1 sse4_2 x2apic movbe popcnt aes xsave avx f16c rdrand hypervisor lahf_lm cmp_legacy cr8_legacy abm sse4a misalignsse 3dnowprefetch osvw topoext vmmcall fsgsbase bmi1 avx2 smep bmi2 rdseed adx smap clflushopt sha_ni xsaveopt xsavec xgetbv1 arat
bogomips	: 5190.24
TLB size	: 1024 4K pages
clflush size	: 64
cache_alignment	: 64
address sizes	: 48 bits physical, 48 bits virtual
power management:

processor	: 4
vendor_id	: AuthenticAMD
cpu family	: 23
model		: 49
model name	: AMD EPYC 7K62 48-Core Processor
stepping	: 0
microcode	: 0x1000065
cpu MHz		: 2595.124
cache size	: 512 KB
physical id	: 0
siblings	: 16
core id		: 2
cpu cores	: 8
apicid		: 4
initial apicid	: 4
fpu		: yes
fpu_exception	: yes
cpuid level	: 13
wp		: yes
flags		: fpu vme de pse tsc msr pae mce cx8 apic sep mtrr pge mca cmov pat pse36 clflush mmx fxsr sse sse2 ht syscall nx mmxext fxsr_opt pdpe1gb rdtscp lm rep_good nopl extd_apicid eagerfpu pni pclmulqdq ssse3 fma cx16 sse4_1 sse4_2 x2apic movbe popcnt aes xsave avx f16c rdrand hypervisor lahf_lm cmp_legacy cr8_legacy abm sse4a misalignsse 3dnowprefetch osvw topoext vmmcall fsgsbase bmi1 avx2 smep bmi2 rdseed adx smap clflushopt sha_ni xsaveopt xsavec xgetbv1 arat
bogomips	: 5190.24
TLB size	: 1024 4K pages
clflush size	: 64
cache_alignment	: 64
address sizes	: 48 bits physical, 48 bits virtual
power management:

processor	: 5
vendor_id	: AuthenticAMD
cpu family	: 23
model		: 49
model name	: AMD EPYC 7K62 48-Core Processor
stepping	: 0
microcode	: 0x1000065
cpu MHz		: 2595.124
cache size	: 512 KB
physical id	: 0
siblings	: 16
core id		: 2
cpu cores	: 8
apicid		: 5
initial apicid	: 5
fpu		: yes
fpu_exception	: yes
cpuid level	: 13
wp		: yes
flags		: fpu vme de pse tsc msr pae mce cx8 apic sep mtrr pge mca cmov pat pse36 clflush mmx fxsr sse sse2 ht syscall nx mmxext fxsr_opt pdpe1gb rdtscp lm rep_good nopl extd_apicid eagerfpu pni pclmulqdq ssse3 fma cx16 sse4_1 sse4_2 x2apic movbe popcnt aes xsave avx f16c rdrand hypervisor lahf_lm cmp_legacy cr8_legacy abm sse4a misalignsse 3dnowprefetch osvw topoext vmmcall fsgsbase bmi1 avx2 smep bmi2 rdseed adx smap clflushopt sha_ni xsaveopt xsavec xgetbv1 arat
bogomips	: 5190.24
TLB size	: 1024 4K pages
clflush size	: 64
cache_alignment	: 64
address sizes	: 48 bits physical, 48 bits virtual
power management:

processor	: 6
vendor_id	: AuthenticAMD
cpu family	: 23
model		: 49
model name	: AMD EPYC 7K62 48-Core Processor
stepping	: 0
microcode	: 0x1000065
cpu MHz		: 2595.124
cache size	: 512 KB
physical id	: 0
siblings	: 16
core id		: 3
cpu cores	: 8
apicid		: 6
initial apicid	: 6
fpu		: yes
fpu_exception	: yes
cpuid level	: 13
wp		: yes
flags		: fpu vme de pse tsc msr pae mce cx8 apic sep mtrr pge mca cmov pat pse36 clflush mmx fxsr sse sse2 ht syscall nx mmxext fxsr_opt pdpe1gb rdtscp lm rep_good nopl extd_apicid eagerfpu pni pclmulqdq ssse3 fma cx16 sse4_1 sse4_2 x2apic movbe popcnt aes xsave avx f16c rdrand hypervisor lahf_lm cmp_legacy cr8_legacy abm sse4a misalignsse 3dnowprefetch osvw topoext vmmcall fsgsbase bmi1 avx2 smep bmi2 rdseed adx smap clflushopt sha_ni xsaveopt xsavec xgetbv1 arat
bogomips	: 5190.24
TLB size	: 1024 4K pages
clflush size	: 64
cache_alignment	: 64
address sizes	: 48 bits physical, 48 bits virtual
power management:

processor	: 7
vendor_id	: AuthenticAMD
cpu family	: 23
model		: 49
model name	: AMD EPYC 7K62 48-Core Processor
stepping	: 0
microcode	: 0x1000065
cpu MHz		: 2595.124
cache size	: 512 KB
physical id	: 0
siblings	: 16
core id		: 3
cpu cores	: 8
apicid		: 7
initial apicid	: 7
fpu		: yes
fpu_exception	: yes
cpuid level	: 13
wp		: yes
flags		: fpu vme de pse tsc msr pae mce cx8 apic sep mtrr pge mca cmov pat pse36 clflush mmx fxsr sse sse2 ht syscall nx mmxext fxsr_opt pdpe1gb rdtscp lm rep_good nopl extd_apicid eagerfpu pni pclmulqdq ssse3 fma cx16 sse4_1 sse4_2 x2apic movbe popcnt aes xsave avx f16c rdrand hypervisor lahf_lm cmp_legacy cr8_legacy abm sse4a misalignsse 3dnowprefetch osvw topoext vmmcall fsgsbase bmi1 avx2 smep bmi2 rdseed adx smap clflushopt sha_ni xsaveopt xsavec xgetbv1 arat
bogomips	: 5190.24
TLB size	: 1024 4K pages
clflush size	: 64
cache_alignment	: 64
address sizes	: 48 bits physical, 48 bits virtual
power management:

processor	: 8
vendor_id	: AuthenticAMD
cpu family	: 23
model		: 49
model name	: AMD EPYC 7K62 48-Core Processor
stepping	: 0
microcode	: 0x1000065
cpu MHz		: 2595.124
cache size	: 512 KB
physical id	: 0
siblings	: 16
core id		: 4
cpu cores	: 8
apicid		: 8
initial apicid	: 8
fpu		: yes
fpu_exception	: yes
cpuid level	: 13
wp		: yes
flags		: fpu vme de pse tsc msr pae mce cx8 apic sep mtrr pge mca cmov pat pse36 clflush mmx fxsr sse sse2 ht syscall nx mmxext fxsr_opt pdpe1gb rdtscp lm rep_good nopl extd_apicid eagerfpu pni pclmulqdq ssse3 fma cx16 sse4_1 sse4_2 x2apic movbe popcnt aes xsave avx f16c rdrand hypervisor lahf_lm cmp_legacy cr8_legacy abm sse4a misalignsse 3dnowprefetch osvw topoext vmmcall fsgsbase bmi1 avx2 smep bmi2 rdseed adx smap clflushopt sha_ni xsaveopt xsavec xgetbv1 arat
bogomips	: 5190.24
TLB size	: 1024 4K pages
clflush size	: 64
cache_alignment	: 64
address sizes	: 48 bits physical, 48 bits virtual
power management:

processor	: 9
vendor_id	: AuthenticAMD
cpu family	: 23
model		: 49
model name	: AMD EPYC 7K62 48-Core Processor
stepping	: 0
microcode	: 0x1000065
cpu MHz		: 2595.124
cache size	: 512 KB
physical id	: 0
siblings	: 16
core id		: 4
cpu cores	: 8
apicid		: 9
initial apicid	: 9
fpu		: yes
fpu_exception	: yes
cpuid level	: 13
wp		: yes
flags		: fpu vme de pse tsc msr pae mce cx8 apic sep mtrr pge mca cmov pat pse36 clflush mmx fxsr sse sse2 ht syscall nx mmxext fxsr_opt pdpe1gb rdtscp lm rep_good nopl extd_apicid eagerfpu pni pclmulqdq ssse3 fma cx16 sse4_1 sse4_2 x2apic movbe popcnt aes xsave avx f16c rdrand hypervisor lahf_lm cmp_legacy cr8_legacy abm sse4a misalignsse 3dnowprefetch osvw topoext vmmcall fsgsbase bmi1 avx2 smep bmi2 rdseed adx smap clflushopt sha_ni xsaveopt xsavec xgetbv1 arat
bogomips	: 5190.24
TLB size	: 1024 4K pages
clflush size	: 64
cache_alignment	: 64
address sizes	: 48 bits physical, 48 bits virtual
power management:

processor	: 10
vendor_id	: AuthenticAMD
cpu family	: 23
model		: 49
model name	: AMD EPYC 7K62 48-Core Processor
stepping	: 0
microcode	: 0x1000065
cpu MHz		: 2595.124
cache size	: 512 KB
physical id	: 0
siblings	: 16
core id		: 5
cpu cores	: 8
apicid		: 10
initial apicid	: 10
fpu		: yes
fpu_exception	: yes
cpuid level	: 13
wp		: yes
flags		: fpu vme de pse tsc msr pae mce cx8 apic sep mtrr pge mca cmov pat pse36 clflush mmx fxsr sse sse2 ht syscall nx mmxext fxsr_opt pdpe1gb rdtscp lm rep_good nopl extd_apicid eagerfpu pni pclmulqdq ssse3 fma cx16 sse4_1 sse4_2 x2apic movbe popcnt aes xsave avx f16c rdrand hypervisor lahf_lm cmp_legacy cr8_legacy abm sse4a misalignsse 3dnowprefetch osvw topoext vmmcall fsgsbase bmi1 avx2 smep bmi2 rdseed adx smap clflushopt sha_ni xsaveopt xsavec xgetbv1 arat
bogomips	: 5190.24
TLB size	: 1024 4K pages
clflush size	: 64
cache_alignment	: 64
address sizes	: 48 bits physical, 48 bits virtual
power management:

processor	: 11
vendor_id	: AuthenticAMD
cpu family	: 23
model		: 49
model name	: AMD EPYC 7K62 48-Core Processor
stepping	: 0
microcode	: 0x1000065
cpu MHz		: 2595.124
cache size	: 512 KB
physical id	: 0
siblings	: 16
core id		: 5
cpu cores	: 8
apicid		: 11
initial apicid	: 11
fpu		: yes
fpu_exception	: yes
cpuid level	: 13
wp		: yes
flags		: fpu vme de pse tsc msr pae mce cx8 apic sep mtrr pge mca cmov pat pse36 clflush mmx fxsr sse sse2 ht syscall nx mmxext fxsr_opt pdpe1gb rdtscp lm rep_good nopl extd_apicid eagerfpu pni pclmulqdq ssse3 fma cx16 sse4_1 sse4_2 x2apic movbe popcnt aes xsave avx f16c rdrand hypervisor lahf_lm cmp_legacy cr8_legacy abm sse4a misalignsse 3dnowprefetch osvw topoext vmmcall fsgsbase bmi1 avx2 smep bmi2 rdseed adx smap clflushopt sha_ni xsaveopt xsavec xgetbv1 arat
bogomips	: 5190.24
TLB size	: 1024 4K pages
clflush size	: 64
cache_alignment	: 64
address sizes	: 48 bits physical, 48 bits virtual
power management:

processor	: 12
vendor_id	: AuthenticAMD
cpu family	: 23
model		: 49
model name	: AMD EPYC 7K62 48-Core Processor
stepping	: 0
microcode	: 0x1000065
cpu MHz		: 2595.124
cache size	: 512 KB
physical id	: 0
siblings	: 16
core id		: 6
cpu cores	: 8
apicid		: 12
initial apicid	: 12
fpu		: yes
fpu_exception	: yes
cpuid level	: 13
wp		: yes
flags		: fpu vme de pse tsc msr pae mce cx8 apic sep mtrr pge mca cmov pat pse36 clflush mmx fxsr sse sse2 ht syscall nx mmxext fxsr_opt pdpe1gb rdtscp lm rep_good nopl extd_apicid eagerfpu pni pclmulqdq ssse3 fma cx16 sse4_1 sse4_2 x2apic movbe popcnt aes xsave avx f16c rdrand hypervisor lahf_lm cmp_legacy cr8_legacy abm sse4a misalignsse 3dnowprefetch osvw topoext vmmcall fsgsbase bmi1 avx2 smep bmi2 rdseed adx smap clflushopt sha_ni xsaveopt xsavec xgetbv1 arat
bogomips	: 5190.24
TLB size	: 1024 4K pages
clflush size	: 64
cache_alignment	: 64
address sizes	: 48 bits physical, 48 bits virtual
power management:

processor	: 13
vendor_id	: AuthenticAMD
cpu family	: 23
model		: 49
model name	: AMD EPYC 7K62 48-Core Processor
stepping	: 0
microcode	: 0x1000065
cpu MHz		: 2595.124
cache size	: 512 KB
physical id	: 0
siblings	: 16
core id		: 6
cpu cores	: 8
apicid		: 13
initial apicid	: 13
fpu		: yes
fpu_exception	: yes
cpuid level	: 13
wp		: yes
flags		: fpu vme de pse tsc msr pae mce cx8 apic sep mtrr pge mca cmov pat pse36 clflush mmx fxsr sse sse2 ht syscall nx mmxext fxsr_opt pdpe1gb rdtscp lm rep_good nopl extd_apicid eagerfpu pni pclmulqdq ssse3 fma cx16 sse4_1 sse4_2 x2apic movbe popcnt aes xsave avx f16c rdrand hypervisor lahf_lm cmp_legacy cr8_legacy abm sse4a misalignsse 3dnowprefetch osvw topoext vmmcall fsgsbase bmi1 avx2 smep bmi2 rdseed adx smap clflushopt sha_ni xsaveopt xsavec xgetbv1 arat
bogomips	: 5190.24
TLB size	: 1024 4K pages
clflush size	: 64
cache_alignment	: 64
address sizes	: 48 bits physical, 48 bits virtual
power management:

processor	: 14
vendor_id	: AuthenticAMD
cpu family	: 23
model		: 49
model name	: AMD EPYC 7K62 48-Core Processor
stepping	: 0
microcode	: 0x1000065
cpu MHz		: 2595.124
cache size	: 512 KB
physical id	: 0
siblings	: 16
core id		: 7
cpu cores	: 8
apicid		: 14
initial apicid	: 14
fpu		: yes
fpu_exception	: yes
cpuid level	: 13
wp		: yes
flags		: fpu vme de pse tsc msr pae mce cx8 apic sep mtrr pge mca cmov pat pse36 clflush mmx fxsr sse sse2 ht syscall nx mmxext fxsr_opt pdpe1gb rdtscp lm rep_good nopl extd_apicid eagerfpu pni pclmulqdq ssse3 fma cx16 sse4_1 sse4_2 x2apic movbe popcnt aes xsave avx f16c rdrand hypervisor lahf_lm cmp_legacy cr8_legacy abm sse4a misalignsse 3dnowprefetch osvw topoext vmmcall fsgsbase bmi1 avx2 smep bmi2 rdseed adx smap clflushopt sha_ni xsaveopt xsavec xgetbv1 arat
bogomips	: 5190.24
TLB size	: 1024 4K pages
clflush size	: 64
cache_alignment	: 64
address sizes	: 48 bits physical, 48 bits virtual
power management:

processor	: 15
vendor_id	: AuthenticAMD
cpu family	: 23
model		: 49
model name	: AMD EPYC 7K62 48-Core Processor
stepping	: 0
microcode	: 0x1000065
cpu MHz		: 2595.124
cache size	: 512 KB
physical id	: 0
siblings	: 16
core id		: 7
cpu cores	: 8
apicid		: 15
initial apicid	: 15
fpu		: yes
fpu_exception	: yes
cpuid level	: 13
wp		: yes
flags		: fpu vme de pse tsc msr pae mce cx8 apic sep mtrr pge mca cmov pat pse36 clflush mmx fxsr sse sse2 ht syscall nx mmxext fxsr_opt pdpe1gb rdtscp lm rep_good nopl extd_apicid eagerfpu pni pclmulqdq ssse3 fma cx16 sse4_1 sse4_2 x2apic movbe popcnt aes xsave avx f16c rdrand hypervisor lahf_lm cmp_legacy cr8_legacy abm sse4a misalignsse 3dnowprefetch osvw topoext vmmcall fsgsbase bmi1 avx2 smep bmi2 rdseed adx smap clflushopt sha_ni xsaveopt xsavec xgetbv1 arat
bogomips	: 5190.24
TLB size	: 1024 4K pages
clflush size	: 64
cache_alignment	: 64
address sizes	: 48 bits physical, 48 bits virtual
power management:



Memory: 4k page, physical 32680216k(161956k free), swap 0k(0k free)

vm_info: OpenJDK 64-Bit Server VM (25.292-b2) for linux-amd64 JRE (1.8.0_292-b2), built on Jun 17 2021 08:09:31 by "root" with gcc 4.4.7 20120313 (Red Hat 4.4.7-23)

time: Wed Apr 27 15:47:49 2022
timezone: CST
elapsed time: 0.035923 seconds (0d 0h 0m 0s)

