#
# There is insufficient memory for the Java Runtime Environment to continue.
# Native memory allocation (mmap) failed to map 349700096 bytes for committing reserved memory.
# Possible reasons:
#   The system is out of physical RAM or swap space
#   The process is running with CompressedOops enabled, and the Java Heap may be blocking the growth of the native heap
# Possible solutions:
#   Reduce memory load on the system
#   Increase physical memory or swap space
#   Check if swap backing store is full
#   Decrease Java heap size (-Xmx/-Xms)
#   Decrease number of Java threads
#   Decrease Java thread stack sizes (-Xss)
#   Set larger code cache with -XX:ReservedCodeCacheSize=
# This output file may be truncated or incomplete.
#
#  Out of Memory Error (os_linux.cpp:2800), pid=16214, tid=0x00007f3cafbb8700
#
# JRE version:  (8.0_292-b02) (build )
# Java VM: OpenJDK 64-Bit Server VM (25.292-b2 mixed mode, sharing linux-amd64 compressed oops)
# Failed to write core dump. Core dumps have been disabled. To enable core dumping, try "ulimit -c unlimited" before starting Java again
#

---------------  T H R E A D  ---------------

Current thread (0x00007f3ca8009800):  JavaThread "Unknown thread" [_thread_in_vm, id=16367, stack(0x00007f3cafab8000,0x00007f3cafbb9000)]

Stack: [0x00007f3cafab8000,0x00007f3cafbb9000],  sp=0x00007f3cafbb73f0,  free space=1020k
Native frames: (J=compiled Java code, j=interpreted, Vv=VM code, C=native code)
V  [libjvm.so+0xb08edd]  VMError::report_and_die()+0x15d
V  [libjvm.so+0x4fac49]  report_vm_out_of_memory(char const*, int, unsigned long, VMErrorType, char const*)+0x99
V  [libjvm.so+0x9611d3]  os::Linux::commit_memory_impl(char*, unsigned long, bool)+0x113
V  [libjvm.so+0x9613f9]  os::pd_commit_memory(char*, unsigned long, unsigned long, bool)+0x29
V  [libjvm.so+0x95564a]  os::commit_memory(char*, unsigned long, unsigned long, bool)+0x2a
V  [libjvm.so+0x9ca95b]  PSVirtualSpace::expand_by(unsigned long)+0x6b
V  [libjvm.so+0x9ba709]  PSOldGen::initialize(ReservedSpace, unsigned long, char const*, int)+0xc9
V  [libjvm.so+0x2dbf0e]  AdjoiningGenerations::AdjoiningGenerations(ReservedSpace, GenerationSizer*, unsigned long)+0x38e
V  [libjvm.so+0x9810c3]  ParallelScavengeHeap::initialize()+0x1f3
V  [libjvm.so+0xad2e91]  Universe::initialize_heap()+0x101
V  [libjvm.so+0xad3f63]  universe_init()+0x33
V  [libjvm.so+0x648e25]  init_globals()+0x55
V  [libjvm.so+0xab6db7]  Threads::create_vm(JavaVMInitArgs*, bool*)+0x247
V  [libjvm.so+0x70c0a4]  JNI_CreateJavaVM+0x74
C  [libjli.so+0x7720]  JavaMain+0x90
C  [libpthread.so.0+0x7e25]  start_thread+0xc5


---------------  P R O C E S S  ---------------

Java Threads: ( => current thread )

Other Threads:

=>0x00007f3ca8009800 (exited) JavaThread "Unknown thread" [_thread_in_vm, id=16367, stack(0x00007f3cafab8000,0x00007f3cafbb9000)]

VM state:not at safepoint (not fully initialized)

VM Mutex/Monitor currently owned by a thread: None

heap address: 0x000000060d400000, size: 7980 MB, Compressed Oops mode: Non-zero based:0x000000060d3ff000, Oop shift amount: 3
Narrow klass base: 0x0000000000000000, Narrow klass shift: 0

GC Heap History (0 events):
No events

Deoptimization events (0 events):
No events

Classes redefined (0 events):
No events

Internal exceptions (0 events):
No events

Events (0 events):
No events


Dynamic libraries:
622180000-759c00000 ---p 00000000 00:00 0 
759c00000-764280000 rw-p 00000000 00:00 0 
764280000-800000000 ---p 00000000 00:00 0 
7f3c98e59000-7f3c99000000 rw-p 00000000 00:00 0 
7f3c99000000-7f3c99270000 rwxp 00000000 00:00 0 
7f3c99270000-7f3ca8000000 ---p 00000000 00:00 0 
7f3ca8000000-7f3ca8033000 rw-p 00000000 00:00 0 
7f3ca8033000-7f3cac000000 ---p 00000000 00:00 0 
7f3cac097000-7f3cacafb000 ---p 00000000 00:00 0 
7f3cacafb000-7f3cacb4f000 rw-p 00000000 00:00 0 
7f3cacb4f000-7f3cad02d000 ---p 00000000 00:00 0 
7f3cad02d000-7f3cad038000 rw-p 00000000 00:00 0 
7f3cad038000-7f3cad3ee000 ---p 00000000 00:00 0 
7f3cad3ee000-7f3cad409000 r-xp 00000000 fc:01 1708762                    /usr/java/TencentKona-8.0.6-292/jre/lib/amd64/libzip.so
7f3cad409000-7f3cad608000 ---p 0001b000 fc:01 1708762                    /usr/java/TencentKona-8.0.6-292/jre/lib/amd64/libzip.so
7f3cad608000-7f3cad609000 r--p 0001a000 fc:01 1708762                    /usr/java/TencentKona-8.0.6-292/jre/lib/amd64/libzip.so
7f3cad609000-7f3cad60a000 rw-p 0001b000 fc:01 1708762                    /usr/java/TencentKona-8.0.6-292/jre/lib/amd64/libzip.so
7f3cad60a000-7f3cad632000 r-xp 00000000 fc:01 1708781                    /usr/java/TencentKona-8.0.6-292/jre/lib/amd64/libjava.so
7f3cad632000-7f3cad831000 ---p 00028000 fc:01 1708781                    /usr/java/TencentKona-8.0.6-292/jre/lib/amd64/libjava.so
7f3cad831000-7f3cad832000 r--p 00027000 fc:01 1708781                    /usr/java/TencentKona-8.0.6-292/jre/lib/amd64/libjava.so
7f3cad832000-7f3cad834000 rw-p 00028000 fc:01 1708781                    /usr/java/TencentKona-8.0.6-292/jre/lib/amd64/libjava.so
7f3cad834000-7f3cad842000 r-xp 00000000 fc:01 1708790                    /usr/java/TencentKona-8.0.6-292/jre/lib/amd64/libverify.so
7f3cad842000-7f3cada41000 ---p 0000e000 fc:01 1708790                    /usr/java/TencentKona-8.0.6-292/jre/lib/amd64/libverify.so
7f3cada41000-7f3cada43000 r--p 0000d000 fc:01 1708790                    /usr/java/TencentKona-8.0.6-292/jre/lib/amd64/libverify.so
7f3cada43000-7f3cada44000 rw-p 0000f000 fc:01 1708790                    /usr/java/TencentKona-8.0.6-292/jre/lib/amd64/libverify.so
7f3cada44000-7f3cada4b000 r-xp 00000000 fc:01 25779                      /usr/lib64/librt-2.17.so
7f3cada4b000-7f3cadc4a000 ---p 00007000 fc:01 25779                      /usr/lib64/librt-2.17.so
7f3cadc4a000-7f3cadc4b000 r--p 00006000 fc:01 25779                      /usr/lib64/librt-2.17.so
7f3cadc4b000-7f3cadc4c000 rw-p 00007000 fc:01 25779                      /usr/lib64/librt-2.17.so
7f3cadc4c000-7f3cadd4d000 r-xp 00000000 fc:01 25499                      /usr/lib64/libm-2.17.so
7f3cadd4d000-7f3cadf4c000 ---p 00101000 fc:01 25499                      /usr/lib64/libm-2.17.so
7f3cadf4c000-7f3cadf4d000 r--p 00100000 fc:01 25499                      /usr/lib64/libm-2.17.so
7f3cadf4d000-7f3cadf4e000 rw-p 00101000 fc:01 25499                      /usr/lib64/libm-2.17.so
7f3cadf4e000-7f3caec83000 r-xp 00000000 fc:01 1708779                    /usr/java/TencentKona-8.0.6-292/jre/lib/amd64/server/libjvm.so
7f3caec83000-7f3caee82000 ---p 00d35000 fc:01 1708779                    /usr/java/TencentKona-8.0.6-292/jre/lib/amd64/server/libjvm.so
7f3caee82000-7f3caef2f000 r--p 00d34000 fc:01 1708779                    /usr/java/TencentKona-8.0.6-292/jre/lib/amd64/server/libjvm.so
7f3caef2f000-7f3caef58000 rw-p 00de1000 fc:01 1708779                    /usr/java/TencentKona-8.0.6-292/jre/lib/amd64/server/libjvm.so
7f3caef58000-7f3caef9d000 rw-p 00000000 00:00 0 
7f3caef9d000-7f3caf157000 r-xp 00000000 fc:01 25054                      /usr/lib64/libc-2.17.so
7f3caf157000-7f3caf356000 ---p 001ba000 fc:01 25054                      /usr/lib64/libc-2.17.so
7f3caf356000-7f3caf35a000 r--p 001b9000 fc:01 25054                      /usr/lib64/libc-2.17.so
7f3caf35a000-7f3caf35c000 rw-p 001bd000 fc:01 25054                      /usr/lib64/libc-2.17.so
7f3caf35c000-7f3caf361000 rw-p 00000000 00:00 0 
7f3caf361000-7f3caf363000 r-xp 00000000 fc:01 25150                      /usr/lib64/libdl-2.17.so
7f3caf363000-7f3caf563000 ---p 00002000 fc:01 25150                      /usr/lib64/libdl-2.17.so
7f3caf563000-7f3caf564000 r--p 00002000 fc:01 25150                      /usr/lib64/libdl-2.17.so
7f3caf564000-7f3caf565000 rw-p 00003000 fc:01 25150                      /usr/lib64/libdl-2.17.so
7f3caf565000-7f3caf57b000 r-xp 00000000 fc:01 1709206                    /usr/java/TencentKona-8.0.6-292/lib/amd64/jli/libjli.so
7f3caf57b000-7f3caf77a000 ---p 00016000 fc:01 1709206                    /usr/java/TencentKona-8.0.6-292/lib/amd64/jli/libjli.so
7f3caf77a000-7f3caf77b000 r--p 00015000 fc:01 1709206                    /usr/java/TencentKona-8.0.6-292/lib/amd64/jli/libjli.so
7f3caf77b000-7f3caf77c000 rw-p 00016000 fc:01 1709206                    /usr/java/TencentKona-8.0.6-292/lib/amd64/jli/libjli.so
7f3caf77c000-7f3caf793000 r-xp 00000000 fc:01 25734                      /usr/lib64/libpthread-2.17.so
7f3caf793000-7f3caf992000 ---p 00017000 fc:01 25734                      /usr/lib64/libpthread-2.17.so
7f3caf992000-7f3caf993000 r--p 00016000 fc:01 25734                      /usr/lib64/libpthread-2.17.so
7f3caf993000-7f3caf994000 rw-p 00017000 fc:01 25734                      /usr/lib64/libpthread-2.17.so
7f3caf994000-7f3caf998000 rw-p 00000000 00:00 0 
7f3caf998000-7f3caf9b9000 r-xp 00000000 fc:01 24864                      /usr/lib64/ld-2.17.so
7f3caf9c0000-7f3cafab8000 rw-p 00000000 00:00 0 
7f3cafab8000-7f3cafabb000 ---p 00000000 00:00 0 
7f3cafabb000-7f3cafbb9000 rw-p 00000000 00:00 0                          [stack:16367]
7f3cafbb9000-7f3cafbba000 r--p 00021000 fc:01 24864                      /usr/lib64/ld-2.17.so
7f3cafbba000-7f3cafbbb000 rw-p 00022000 fc:01 24864                      /usr/lib64/ld-2.17.so
7f3cafbbb000-7f3cafbbc000 rw-p 00000000 00:00 0 
7f3cafbbc000-7f3cafbbd000 r-xp 00000000 fc:01 1708985                    /usr/java/TencentKona-8.0.6-292/bin/java
7f3cafc69000-7f3cafc9e000 r--s 00000000 fc:01 5616                       /var/db/nscd/passwd
7f3cafc9e000-7f3cafca2000 rw-p 00000000 00:00 0 
7f3cafca7000-7f3cafcaa000 rw-p 00000000 00:00 0 
7f3cafcaa000-7f3cafcb2000 rw-s 00000000 fc:01 3673542                    /tmp/hsperfdata_root/16214
7f3cafcb2000-7f3cafcb3000 rw-p 00000000 00:00 0 
7f3cafcb3000-7f3cafcb4000 r--p 00000000 00:00 0 
7f3cafcb4000-7f3cafcb7000 r-xp 00000000 fc:01 25620                      /usr/lib64/libonion_security.so.1.0.19
7f3cafcb7000-7f3cafdb7000 ---p 00003000 fc:01 25620                      /usr/lib64/libonion_security.so.1.0.19
7f3cafdb7000-7f3cafdb8000 rw-p 00003000 fc:01 25620                      /usr/lib64/libonion_security.so.1.0.19
7f3cafdb8000-7f3cafdbc000 rw-p 00000000 00:00 0 
7f3cafdbc000-7f3cafdbd000 r--p 00000000 fc:01 1708985                    /usr/java/TencentKona-8.0.6-292/bin/java
7f3cafdbd000-7f3cafdbe000 rw-p 00001000 fc:01 1708985                    /usr/java/TencentKona-8.0.6-292/bin/java
7f3cb0e9c000-7f3cb0ebd000 rw-p 00000000 00:00 0                          [heap]
7ffe4af59000-7ffe4af7b000 rw-p 00000000 00:00 0                          [stack]
7ffe4afc7000-7ffe4afc9000 r-xp 00000000 00:00 0                          [vdso]
ffffffffff600000-ffffffffff601000 r-xp 00000000 00:00 0                  [vsyscall]

VM Arguments:
jvm_args: -Dlog.file=/root/dannylian/code/ds2/workspace/flink-1.4.1-instrumented/flink-1.4.1/flink-dist/target/flink-1.4.1-bin/flink-1.4.1/log/flink-root-client-VM-56-161-centos.log -Dlog4j.configuration=file:/root/dannylian/code/ds2/workspace/flink-1.4.1-instrumented/flink-1.4.1/flink-dist/target/flink-1.4.1-bin/flink-1.4.1/conf/log4j-cli.properties -Dlogback.configurationFile=file:/root/dannylian/code/ds2/workspace/flink-1.4.1-instrumented/flink-1.4.1/flink-dist/target/flink-1.4.1-bin/flink-1.4.1/conf/logback.xml 
java_command: org.apache.flink.client.CliFrontend run -d -s /root/dannylian/code/ds2/savepoints/savepoint-61dc5e-e7caad5a3404 --class ch.ethz.systems.strymon.ds2.flink.wordcount.StatefulWordCount /root/dannylian/code/ds2/flink-examples/experiment1/flink-examples-experiment1-source-1000000-jar-with-dependencies.jar --p1 1 --p2 14 --p3 11
java_class_path (initial): :/root/dannylian/code/ds2/workspace/flink-1.4.1-instrumented/flink-1.4.1/flink-dist/target/flink-1.4.1-bin/flink-1.4.1/lib/flink-dist_2.11-1.4.1.jar:/root/dannylian/code/ds2/workspace/flink-1.4.1-instrumented/flink-1.4.1/flink-dist/target/flink-1.4.1-bin/flink-1.4.1/lib/flink-python_2.11-1.4.1.jar:/root/dannylian/code/ds2/workspace/flink-1.4.1-instrumented/flink-1.4.1/flink-dist/target/flink-1.4.1-bin/flink-1.4.1/lib/flink-shaded-hadoop2-uber-1.4.1.jar:/root/dannylian/code/ds2/workspace/flink-1.4.1-instrumented/flink-1.4.1/flink-dist/target/flink-1.4.1-bin/flink-1.4.1/lib/log4j-1.2.17.jar:/root/dannylian/code/ds2/workspace/flink-1.4.1-instrumented/flink-1.4.1/flink-dist/target/flink-1.4.1-bin/flink-1.4.1/lib/slf4j-log4j12-1.7.7.jar:::
Launcher Type: SUN_STANDARD

Environment Variables:
CLASSPATH=/usr/java/TencentKona-8.0.6-292/lib/tools.jar:/usr/java/TencentKona-8.0.6-292/lib/dt.jar:/usr/java/TencentKona-8.0.6-292/lib
PATH=/root/.cargo/bin:/root/.cargo/bin:/bin:/usr/maven/apache-maven-3.6.3/bin:/usr/java/TencentKona-8.0.6-292/bin:/usr/local/sbin:/usr/local/bin:/usr/sbin:/usr/bin:/usr/local/go/bin:/root/go/bin:/root/.ft:/root/bin
LD_LIBRARY_PATH=/root/dannylian/code/ds2/controller/target/release/deps:/root/dannylian/code/ds2/controller/target/release:/root/.rustup/toolchains/stable-x86_64-unknown-linux-gnu/lib/rustlib/x86_64-unknown-linux-gnu/lib:/root/.rustup/toolchains/stable-x86_64-unknown-linux-gnu/lib
SHELL=/bin/bash

Signal Handlers:
SIGSEGV: [libjvm.so+0xb09d60], sa_mask[0]=11111111011111111101111111111110, sa_flags=SA_RESTART|SA_SIGINFO
SIGBUS: [libjvm.so+0xb09d60], sa_mask[0]=11111111011111111101111111111110, sa_flags=SA_RESTART|SA_SIGINFO
SIGFPE: [libjvm.so+0x95a8f0], sa_mask[0]=11111111011111111101111111111110, sa_flags=SA_RESTART|SA_SIGINFO
SIGPIPE: [libjvm.so+0x95a8f0], sa_mask[0]=11111111011111111101111111111110, sa_flags=SA_RESTART|SA_SIGINFO
SIGXFSZ: [libjvm.so+0x95a8f0], sa_mask[0]=11111111011111111101111111111110, sa_flags=SA_RESTART|SA_SIGINFO
SIGILL: [libjvm.so+0x95a8f0], sa_mask[0]=11111111011111111101111111111110, sa_flags=SA_RESTART|SA_SIGINFO
SIGUSR1: SIG_DFL, sa_mask[0]=00000000000000000000000000000000, sa_flags=none
SIGUSR2: [libjvm.so+0x95c150], sa_mask[0]=00000000000000000000000000000000, sa_flags=SA_RESTART|SA_SIGINFO
SIGHUP: SIG_IGN, sa_mask[0]=00000000000000000000000000000000, sa_flags=none
SIGINT: SIG_IGN, sa_mask[0]=00000000000000000000000000000000, sa_flags=none
SIGTERM: SIG_DFL, sa_mask[0]=00000000000000000000000000000000, sa_flags=none
SIGQUIT: SIG_IGN, sa_mask[0]=00000000000000000000000000000000, sa_flags=none


---------------  S Y S T E M  ---------------

OS:CentOS Linux release 7.2 (Final)

uname:Linux 3.10.107-1-tlinux2_kvm_guest-0049 #1 SMP Tue Jul 30 23:46:29 CST 2019 x86_64
libc:glibc 2.17 NPTL 2.17 
rlimit: STACK 8192k, CORE 0k, NPROC 127576, NOFILE 1000000, AS infinity
load average:11.55 7.26 7.01

/proc/meminfo:
MemTotal:       32680216 kB
MemFree:          340296 kB
MemAvailable:     409644 kB
Buffers:            9388 kB
Cached:           113860 kB
SwapCached:            0 kB
Active:         31620200 kB
Inactive:          67784 kB
Active(anon):   31566984 kB
Inactive(anon):    20852 kB
Active(file):      53216 kB
Inactive(file):    46932 kB
Unevictable:           0 kB
Mlocked:               0 kB
SwapTotal:             0 kB
SwapFree:              0 kB
Dirty:              6416 kB
Writeback:             0 kB
AnonPages:      31565692 kB
Mapped:            44748 kB
Shmem:             22160 kB
Slab:             139108 kB
SReclaimable:      52608 kB
SUnreclaim:        86500 kB
KernelStack:       69408 kB
PageTables:       106008 kB
NFS_Unstable:          0 kB
Bounce:                0 kB
WritebackTmp:          0 kB
CommitLimit:    16340108 kB
Committed_AS:   39494344 kB
VmallocTotal:   34359738367 kB
VmallocUsed:      156612 kB
VmallocChunk:   34359579612 kB
HardwareCorrupted:     0 kB
AnonHugePages:         0 kB
HugePages_Total:       0
HugePages_Free:        0
HugePages_Rsvd:        0
HugePages_Surp:        0
Hugepagesize:       2048 kB
DirectMap4k:       94064 kB
DirectMap2M:     3051520 kB
DirectMap1G:    32505856 kB


CPU:total 16 (initial active 16) (16 cores per cpu, 1 threads per core) family 23 model 49 stepping 0, cmov, cx8, fxsr, mmx, sse, sse2, sse3, ssse3, sse4.1, sse4.2, popcnt, avx, avx2, aes, clmul, mmxext, 3dnowpref, lzcnt, sse4a, tsc, bmi1

/proc/cpuinfo:
processor	: 0
vendor_id	: AuthenticAMD
cpu family	: 23
model		: 49
model name	: AMD EPYC 7K62 48-Core Processor
stepping	: 0
microcode	: 0x1000065
cpu MHz		: 2595.124
cache size	: 512 KB
physical id	: 0
siblings	: 16
core id		: 0
cpu cores	: 8
apicid		: 0
initial apicid	: 0
fpu		: yes
fpu_exception	: yes
cpuid level	: 13
wp		: yes
flags		: fpu vme de pse tsc msr pae mce cx8 apic sep mtrr pge mca cmov pat pse36 clflush mmx fxsr sse sse2 ht syscall nx mmxext fxsr_opt pdpe1gb rdtscp lm rep_good nopl extd_apicid eagerfpu pni pclmulqdq ssse3 fma cx16 sse4_1 sse4_2 x2apic movbe popcnt aes xsave avx f16c rdrand hypervisor lahf_lm cmp_legacy cr8_legacy abm sse4a misalignsse 3dnowprefetch osvw topoext vmmcall fsgsbase bmi1 avx2 smep bmi2 rdseed adx smap clflushopt sha_ni xsaveopt xsavec xgetbv1 arat
bogomips	: 5190.24
TLB size	: 1024 4K pages
clflush size	: 64
cache_alignment	: 64
address sizes	: 48 bits physical, 48 bits virtual
power management:

processor	: 1
vendor_id	: AuthenticAMD
cpu family	: 23
model		: 49
model name	: AMD EPYC 7K62 48-Core Processor
stepping	: 0
microcode	: 0x1000065
cpu MHz		: 2595.124
cache size	: 512 KB
physical id	: 0
siblings	: 16
core id		: 0
cpu cores	: 8
apicid		: 1
initial apicid	: 1
fpu		: yes
fpu_exception	: yes
cpuid level	: 13
wp		: yes
flags		: fpu vme de pse tsc msr pae mce cx8 apic sep mtrr pge mca cmov pat pse36 clflush mmx fxsr sse sse2 ht syscall nx mmxext fxsr_opt pdpe1gb rdtscp lm rep_good nopl extd_apicid eagerfpu pni pclmulqdq ssse3 fma cx16 sse4_1 sse4_2 x2apic movbe popcnt aes xsave avx f16c rdrand hypervisor lahf_lm cmp_legacy cr8_legacy abm sse4a misalignsse 3dnowprefetch osvw topoext vmmcall fsgsbase bmi1 avx2 smep bmi2 rdseed adx smap clflushopt sha_ni xsaveopt xsavec xgetbv1 arat
bogomips	: 5190.24
TLB size	: 1024 4K pages
clflush size	: 64
cache_alignment	: 64
address sizes	: 48 bits physical, 48 bits virtual
power management:

processor	: 2
vendor_id	: AuthenticAMD
cpu family	: 23
model		: 49
model name	: AMD EPYC 7K62 48-Core Processor
stepping	: 0
microcode	: 0x1000065
cpu MHz		: 2595.124
cache size	: 512 KB
physical id	: 0
siblings	: 16
core id		: 1
cpu cores	: 8
apicid		: 2
initial apicid	: 2
fpu		: yes
fpu_exception	: yes
cpuid level	: 13
wp		: yes
flags		: fpu vme de pse tsc msr pae mce cx8 apic sep mtrr pge mca cmov pat pse36 clflush mmx fxsr sse sse2 ht syscall nx mmxext fxsr_opt pdpe1gb rdtscp lm rep_good nopl extd_apicid eagerfpu pni pclmulqdq ssse3 fma cx16 sse4_1 sse4_2 x2apic movbe popcnt aes xsave avx f16c rdrand hypervisor lahf_lm cmp_legacy cr8_legacy abm sse4a misalignsse 3dnowprefetch osvw topoext vmmcall fsgsbase bmi1 avx2 smep bmi2 rdseed adx smap clflushopt sha_ni xsaveopt xsavec xgetbv1 arat
bogomips	: 5190.24
TLB size	: 1024 4K pages
clflush size	: 64
cache_alignment	: 64
address sizes	: 48 bits physical, 48 bits virtual
power management:

processor	: 3
vendor_id	: AuthenticAMD
cpu family	: 23
model		: 49
model name	: AMD EPYC 7K62 48-Core Processor
stepping	: 0
microcode	: 0x1000065
cpu MHz		: 2595.124
cache size	: 512 KB
physical id	: 0
siblings	: 16
core id		: 1
cpu cores	: 8
apicid		: 3
initial apicid	: 3
fpu		: yes
fpu_exception	: yes
cpuid level	: 13
wp		: yes
flags		: fpu vme de pse tsc msr pae mce cx8 apic sep mtrr pge mca cmov pat pse36 clflush mmx fxsr sse sse2 ht syscall nx mmxext fxsr_opt pdpe1gb rdtscp lm rep_good nopl extd_apicid eagerfpu pni pclmulqdq ssse3 fma cx16 sse4_1 sse4_2 x2apic movbe popcnt aes xsave avx f16c rdrand hypervisor lahf_lm cmp_legacy cr8_legacy abm sse4a misalignsse 3dnowprefetch osvw topoext vmmcall fsgsbase bmi1 avx2 smep bmi2 rdseed adx smap clflushopt sha_ni xsaveopt xsavec xgetbv1 arat
bogomips	: 5190.24
TLB size	: 1024 4K pages
clflush size	: 64
cache_alignment	: 64
address sizes	: 48 bits physical, 48 bits virtual
power management:

processor	: 4
vendor_id	: AuthenticAMD
cpu family	: 23
model		: 49
model name	: AMD EPYC 7K62 48-Core Processor
stepping	: 0
microcode	: 0x1000065
cpu MHz		: 2595.124
cache size	: 512 KB
physical id	: 0
siblings	: 16
core id		: 2
cpu cores	: 8
apicid		: 4
initial apicid	: 4
fpu		: yes
fpu_exception	: yes
cpuid level	: 13
wp		: yes
flags		: fpu vme de pse tsc msr pae mce cx8 apic sep mtrr pge mca cmov pat pse36 clflush mmx fxsr sse sse2 ht syscall nx mmxext fxsr_opt pdpe1gb rdtscp lm rep_good nopl extd_apicid eagerfpu pni pclmulqdq ssse3 fma cx16 sse4_1 sse4_2 x2apic movbe popcnt aes xsave avx f16c rdrand hypervisor lahf_lm cmp_legacy cr8_legacy abm sse4a misalignsse 3dnowprefetch osvw topoext vmmcall fsgsbase bmi1 avx2 smep bmi2 rdseed adx smap clflushopt sha_ni xsaveopt xsavec xgetbv1 arat
bogomips	: 5190.24
TLB size	: 1024 4K pages
clflush size	: 64
cache_alignment	: 64
address sizes	: 48 bits physical, 48 bits virtual
power management:

processor	: 5
vendor_id	: AuthenticAMD
cpu family	: 23
model		: 49
model name	: AMD EPYC 7K62 48-Core Processor
stepping	: 0
microcode	: 0x1000065
cpu MHz		: 2595.124
cache size	: 512 KB
physical id	: 0
siblings	: 16
core id		: 2
cpu cores	: 8
apicid		: 5
initial apicid	: 5
fpu		: yes
fpu_exception	: yes
cpuid level	: 13
wp		: yes
flags		: fpu vme de pse tsc msr pae mce cx8 apic sep mtrr pge mca cmov pat pse36 clflush mmx fxsr sse sse2 ht syscall nx mmxext fxsr_opt pdpe1gb rdtscp lm rep_good nopl extd_apicid eagerfpu pni pclmulqdq ssse3 fma cx16 sse4_1 sse4_2 x2apic movbe popcnt aes xsave avx f16c rdrand hypervisor lahf_lm cmp_legacy cr8_legacy abm sse4a misalignsse 3dnowprefetch osvw topoext vmmcall fsgsbase bmi1 avx2 smep bmi2 rdseed adx smap clflushopt sha_ni xsaveopt xsavec xgetbv1 arat
bogomips	: 5190.24
TLB size	: 1024 4K pages
clflush size	: 64
cache_alignment	: 64
address sizes	: 48 bits physical, 48 bits virtual
power management:

processor	: 6
vendor_id	: AuthenticAMD
cpu family	: 23
model		: 49
model name	: AMD EPYC 7K62 48-Core Processor
stepping	: 0
microcode	: 0x1000065
cpu MHz		: 2595.124
cache size	: 512 KB
physical id	: 0
siblings	: 16
core id		: 3
cpu cores	: 8
apicid		: 6
initial apicid	: 6
fpu		: yes
fpu_exception	: yes
cpuid level	: 13
wp		: yes
flags		: fpu vme de pse tsc msr pae mce cx8 apic sep mtrr pge mca cmov pat pse36 clflush mmx fxsr sse sse2 ht syscall nx mmxext fxsr_opt pdpe1gb rdtscp lm rep_good nopl extd_apicid eagerfpu pni pclmulqdq ssse3 fma cx16 sse4_1 sse4_2 x2apic movbe popcnt aes xsave avx f16c rdrand hypervisor lahf_lm cmp_legacy cr8_legacy abm sse4a misalignsse 3dnowprefetch osvw topoext vmmcall fsgsbase bmi1 avx2 smep bmi2 rdseed adx smap clflushopt sha_ni xsaveopt xsavec xgetbv1 arat
bogomips	: 5190.24
TLB size	: 1024 4K pages
clflush size	: 64
cache_alignment	: 64
address sizes	: 48 bits physical, 48 bits virtual
power management:

processor	: 7
vendor_id	: AuthenticAMD
cpu family	: 23
model		: 49
model name	: AMD EPYC 7K62 48-Core Processor
stepping	: 0
microcode	: 0x1000065
cpu MHz		: 2595.124
cache size	: 512 KB
physical id	: 0
siblings	: 16
core id		: 3
cpu cores	: 8
apicid		: 7
initial apicid	: 7
fpu		: yes
fpu_exception	: yes
cpuid level	: 13
wp		: yes
flags		: fpu vme de pse tsc msr pae mce cx8 apic sep mtrr pge mca cmov pat pse36 clflush mmx fxsr sse sse2 ht syscall nx mmxext fxsr_opt pdpe1gb rdtscp lm rep_good nopl extd_apicid eagerfpu pni pclmulqdq ssse3 fma cx16 sse4_1 sse4_2 x2apic movbe popcnt aes xsave avx f16c rdrand hypervisor lahf_lm cmp_legacy cr8_legacy abm sse4a misalignsse 3dnowprefetch osvw topoext vmmcall fsgsbase bmi1 avx2 smep bmi2 rdseed adx smap clflushopt sha_ni xsaveopt xsavec xgetbv1 arat
bogomips	: 5190.24
TLB size	: 1024 4K pages
clflush size	: 64
cache_alignment	: 64
address sizes	: 48 bits physical, 48 bits virtual
power management:

processor	: 8
vendor_id	: AuthenticAMD
cpu family	: 23
model		: 49
model name	: AMD EPYC 7K62 48-Core Processor
stepping	: 0
microcode	: 0x1000065
cpu MHz		: 2595.124
cache size	: 512 KB
physical id	: 0
siblings	: 16
core id		: 4
cpu cores	: 8
apicid		: 8
initial apicid	: 8
fpu		: yes
fpu_exception	: yes
cpuid level	: 13
wp		: yes
flags		: fpu vme de pse tsc msr pae mce cx8 apic sep mtrr pge mca cmov pat pse36 clflush mmx fxsr sse sse2 ht syscall nx mmxext fxsr_opt pdpe1gb rdtscp lm rep_good nopl extd_apicid eagerfpu pni pclmulqdq ssse3 fma cx16 sse4_1 sse4_2 x2apic movbe popcnt aes xsave avx f16c rdrand hypervisor lahf_lm cmp_legacy cr8_legacy abm sse4a misalignsse 3dnowprefetch osvw topoext vmmcall fsgsbase bmi1 avx2 smep bmi2 rdseed adx smap clflushopt sha_ni xsaveopt xsavec xgetbv1 arat
bogomips	: 5190.24
TLB size	: 1024 4K pages
clflush size	: 64
cache_alignment	: 64
address sizes	: 48 bits physical, 48 bits virtual
power management:

processor	: 9
vendor_id	: AuthenticAMD
cpu family	: 23
model		: 49
model name	: AMD EPYC 7K62 48-Core Processor
stepping	: 0
microcode	: 0x1000065
cpu MHz		: 2595.124
cache size	: 512 KB
physical id	: 0
siblings	: 16
core id		: 4
cpu cores	: 8
apicid		: 9
initial apicid	: 9
fpu		: yes
fpu_exception	: yes
cpuid level	: 13
wp		: yes
flags		: fpu vme de pse tsc msr pae mce cx8 apic sep mtrr pge mca cmov pat pse36 clflush mmx fxsr sse sse2 ht syscall nx mmxext fxsr_opt pdpe1gb rdtscp lm rep_good nopl extd_apicid eagerfpu pni pclmulqdq ssse3 fma cx16 sse4_1 sse4_2 x2apic movbe popcnt aes xsave avx f16c rdrand hypervisor lahf_lm cmp_legacy cr8_legacy abm sse4a misalignsse 3dnowprefetch osvw topoext vmmcall fsgsbase bmi1 avx2 smep bmi2 rdseed adx smap clflushopt sha_ni xsaveopt xsavec xgetbv1 arat
bogomips	: 5190.24
TLB size	: 1024 4K pages
clflush size	: 64
cache_alignment	: 64
address sizes	: 48 bits physical, 48 bits virtual
power management:

processor	: 10
vendor_id	: AuthenticAMD
cpu family	: 23
model		: 49
model name	: AMD EPYC 7K62 48-Core Processor
stepping	: 0
microcode	: 0x1000065
cpu MHz		: 2595.124
cache size	: 512 KB
physical id	: 0
siblings	: 16
core id		: 5
cpu cores	: 8
apicid		: 10
initial apicid	: 10
fpu		: yes
fpu_exception	: yes
cpuid level	: 13
wp		: yes
flags		: fpu vme de pse tsc msr pae mce cx8 apic sep mtrr pge mca cmov pat pse36 clflush mmx fxsr sse sse2 ht syscall nx mmxext fxsr_opt pdpe1gb rdtscp lm rep_good nopl extd_apicid eagerfpu pni pclmulqdq ssse3 fma cx16 sse4_1 sse4_2 x2apic movbe popcnt aes xsave avx f16c rdrand hypervisor lahf_lm cmp_legacy cr8_legacy abm sse4a misalignsse 3dnowprefetch osvw topoext vmmcall fsgsbase bmi1 avx2 smep bmi2 rdseed adx smap clflushopt sha_ni xsaveopt xsavec xgetbv1 arat
bogomips	: 5190.24
TLB size	: 1024 4K pages
clflush size	: 64
cache_alignment	: 64
address sizes	: 48 bits physical, 48 bits virtual
power management:

processor	: 11
vendor_id	: AuthenticAMD
cpu family	: 23
model		: 49
model name	: AMD EPYC 7K62 48-Core Processor
stepping	: 0
microcode	: 0x1000065
cpu MHz		: 2595.124
cache size	: 512 KB
physical id	: 0
siblings	: 16
core id		: 5
cpu cores	: 8
apicid		: 11
initial apicid	: 11
fpu		: yes
fpu_exception	: yes
cpuid level	: 13
wp		: yes
flags		: fpu vme de pse tsc msr pae mce cx8 apic sep mtrr pge mca cmov pat pse36 clflush mmx fxsr sse sse2 ht syscall nx mmxext fxsr_opt pdpe1gb rdtscp lm rep_good nopl extd_apicid eagerfpu pni pclmulqdq ssse3 fma cx16 sse4_1 sse4_2 x2apic movbe popcnt aes xsave avx f16c rdrand hypervisor lahf_lm cmp_legacy cr8_legacy abm sse4a misalignsse 3dnowprefetch osvw topoext vmmcall fsgsbase bmi1 avx2 smep bmi2 rdseed adx smap clflushopt sha_ni xsaveopt xsavec xgetbv1 arat
bogomips	: 5190.24
TLB size	: 1024 4K pages
clflush size	: 64
cache_alignment	: 64
address sizes	: 48 bits physical, 48 bits virtual
power management:

processor	: 12
vendor_id	: AuthenticAMD
cpu family	: 23
model		: 49
model name	: AMD EPYC 7K62 48-Core Processor
stepping	: 0
microcode	: 0x1000065
cpu MHz		: 2595.124
cache size	: 512 KB
physical id	: 0
siblings	: 16
core id		: 6
cpu cores	: 8
apicid		: 12
initial apicid	: 12
fpu		: yes
fpu_exception	: yes
cpuid level	: 13
wp		: yes
flags		: fpu vme de pse tsc msr pae mce cx8 apic sep mtrr pge mca cmov pat pse36 clflush mmx fxsr sse sse2 ht syscall nx mmxext fxsr_opt pdpe1gb rdtscp lm rep_good nopl extd_apicid eagerfpu pni pclmulqdq ssse3 fma cx16 sse4_1 sse4_2 x2apic movbe popcnt aes xsave avx f16c rdrand hypervisor lahf_lm cmp_legacy cr8_legacy abm sse4a misalignsse 3dnowprefetch osvw topoext vmmcall fsgsbase bmi1 avx2 smep bmi2 rdseed adx smap clflushopt sha_ni xsaveopt xsavec xgetbv1 arat
bogomips	: 5190.24
TLB size	: 1024 4K pages
clflush size	: 64
cache_alignment	: 64
address sizes	: 48 bits physical, 48 bits virtual
power management:

processor	: 13
vendor_id	: AuthenticAMD
cpu family	: 23
model		: 49
model name	: AMD EPYC 7K62 48-Core Processor
stepping	: 0
microcode	: 0x1000065
cpu MHz		: 2595.124
cache size	: 512 KB
physical id	: 0
siblings	: 16
core id		: 6
cpu cores	: 8
apicid		: 13
initial apicid	: 13
fpu		: yes
fpu_exception	: yes
cpuid level	: 13
wp		: yes
flags		: fpu vme de pse tsc msr pae mce cx8 apic sep mtrr pge mca cmov pat pse36 clflush mmx fxsr sse sse2 ht syscall nx mmxext fxsr_opt pdpe1gb rdtscp lm rep_good nopl extd_apicid eagerfpu pni pclmulqdq ssse3 fma cx16 sse4_1 sse4_2 x2apic movbe popcnt aes xsave avx f16c rdrand hypervisor lahf_lm cmp_legacy cr8_legacy abm sse4a misalignsse 3dnowprefetch osvw topoext vmmcall fsgsbase bmi1 avx2 smep bmi2 rdseed adx smap clflushopt sha_ni xsaveopt xsavec xgetbv1 arat
bogomips	: 5190.24
TLB size	: 1024 4K pages
clflush size	: 64
cache_alignment	: 64
address sizes	: 48 bits physical, 48 bits virtual
power management:

processor	: 14
vendor_id	: AuthenticAMD
cpu family	: 23
model		: 49
model name	: AMD EPYC 7K62 48-Core Processor
stepping	: 0
microcode	: 0x1000065
cpu MHz		: 2595.124
cache size	: 512 KB
physical id	: 0
siblings	: 16
core id		: 7
cpu cores	: 8
apicid		: 14
initial apicid	: 14
fpu		: yes
fpu_exception	: yes
cpuid level	: 13
wp		: yes
flags		: fpu vme de pse tsc msr pae mce cx8 apic sep mtrr pge mca cmov pat pse36 clflush mmx fxsr sse sse2 ht syscall nx mmxext fxsr_opt pdpe1gb rdtscp lm rep_good nopl extd_apicid eagerfpu pni pclmulqdq ssse3 fma cx16 sse4_1 sse4_2 x2apic movbe popcnt aes xsave avx f16c rdrand hypervisor lahf_lm cmp_legacy cr8_legacy abm sse4a misalignsse 3dnowprefetch osvw topoext vmmcall fsgsbase bmi1 avx2 smep bmi2 rdseed adx smap clflushopt sha_ni xsaveopt xsavec xgetbv1 arat
bogomips	: 5190.24
TLB size	: 1024 4K pages
clflush size	: 64
cache_alignment	: 64
address sizes	: 48 bits physical, 48 bits virtual
power management:

processor	: 15
vendor_id	: AuthenticAMD
cpu family	: 23
model		: 49
model name	: AMD EPYC 7K62 48-Core Processor
stepping	: 0
microcode	: 0x1000065
cpu MHz		: 2595.124
cache size	: 512 KB
physical id	: 0
siblings	: 16
core id		: 7
cpu cores	: 8
apicid		: 15
initial apicid	: 15
fpu		: yes
fpu_exception	: yes
cpuid level	: 13
wp		: yes
flags		: fpu vme de pse tsc msr pae mce cx8 apic sep mtrr pge mca cmov pat pse36 clflush mmx fxsr sse sse2 ht syscall nx mmxext fxsr_opt pdpe1gb rdtscp lm rep_good nopl extd_apicid eagerfpu pni pclmulqdq ssse3 fma cx16 sse4_1 sse4_2 x2apic movbe popcnt aes xsave avx f16c rdrand hypervisor lahf_lm cmp_legacy cr8_legacy abm sse4a misalignsse 3dnowprefetch osvw topoext vmmcall fsgsbase bmi1 avx2 smep bmi2 rdseed adx smap clflushopt sha_ni xsaveopt xsavec xgetbv1 arat
bogomips	: 5190.24
TLB size	: 1024 4K pages
clflush size	: 64
cache_alignment	: 64
address sizes	: 48 bits physical, 48 bits virtual
power management:



Memory: 4k page, physical 32680216k(340296k free), swap 0k(0k free)

vm_info: OpenJDK 64-Bit Server VM (25.292-b2) for linux-amd64 JRE (1.8.0_292-b2), built on Jun 17 2021 08:09:31 by "root" with gcc 4.4.7 20120313 (Red Hat 4.4.7-23)

time: Tue Mar 29 08:12:51 2022
timezone: CST
elapsed time: 0.060252 seconds (0d 0h 0m 0s)

