#
# There is insufficient memory for the Java Runtime Environment to continue.
# Native memory allocation (mmap) failed to map 174587904 bytes for committing reserved memory.
# Possible reasons:
#   The system is out of physical RAM or swap space
#   The process is running with CompressedOops enabled, and the Java Heap may be blocking the growth of the native heap
# Possible solutions:
#   Reduce memory load on the system
#   Increase physical memory or swap space
#   Check if swap backing store is full
#   Decrease Java heap size (-Xmx/-Xms)
#   Decrease number of Java threads
#   Decrease Java thread stack sizes (-Xss)
#   Set larger code cache with -XX:ReservedCodeCacheSize=
# This output file may be truncated or incomplete.
#
#  Out of Memory Error (os_linux.cpp:2800), pid=29084, tid=0x00007f77394d8700
#
# JRE version:  (8.0_292-b02) (build )
# Java VM: OpenJDK 64-Bit Server VM (25.292-b2 mixed mode, sharing linux-amd64 compressed oops)
# Failed to write core dump. Core dumps have been disabled. To enable core dumping, try "ulimit -c unlimited" before starting Java again
#

---------------  T H R E A D  ---------------

Current thread (0x00007f7730009800):  JavaThread "Unknown thread" [_thread_in_vm, id=29222, stack(0x00007f77393d8000,0x00007f77394d9000)]

Stack: [0x00007f77393d8000,0x00007f77394d9000],  sp=0x00007f77394d7410,  free space=1021k
Native frames: (J=compiled Java code, j=interpreted, Vv=VM code, C=native code)
V  [libjvm.so+0xb08edd]  VMError::report_and_die()+0x15d
V  [libjvm.so+0x4fac49]  report_vm_out_of_memory(char const*, int, unsigned long, VMErrorType, char const*)+0x99
V  [libjvm.so+0x9611d3]  os::Linux::commit_memory_impl(char*, unsigned long, bool)+0x113
V  [libjvm.so+0x9613f9]  os::pd_commit_memory(char*, unsigned long, unsigned long, bool)+0x29
V  [libjvm.so+0x95564a]  os::commit_memory(char*, unsigned long, unsigned long, bool)+0x2a
V  [libjvm.so+0x9ca95b]  PSVirtualSpace::expand_by(unsigned long)+0x6b
V  [libjvm.so+0x9cb854]  PSYoungGen::initialize_virtual_space(ReservedSpace, unsigned long)+0x74
V  [libjvm.so+0x9cc16e]  PSYoungGen::initialize(ReservedSpace, unsigned long)+0x3e
V  [libjvm.so+0x2dbec4]  AdjoiningGenerations::AdjoiningGenerations(ReservedSpace, GenerationSizer*, unsigned long)+0x344
V  [libjvm.so+0x9810c3]  ParallelScavengeHeap::initialize()+0x1f3
V  [libjvm.so+0xad2e91]  Universe::initialize_heap()+0x101
V  [libjvm.so+0xad3f63]  universe_init()+0x33
V  [libjvm.so+0x648e25]  init_globals()+0x55
V  [libjvm.so+0xab6db7]  Threads::create_vm(JavaVMInitArgs*, bool*)+0x247
V  [libjvm.so+0x70c0a4]  JNI_CreateJavaVM+0x74
C  [libjli.so+0x7720]  JavaMain+0x90
C  [libpthread.so.0+0x7e25]  start_thread+0xc5


---------------  P R O C E S S  ---------------

Java Threads: ( => current thread )

Other Threads:

=>0x00007f7730009800 (exited) JavaThread "Unknown thread" [_thread_in_vm, id=29222, stack(0x00007f77393d8000,0x00007f77394d9000)]

VM state:not at safepoint (not fully initialized)

VM Mutex/Monitor currently owned by a thread: None

heap address: 0x000000060d400000, size: 7980 MB, Compressed Oops mode: Non-zero based:0x000000060d3ff000, Oop shift amount: 3
Narrow klass base: 0x0000000000000000, Narrow klass shift: 0

GC Heap History (0 events):
No events

Deoptimization events (0 events):
No events

Classes redefined (0 events):
No events

Internal exceptions (0 events):
No events

Events (0 events):
No events


Dynamic libraries:
60d400000-759c00000 ---p 00000000 00:00 0 
764280000-800000000 ---p 00000000 00:00 0 
7f7721000000-7f7721270000 rwxp 00000000 00:00 0 
7f7721270000-7f7730000000 ---p 00000000 00:00 0 
7f7730000000-7f7730032000 rw-p 00000000 00:00 0 
7f7730032000-7f7734000000 ---p 00000000 00:00 0 
7f7735810000-7f77359b7000 rw-p 00000000 00:00 0 
7f77359b7000-7f773694d000 ---p 00000000 00:00 0 
7f773694d000-7f7736958000 rw-p 00000000 00:00 0 
7f7736958000-7f7736d0e000 ---p 00000000 00:00 0 
7f7736d0e000-7f7736d29000 r-xp 00000000 fc:01 1708762                    /usr/java/TencentKona-8.0.6-292/jre/lib/amd64/libzip.so
7f7736d29000-7f7736f28000 ---p 0001b000 fc:01 1708762                    /usr/java/TencentKona-8.0.6-292/jre/lib/amd64/libzip.so
7f7736f28000-7f7736f29000 r--p 0001a000 fc:01 1708762                    /usr/java/TencentKona-8.0.6-292/jre/lib/amd64/libzip.so
7f7736f29000-7f7736f2a000 rw-p 0001b000 fc:01 1708762                    /usr/java/TencentKona-8.0.6-292/jre/lib/amd64/libzip.so
7f7736f2a000-7f7736f52000 r-xp 00000000 fc:01 1708781                    /usr/java/TencentKona-8.0.6-292/jre/lib/amd64/libjava.so
7f7736f52000-7f7737151000 ---p 00028000 fc:01 1708781                    /usr/java/TencentKona-8.0.6-292/jre/lib/amd64/libjava.so
7f7737151000-7f7737152000 r--p 00027000 fc:01 1708781                    /usr/java/TencentKona-8.0.6-292/jre/lib/amd64/libjava.so
7f7737152000-7f7737154000 rw-p 00028000 fc:01 1708781                    /usr/java/TencentKona-8.0.6-292/jre/lib/amd64/libjava.so
7f7737154000-7f7737162000 r-xp 00000000 fc:01 1708790                    /usr/java/TencentKona-8.0.6-292/jre/lib/amd64/libverify.so
7f7737162000-7f7737361000 ---p 0000e000 fc:01 1708790                    /usr/java/TencentKona-8.0.6-292/jre/lib/amd64/libverify.so
7f7737361000-7f7737363000 r--p 0000d000 fc:01 1708790                    /usr/java/TencentKona-8.0.6-292/jre/lib/amd64/libverify.so
7f7737363000-7f7737364000 rw-p 0000f000 fc:01 1708790                    /usr/java/TencentKona-8.0.6-292/jre/lib/amd64/libverify.so
7f7737364000-7f773736b000 r-xp 00000000 fc:01 25779                      /usr/lib64/librt-2.17.so
7f773736b000-7f773756a000 ---p 00007000 fc:01 25779                      /usr/lib64/librt-2.17.so
7f773756a000-7f773756b000 r--p 00006000 fc:01 25779                      /usr/lib64/librt-2.17.so
7f773756b000-7f773756c000 rw-p 00007000 fc:01 25779                      /usr/lib64/librt-2.17.so
7f773756c000-7f773766d000 r-xp 00000000 fc:01 25499                      /usr/lib64/libm-2.17.so
7f773766d000-7f773786c000 ---p 00101000 fc:01 25499                      /usr/lib64/libm-2.17.so
7f773786c000-7f773786d000 r--p 00100000 fc:01 25499                      /usr/lib64/libm-2.17.so
7f773786d000-7f773786e000 rw-p 00101000 fc:01 25499                      /usr/lib64/libm-2.17.so
7f773786e000-7f77385a3000 r-xp 00000000 fc:01 1708779                    /usr/java/TencentKona-8.0.6-292/jre/lib/amd64/server/libjvm.so
7f77385a3000-7f77387a2000 ---p 00d35000 fc:01 1708779                    /usr/java/TencentKona-8.0.6-292/jre/lib/amd64/server/libjvm.so
7f77387a2000-7f773884f000 r--p 00d34000 fc:01 1708779                    /usr/java/TencentKona-8.0.6-292/jre/lib/amd64/server/libjvm.so
7f773884f000-7f7738878000 rw-p 00de1000 fc:01 1708779                    /usr/java/TencentKona-8.0.6-292/jre/lib/amd64/server/libjvm.so
7f7738878000-7f77388bd000 rw-p 00000000 00:00 0 
7f77388bd000-7f7738a77000 r-xp 00000000 fc:01 25054                      /usr/lib64/libc-2.17.so
7f7738a77000-7f7738c76000 ---p 001ba000 fc:01 25054                      /usr/lib64/libc-2.17.so
7f7738c76000-7f7738c7a000 r--p 001b9000 fc:01 25054                      /usr/lib64/libc-2.17.so
7f7738c7a000-7f7738c7c000 rw-p 001bd000 fc:01 25054                      /usr/lib64/libc-2.17.so
7f7738c7c000-7f7738c81000 rw-p 00000000 00:00 0 
7f7738c81000-7f7738c83000 r-xp 00000000 fc:01 25150                      /usr/lib64/libdl-2.17.so
7f7738c83000-7f7738e83000 ---p 00002000 fc:01 25150                      /usr/lib64/libdl-2.17.so
7f7738e83000-7f7738e84000 r--p 00002000 fc:01 25150                      /usr/lib64/libdl-2.17.so
7f7738e84000-7f7738e85000 rw-p 00003000 fc:01 25150                      /usr/lib64/libdl-2.17.so
7f7738e85000-7f7738e9b000 r-xp 00000000 fc:01 1709206                    /usr/java/TencentKona-8.0.6-292/lib/amd64/jli/libjli.so
7f7738e9b000-7f773909a000 ---p 00016000 fc:01 1709206                    /usr/java/TencentKona-8.0.6-292/lib/amd64/jli/libjli.so
7f773909a000-7f773909b000 r--p 00015000 fc:01 1709206                    /usr/java/TencentKona-8.0.6-292/lib/amd64/jli/libjli.so
7f773909b000-7f773909c000 rw-p 00016000 fc:01 1709206                    /usr/java/TencentKona-8.0.6-292/lib/amd64/jli/libjli.so
7f773909c000-7f77390b3000 r-xp 00000000 fc:01 25734                      /usr/lib64/libpthread-2.17.so
7f77390b3000-7f77392b2000 ---p 00017000 fc:01 25734                      /usr/lib64/libpthread-2.17.so
7f77392b2000-7f77392b3000 r--p 00016000 fc:01 25734                      /usr/lib64/libpthread-2.17.so
7f77392b3000-7f77392b4000 rw-p 00017000 fc:01 25734                      /usr/lib64/libpthread-2.17.so
7f77392b4000-7f77392b8000 rw-p 00000000 00:00 0 
7f77392b8000-7f77392d9000 r-xp 00000000 fc:01 24864                      /usr/lib64/ld-2.17.so
7f77392e0000-7f77393d8000 rw-p 00000000 00:00 0 
7f77393d8000-7f77393db000 ---p 00000000 00:00 0 
7f77393db000-7f77394d9000 rw-p 00000000 00:00 0                          [stack:29222]
7f77394d9000-7f77394da000 r--p 00021000 fc:01 24864                      /usr/lib64/ld-2.17.so
7f77394da000-7f77394db000 rw-p 00022000 fc:01 24864                      /usr/lib64/ld-2.17.so
7f77394db000-7f77394dc000 rw-p 00000000 00:00 0 
7f77394dc000-7f77394dd000 r-xp 00000000 fc:01 1708985                    /usr/java/TencentKona-8.0.6-292/bin/java
7f7739589000-7f77395be000 r--s 00000000 fc:01 5616                       /var/db/nscd/passwd
7f77395be000-7f77395c2000 rw-p 00000000 00:00 0 
7f77395c7000-7f77395ca000 rw-p 00000000 00:00 0 
7f77395ca000-7f77395d2000 rw-s 00000000 fc:01 3408988                    /tmp/hsperfdata_root/29084
7f77395d2000-7f77395d3000 rw-p 00000000 00:00 0 
7f77395d3000-7f77395d4000 r--p 00000000 00:00 0 
7f77395d4000-7f77395d7000 r-xp 00000000 fc:01 25620                      /usr/lib64/libonion_security.so.1.0.19
7f77395d7000-7f77396d7000 ---p 00003000 fc:01 25620                      /usr/lib64/libonion_security.so.1.0.19
7f77396d7000-7f77396d8000 rw-p 00003000 fc:01 25620                      /usr/lib64/libonion_security.so.1.0.19
7f77396d8000-7f77396dc000 rw-p 00000000 00:00 0 
7f77396dc000-7f77396dd000 r--p 00000000 fc:01 1708985                    /usr/java/TencentKona-8.0.6-292/bin/java
7f77396dd000-7f77396de000 rw-p 00001000 fc:01 1708985                    /usr/java/TencentKona-8.0.6-292/bin/java
7f773a608000-7f773a629000 rw-p 00000000 00:00 0                          [heap]
7ffe20816000-7ffe20838000 rw-p 00000000 00:00 0                          [stack]
7ffe2095e000-7ffe20960000 r-xp 00000000 00:00 0                          [vdso]
ffffffffff600000-ffffffffff601000 r-xp 00000000 00:00 0                  [vsyscall]

VM Arguments:
jvm_args: -Dlog.file=/root/dannylian/code/ds2/workspace/flink-1.4.1-instrumented/flink-1.4.1/flink-dist/target/flink-1.4.1-bin/flink-1.4.1/log/flink-root-client-VM-56-161-centos.log -Dlog4j.configuration=file:/root/dannylian/code/ds2/workspace/flink-1.4.1-instrumented/flink-1.4.1/flink-dist/target/flink-1.4.1-bin/flink-1.4.1/conf/log4j-cli.properties -Dlogback.configurationFile=file:/root/dannylian/code/ds2/workspace/flink-1.4.1-instrumented/flink-1.4.1/flink-dist/target/flink-1.4.1-bin/flink-1.4.1/conf/logback.xml 
java_command: org.apache.flink.client.CliFrontend run -d -s /root/dannylian/code/ds2/savepoints/hs_err_pid28934log --class ch.ethz.systems.strymon.ds2.flink.nexmark.queries.Query5 /root/dannylian/code/ds2/flink-examples/target/flink-examples-danny-wordCount-9-jar-with-dependencies.jar --p-bid-source 1 --p-window 30
java_class_path (initial): :/root/dannylian/code/ds2/workspace/flink-1.4.1-instrumented/flink-1.4.1/flink-dist/target/flink-1.4.1-bin/flink-1.4.1/lib/flink-dist_2.11-1.4.1.jar:/root/dannylian/code/ds2/workspace/flink-1.4.1-instrumented/flink-1.4.1/flink-dist/target/flink-1.4.1-bin/flink-1.4.1/lib/flink-python_2.11-1.4.1.jar:/root/dannylian/code/ds2/workspace/flink-1.4.1-instrumented/flink-1.4.1/flink-dist/target/flink-1.4.1-bin/flink-1.4.1/lib/flink-shaded-hadoop2-uber-1.4.1.jar:/root/dannylian/code/ds2/workspace/flink-1.4.1-instrumented/flink-1.4.1/flink-dist/target/flink-1.4.1-bin/flink-1.4.1/lib/log4j-1.2.17.jar:/root/dannylian/code/ds2/workspace/flink-1.4.1-instrumented/flink-1.4.1/flink-dist/target/flink-1.4.1-bin/flink-1.4.1/lib/slf4j-log4j12-1.7.7.jar:::
Launcher Type: SUN_STANDARD

Environment Variables:
CLASSPATH=/usr/java/TencentKona-8.0.6-292/lib/tools.jar:/usr/java/TencentKona-8.0.6-292/lib/dt.jar:/usr/java/TencentKona-8.0.6-292/lib
PATH=/root/.cargo/bin:/bin:/usr/maven/apache-maven-3.6.3/bin:/usr/java/TencentKona-8.0.6-292/bin:/root/.cargo/bin:/bin:/usr/maven/apache-maven-3.6.3/bin:/usr/java/TencentKona-8.0.6-292/bin:/usr/local/sbin:/usr/local/bin:/usr/sbin:/usr/bin:/usr/local/go/bin:/root/go/bin:/root/.ft:/root/bin:/usr/local/go/bin:/root/go/bin:/root/.ft:/root/bin
LD_LIBRARY_PATH=/root/dannylian/code/ds2/controller/target/release/deps:/root/dannylian/code/ds2/controller/target/release:/root/.rustup/toolchains/stable-x86_64-unknown-linux-gnu/lib/rustlib/x86_64-unknown-linux-gnu/lib:/root/.rustup/toolchains/stable-x86_64-unknown-linux-gnu/lib
SHELL=/bin/bash

Signal Handlers:
SIGSEGV: [libjvm.so+0xb09d60], sa_mask[0]=11111111011111111101111111111110, sa_flags=SA_RESTART|SA_SIGINFO
SIGBUS: [libjvm.so+0xb09d60], sa_mask[0]=11111111011111111101111111111110, sa_flags=SA_RESTART|SA_SIGINFO
SIGFPE: [libjvm.so+0x95a8f0], sa_mask[0]=11111111011111111101111111111110, sa_flags=SA_RESTART|SA_SIGINFO
SIGPIPE: [libjvm.so+0x95a8f0], sa_mask[0]=11111111011111111101111111111110, sa_flags=SA_RESTART|SA_SIGINFO
SIGXFSZ: [libjvm.so+0x95a8f0], sa_mask[0]=11111111011111111101111111111110, sa_flags=SA_RESTART|SA_SIGINFO
SIGILL: [libjvm.so+0x95a8f0], sa_mask[0]=11111111011111111101111111111110, sa_flags=SA_RESTART|SA_SIGINFO
SIGUSR1: SIG_DFL, sa_mask[0]=00000000000000000000000000000000, sa_flags=none
SIGUSR2: [libjvm.so+0x95c150], sa_mask[0]=00000000000000000000000000000000, sa_flags=SA_RESTART|SA_SIGINFO
SIGHUP: SIG_IGN, sa_mask[0]=00000000000000000000000000000000, sa_flags=none
SIGINT: SIG_IGN, sa_mask[0]=00000000000000000000000000000000, sa_flags=none
SIGTERM: SIG_DFL, sa_mask[0]=00000000000000000000000000000000, sa_flags=none
SIGQUIT: SIG_IGN, sa_mask[0]=00000000000000000000000000000000, sa_flags=none


---------------  S Y S T E M  ---------------

OS:CentOS Linux release 7.2 (Final)

uname:Linux 3.10.107-1-tlinux2_kvm_guest-0049 #1 SMP Tue Jul 30 23:46:29 CST 2019 x86_64
libc:glibc 2.17 NPTL 2.17 
rlimit: STACK 8192k, CORE 0k, NPROC 127576, NOFILE 1000000, AS infinity
load average:15.26 17.16 15.53

/proc/meminfo:
MemTotal:       32680216 kB
MemFree:          177608 kB
MemAvailable:     215756 kB
Buffers:            5304 kB
Cached:           356732 kB
SwapCached:            0 kB
Active:         31695508 kB
Inactive:         161624 kB
Active(anon):   31660540 kB
Inactive(anon):   120224 kB
Active(file):      34968 kB
Inactive(file):    41400 kB
Unevictable:           0 kB
Mlocked:               0 kB
SwapTotal:             0 kB
SwapFree:              0 kB
Dirty:               776 kB
Writeback:             0 kB
AnonPages:      31496752 kB
Mapped:            57564 kB
Shmem:            284300 kB
Slab:             136808 kB
SReclaimable:      37764 kB
SUnreclaim:        99044 kB
KernelStack:       69248 kB
PageTables:       103336 kB
NFS_Unstable:          0 kB
Bounce:                0 kB
WritebackTmp:          0 kB
CommitLimit:    16340108 kB
Committed_AS:   40303228 kB
VmallocTotal:   34359738367 kB
VmallocUsed:      156624 kB
VmallocChunk:   34359579636 kB
HardwareCorrupted:     0 kB
AnonHugePages:         0 kB
HugePages_Total:       0
HugePages_Free:        0
HugePages_Rsvd:        0
HugePages_Surp:        0
Hugepagesize:       2048 kB
DirectMap4k:       96112 kB
DirectMap2M:     3049472 kB
DirectMap1G:    32505856 kB


CPU:total 16 (initial active 16) (16 cores per cpu, 1 threads per core) family 23 model 49 stepping 0, cmov, cx8, fxsr, mmx, sse, sse2, sse3, ssse3, sse4.1, sse4.2, popcnt, avx, avx2, aes, clmul, mmxext, 3dnowpref, lzcnt, sse4a, tsc, bmi1

/proc/cpuinfo:
processor	: 0
vendor_id	: AuthenticAMD
cpu family	: 23
model		: 49
model name	: AMD EPYC 7K62 48-Core Processor
stepping	: 0
microcode	: 0x1000065
cpu MHz		: 2595.124
cache size	: 512 KB
physical id	: 0
siblings	: 16
core id		: 0
cpu cores	: 8
apicid		: 0
initial apicid	: 0
fpu		: yes
fpu_exception	: yes
cpuid level	: 13
wp		: yes
flags		: fpu vme de pse tsc msr pae mce cx8 apic sep mtrr pge mca cmov pat pse36 clflush mmx fxsr sse sse2 ht syscall nx mmxext fxsr_opt pdpe1gb rdtscp lm rep_good nopl extd_apicid eagerfpu pni pclmulqdq ssse3 fma cx16 sse4_1 sse4_2 x2apic movbe popcnt aes xsave avx f16c rdrand hypervisor lahf_lm cmp_legacy cr8_legacy abm sse4a misalignsse 3dnowprefetch osvw topoext vmmcall fsgsbase bmi1 avx2 smep bmi2 rdseed adx smap clflushopt xsaveopt xsavec xgetbv1 arat
bogomips	: 5190.24
TLB size	: 1024 4K pages
clflush size	: 64
cache_alignment	: 64
address sizes	: 48 bits physical, 48 bits virtual
power management:

processor	: 1
vendor_id	: AuthenticAMD
cpu family	: 23
model		: 49
model name	: AMD EPYC 7K62 48-Core Processor
stepping	: 0
microcode	: 0x1000065
cpu MHz		: 2595.124
cache size	: 512 KB
physical id	: 0
siblings	: 16
core id		: 0
cpu cores	: 8
apicid		: 1
initial apicid	: 1
fpu		: yes
fpu_exception	: yes
cpuid level	: 13
wp		: yes
flags		: fpu vme de pse tsc msr pae mce cx8 apic sep mtrr pge mca cmov pat pse36 clflush mmx fxsr sse sse2 ht syscall nx mmxext fxsr_opt pdpe1gb rdtscp lm rep_good nopl extd_apicid eagerfpu pni pclmulqdq ssse3 fma cx16 sse4_1 sse4_2 x2apic movbe popcnt aes xsave avx f16c rdrand hypervisor lahf_lm cmp_legacy cr8_legacy abm sse4a misalignsse 3dnowprefetch osvw topoext vmmcall fsgsbase bmi1 avx2 smep bmi2 rdseed adx smap clflushopt xsaveopt xsavec xgetbv1 arat
bogomips	: 5190.24
TLB size	: 1024 4K pages
clflush size	: 64
cache_alignment	: 64
address sizes	: 48 bits physical, 48 bits virtual
power management:

processor	: 2
vendor_id	: AuthenticAMD
cpu family	: 23
model		: 49
model name	: AMD EPYC 7K62 48-Core Processor
stepping	: 0
microcode	: 0x1000065
cpu MHz		: 2595.124
cache size	: 512 KB
physical id	: 0
siblings	: 16
core id		: 1
cpu cores	: 8
apicid		: 2
initial apicid	: 2
fpu		: yes
fpu_exception	: yes
cpuid level	: 13
wp		: yes
flags		: fpu vme de pse tsc msr pae mce cx8 apic sep mtrr pge mca cmov pat pse36 clflush mmx fxsr sse sse2 ht syscall nx mmxext fxsr_opt pdpe1gb rdtscp lm rep_good nopl extd_apicid eagerfpu pni pclmulqdq ssse3 fma cx16 sse4_1 sse4_2 x2apic movbe popcnt aes xsave avx f16c rdrand hypervisor lahf_lm cmp_legacy cr8_legacy abm sse4a misalignsse 3dnowprefetch osvw topoext vmmcall fsgsbase bmi1 avx2 smep bmi2 rdseed adx smap clflushopt xsaveopt xsavec xgetbv1 arat
bogomips	: 5190.24
TLB size	: 1024 4K pages
clflush size	: 64
cache_alignment	: 64
address sizes	: 48 bits physical, 48 bits virtual
power management:

processor	: 3
vendor_id	: AuthenticAMD
cpu family	: 23
model		: 49
model name	: AMD EPYC 7K62 48-Core Processor
stepping	: 0
microcode	: 0x1000065
cpu MHz		: 2595.124
cache size	: 512 KB
physical id	: 0
siblings	: 16
core id		: 1
cpu cores	: 8
apicid		: 3
initial apicid	: 3
fpu		: yes
fpu_exception	: yes
cpuid level	: 13
wp		: yes
flags		: fpu vme de pse tsc msr pae mce cx8 apic sep mtrr pge mca cmov pat pse36 clflush mmx fxsr sse sse2 ht syscall nx mmxext fxsr_opt pdpe1gb rdtscp lm rep_good nopl extd_apicid eagerfpu pni pclmulqdq ssse3 fma cx16 sse4_1 sse4_2 x2apic movbe popcnt aes xsave avx f16c rdrand hypervisor lahf_lm cmp_legacy cr8_legacy abm sse4a misalignsse 3dnowprefetch osvw topoext vmmcall fsgsbase bmi1 avx2 smep bmi2 rdseed adx smap clflushopt xsaveopt xsavec xgetbv1 arat
bogomips	: 5190.24
TLB size	: 1024 4K pages
clflush size	: 64
cache_alignment	: 64
address sizes	: 48 bits physical, 48 bits virtual
power management:

processor	: 4
vendor_id	: AuthenticAMD
cpu family	: 23
model		: 49
model name	: AMD EPYC 7K62 48-Core Processor
stepping	: 0
microcode	: 0x1000065
cpu MHz		: 2595.124
cache size	: 512 KB
physical id	: 0
siblings	: 16
core id		: 2
cpu cores	: 8
apicid		: 4
initial apicid	: 4
fpu		: yes
fpu_exception	: yes
cpuid level	: 13
wp		: yes
flags		: fpu vme de pse tsc msr pae mce cx8 apic sep mtrr pge mca cmov pat pse36 clflush mmx fxsr sse sse2 ht syscall nx mmxext fxsr_opt pdpe1gb rdtscp lm rep_good nopl extd_apicid eagerfpu pni pclmulqdq ssse3 fma cx16 sse4_1 sse4_2 x2apic movbe popcnt aes xsave avx f16c rdrand hypervisor lahf_lm cmp_legacy cr8_legacy abm sse4a misalignsse 3dnowprefetch osvw topoext vmmcall fsgsbase bmi1 avx2 smep bmi2 rdseed adx smap clflushopt xsaveopt xsavec xgetbv1 arat
bogomips	: 5190.24
TLB size	: 1024 4K pages
clflush size	: 64
cache_alignment	: 64
address sizes	: 48 bits physical, 48 bits virtual
power management:

processor	: 5
vendor_id	: AuthenticAMD
cpu family	: 23
model		: 49
model name	: AMD EPYC 7K62 48-Core Processor
stepping	: 0
microcode	: 0x1000065
cpu MHz		: 2595.124
cache size	: 512 KB
physical id	: 0
siblings	: 16
core id		: 2
cpu cores	: 8
apicid		: 5
initial apicid	: 5
fpu		: yes
fpu_exception	: yes
cpuid level	: 13
wp		: yes
flags		: fpu vme de pse tsc msr pae mce cx8 apic sep mtrr pge mca cmov pat pse36 clflush mmx fxsr sse sse2 ht syscall nx mmxext fxsr_opt pdpe1gb rdtscp lm rep_good nopl extd_apicid eagerfpu pni pclmulqdq ssse3 fma cx16 sse4_1 sse4_2 x2apic movbe popcnt aes xsave avx f16c rdrand hypervisor lahf_lm cmp_legacy cr8_legacy abm sse4a misalignsse 3dnowprefetch osvw topoext vmmcall fsgsbase bmi1 avx2 smep bmi2 rdseed adx smap clflushopt xsaveopt xsavec xgetbv1 arat
bogomips	: 5190.24
TLB size	: 1024 4K pages
clflush size	: 64
cache_alignment	: 64
address sizes	: 48 bits physical, 48 bits virtual
power management:

processor	: 6
vendor_id	: AuthenticAMD
cpu family	: 23
model		: 49
model name	: AMD EPYC 7K62 48-Core Processor
stepping	: 0
microcode	: 0x1000065
cpu MHz		: 2595.124
cache size	: 512 KB
physical id	: 0
siblings	: 16
core id		: 3
cpu cores	: 8
apicid		: 6
initial apicid	: 6
fpu		: yes
fpu_exception	: yes
cpuid level	: 13
wp		: yes
flags		: fpu vme de pse tsc msr pae mce cx8 apic sep mtrr pge mca cmov pat pse36 clflush mmx fxsr sse sse2 ht syscall nx mmxext fxsr_opt pdpe1gb rdtscp lm rep_good nopl extd_apicid eagerfpu pni pclmulqdq ssse3 fma cx16 sse4_1 sse4_2 x2apic movbe popcnt aes xsave avx f16c rdrand hypervisor lahf_lm cmp_legacy cr8_legacy abm sse4a misalignsse 3dnowprefetch osvw topoext vmmcall fsgsbase bmi1 avx2 smep bmi2 rdseed adx smap clflushopt xsaveopt xsavec xgetbv1 arat
bogomips	: 5190.24
TLB size	: 1024 4K pages
clflush size	: 64
cache_alignment	: 64
address sizes	: 48 bits physical, 48 bits virtual
power management:

processor	: 7
vendor_id	: AuthenticAMD
cpu family	: 23
model		: 49
model name	: AMD EPYC 7K62 48-Core Processor
stepping	: 0
microcode	: 0x1000065
cpu MHz		: 2595.124
cache size	: 512 KB
physical id	: 0
siblings	: 16
core id		: 3
cpu cores	: 8
apicid		: 7
initial apicid	: 7
fpu		: yes
fpu_exception	: yes
cpuid level	: 13
wp		: yes
flags		: fpu vme de pse tsc msr pae mce cx8 apic sep mtrr pge mca cmov pat pse36 clflush mmx fxsr sse sse2 ht syscall nx mmxext fxsr_opt pdpe1gb rdtscp lm rep_good nopl extd_apicid eagerfpu pni pclmulqdq ssse3 fma cx16 sse4_1 sse4_2 x2apic movbe popcnt aes xsave avx f16c rdrand hypervisor lahf_lm cmp_legacy cr8_legacy abm sse4a misalignsse 3dnowprefetch osvw topoext vmmcall fsgsbase bmi1 avx2 smep bmi2 rdseed adx smap clflushopt xsaveopt xsavec xgetbv1 arat
bogomips	: 5190.24
TLB size	: 1024 4K pages
clflush size	: 64
cache_alignment	: 64
address sizes	: 48 bits physical, 48 bits virtual
power management:

processor	: 8
vendor_id	: AuthenticAMD
cpu family	: 23
model		: 49
model name	: AMD EPYC 7K62 48-Core Processor
stepping	: 0
microcode	: 0x1000065
cpu MHz		: 2595.124
cache size	: 512 KB
physical id	: 0
siblings	: 16
core id		: 4
cpu cores	: 8
apicid		: 8
initial apicid	: 8
fpu		: yes
fpu_exception	: yes
cpuid level	: 13
wp		: yes
flags		: fpu vme de pse tsc msr pae mce cx8 apic sep mtrr pge mca cmov pat pse36 clflush mmx fxsr sse sse2 ht syscall nx mmxext fxsr_opt pdpe1gb rdtscp lm rep_good nopl extd_apicid eagerfpu pni pclmulqdq ssse3 fma cx16 sse4_1 sse4_2 x2apic movbe popcnt aes xsave avx f16c rdrand hypervisor lahf_lm cmp_legacy cr8_legacy abm sse4a misalignsse 3dnowprefetch osvw topoext vmmcall fsgsbase bmi1 avx2 smep bmi2 rdseed adx smap clflushopt xsaveopt xsavec xgetbv1 arat
bogomips	: 5190.24
TLB size	: 1024 4K pages
clflush size	: 64
cache_alignment	: 64
address sizes	: 48 bits physical, 48 bits virtual
power management:

processor	: 9
vendor_id	: AuthenticAMD
cpu family	: 23
model		: 49
model name	: AMD EPYC 7K62 48-Core Processor
stepping	: 0
microcode	: 0x1000065
cpu MHz		: 2595.124
cache size	: 512 KB
physical id	: 0
siblings	: 16
core id		: 4
cpu cores	: 8
apicid		: 9
initial apicid	: 9
fpu		: yes
fpu_exception	: yes
cpuid level	: 13
wp		: yes
flags		: fpu vme de pse tsc msr pae mce cx8 apic sep mtrr pge mca cmov pat pse36 clflush mmx fxsr sse sse2 ht syscall nx mmxext fxsr_opt pdpe1gb rdtscp lm rep_good nopl extd_apicid eagerfpu pni pclmulqdq ssse3 fma cx16 sse4_1 sse4_2 x2apic movbe popcnt aes xsave avx f16c rdrand hypervisor lahf_lm cmp_legacy cr8_legacy abm sse4a misalignsse 3dnowprefetch osvw topoext vmmcall fsgsbase bmi1 avx2 smep bmi2 rdseed adx smap clflushopt xsaveopt xsavec xgetbv1 arat
bogomips	: 5190.24
TLB size	: 1024 4K pages
clflush size	: 64
cache_alignment	: 64
address sizes	: 48 bits physical, 48 bits virtual
power management:

processor	: 10
vendor_id	: AuthenticAMD
cpu family	: 23
model		: 49
model name	: AMD EPYC 7K62 48-Core Processor
stepping	: 0
microcode	: 0x1000065
cpu MHz		: 2595.124
cache size	: 512 KB
physical id	: 0
siblings	: 16
core id		: 5
cpu cores	: 8
apicid		: 10
initial apicid	: 10
fpu		: yes
fpu_exception	: yes
cpuid level	: 13
wp		: yes
flags		: fpu vme de pse tsc msr pae mce cx8 apic sep mtrr pge mca cmov pat pse36 clflush mmx fxsr sse sse2 ht syscall nx mmxext fxsr_opt pdpe1gb rdtscp lm rep_good nopl extd_apicid eagerfpu pni pclmulqdq ssse3 fma cx16 sse4_1 sse4_2 x2apic movbe popcnt aes xsave avx f16c rdrand hypervisor lahf_lm cmp_legacy cr8_legacy abm sse4a misalignsse 3dnowprefetch osvw topoext vmmcall fsgsbase bmi1 avx2 smep bmi2 rdseed adx smap clflushopt xsaveopt xsavec xgetbv1 arat
bogomips	: 5190.24
TLB size	: 1024 4K pages
clflush size	: 64
cache_alignment	: 64
address sizes	: 48 bits physical, 48 bits virtual
power management:

processor	: 11
vendor_id	: AuthenticAMD
cpu family	: 23
model		: 49
model name	: AMD EPYC 7K62 48-Core Processor
stepping	: 0
microcode	: 0x1000065
cpu MHz		: 2595.124
cache size	: 512 KB
physical id	: 0
siblings	: 16
core id		: 5
cpu cores	: 8
apicid		: 11
initial apicid	: 11
fpu		: yes
fpu_exception	: yes
cpuid level	: 13
wp		: yes
flags		: fpu vme de pse tsc msr pae mce cx8 apic sep mtrr pge mca cmov pat pse36 clflush mmx fxsr sse sse2 ht syscall nx mmxext fxsr_opt pdpe1gb rdtscp lm rep_good nopl extd_apicid eagerfpu pni pclmulqdq ssse3 fma cx16 sse4_1 sse4_2 x2apic movbe popcnt aes xsave avx f16c rdrand hypervisor lahf_lm cmp_legacy cr8_legacy abm sse4a misalignsse 3dnowprefetch osvw topoext vmmcall fsgsbase bmi1 avx2 smep bmi2 rdseed adx smap clflushopt xsaveopt xsavec xgetbv1 arat
bogomips	: 5190.24
TLB size	: 1024 4K pages
clflush size	: 64
cache_alignment	: 64
address sizes	: 48 bits physical, 48 bits virtual
power management:

processor	: 12
vendor_id	: AuthenticAMD
cpu family	: 23
model		: 49
model name	: AMD EPYC 7K62 48-Core Processor
stepping	: 0
microcode	: 0x1000065
cpu MHz		: 2595.124
cache size	: 512 KB
physical id	: 0
siblings	: 16
core id		: 6
cpu cores	: 8
apicid		: 12
initial apicid	: 12
fpu		: yes
fpu_exception	: yes
cpuid level	: 13
wp		: yes
flags		: fpu vme de pse tsc msr pae mce cx8 apic sep mtrr pge mca cmov pat pse36 clflush mmx fxsr sse sse2 ht syscall nx mmxext fxsr_opt pdpe1gb rdtscp lm rep_good nopl extd_apicid eagerfpu pni pclmulqdq ssse3 fma cx16 sse4_1 sse4_2 x2apic movbe popcnt aes xsave avx f16c rdrand hypervisor lahf_lm cmp_legacy cr8_legacy abm sse4a misalignsse 3dnowprefetch osvw topoext vmmcall fsgsbase bmi1 avx2 smep bmi2 rdseed adx smap clflushopt xsaveopt xsavec xgetbv1 arat
bogomips	: 5190.24
TLB size	: 1024 4K pages
clflush size	: 64
cache_alignment	: 64
address sizes	: 48 bits physical, 48 bits virtual
power management:

processor	: 13
vendor_id	: AuthenticAMD
cpu family	: 23
model		: 49
model name	: AMD EPYC 7K62 48-Core Processor
stepping	: 0
microcode	: 0x1000065
cpu MHz		: 2595.124
cache size	: 512 KB
physical id	: 0
siblings	: 16
core id		: 6
cpu cores	: 8
apicid		: 13
initial apicid	: 13
fpu		: yes
fpu_exception	: yes
cpuid level	: 13
wp		: yes
flags		: fpu vme de pse tsc msr pae mce cx8 apic sep mtrr pge mca cmov pat pse36 clflush mmx fxsr sse sse2 ht syscall nx mmxext fxsr_opt pdpe1gb rdtscp lm rep_good nopl extd_apicid eagerfpu pni pclmulqdq ssse3 fma cx16 sse4_1 sse4_2 x2apic movbe popcnt aes xsave avx f16c rdrand hypervisor lahf_lm cmp_legacy cr8_legacy abm sse4a misalignsse 3dnowprefetch osvw topoext vmmcall fsgsbase bmi1 avx2 smep bmi2 rdseed adx smap clflushopt xsaveopt xsavec xgetbv1 arat
bogomips	: 5190.24
TLB size	: 1024 4K pages
clflush size	: 64
cache_alignment	: 64
address sizes	: 48 bits physical, 48 bits virtual
power management:

processor	: 14
vendor_id	: AuthenticAMD
cpu family	: 23
model		: 49
model name	: AMD EPYC 7K62 48-Core Processor
stepping	: 0
microcode	: 0x1000065
cpu MHz		: 2595.124
cache size	: 512 KB
physical id	: 0
siblings	: 16
core id		: 7
cpu cores	: 8
apicid		: 14
initial apicid	: 14
fpu		: yes
fpu_exception	: yes
cpuid level	: 13
wp		: yes
flags		: fpu vme de pse tsc msr pae mce cx8 apic sep mtrr pge mca cmov pat pse36 clflush mmx fxsr sse sse2 ht syscall nx mmxext fxsr_opt pdpe1gb rdtscp lm rep_good nopl extd_apicid eagerfpu pni pclmulqdq ssse3 fma cx16 sse4_1 sse4_2 x2apic movbe popcnt aes xsave avx f16c rdrand hypervisor lahf_lm cmp_legacy cr8_legacy abm sse4a misalignsse 3dnowprefetch osvw topoext vmmcall fsgsbase bmi1 avx2 smep bmi2 rdseed adx smap clflushopt xsaveopt xsavec xgetbv1 arat
bogomips	: 5190.24
TLB size	: 1024 4K pages
clflush size	: 64
cache_alignment	: 64
address sizes	: 48 bits physical, 48 bits virtual
power management:

processor	: 15
vendor_id	: AuthenticAMD
cpu family	: 23
model		: 49
model name	: AMD EPYC 7K62 48-Core Processor
stepping	: 0
microcode	: 0x1000065
cpu MHz		: 2595.124
cache size	: 512 KB
physical id	: 0
siblings	: 16
core id		: 7
cpu cores	: 8
apicid		: 15
initial apicid	: 15
fpu		: yes
fpu_exception	: yes
cpuid level	: 13
wp		: yes
flags		: fpu vme de pse tsc msr pae mce cx8 apic sep mtrr pge mca cmov pat pse36 clflush mmx fxsr sse sse2 ht syscall nx mmxext fxsr_opt pdpe1gb rdtscp lm rep_good nopl extd_apicid eagerfpu pni pclmulqdq ssse3 fma cx16 sse4_1 sse4_2 x2apic movbe popcnt aes xsave avx f16c rdrand hypervisor lahf_lm cmp_legacy cr8_legacy abm sse4a misalignsse 3dnowprefetch osvw topoext vmmcall fsgsbase bmi1 avx2 smep bmi2 rdseed adx smap clflushopt xsaveopt xsavec xgetbv1 arat
bogomips	: 5190.24
TLB size	: 1024 4K pages
clflush size	: 64
cache_alignment	: 64
address sizes	: 48 bits physical, 48 bits virtual
power management:



Memory: 4k page, physical 32680216k(177608k free), swap 0k(0k free)

vm_info: OpenJDK 64-Bit Server VM (25.292-b2) for linux-amd64 JRE (1.8.0_292-b2), built on Jun 17 2021 08:09:31 by "root" with gcc 4.4.7 20120313 (Red Hat 4.4.7-23)

time: Mon Dec 20 11:08:11 2021
timezone: CST
elapsed time: 0.005912 seconds (0d 0h 0m 0s)

