2022-11-13 05:42:59,304 INFO  org.apache.flink.runtime.taskmanager.TaskManager              - --------------------------------------------------------------------------------
2022-11-13 05:42:59,305 INFO  org.apache.flink.runtime.taskmanager.TaskManager              -  Starting TaskManager (Version: 1.4.1, Rev:<unknown>, Date:<unknown>)
2022-11-13 05:42:59,305 INFO  org.apache.flink.runtime.taskmanager.TaskManager              -  OS current user: root
2022-11-13 05:42:59,478 WARN  org.apache.hadoop.util.NativeCodeLoader                       - Unable to load native-hadoop library for your platform... using builtin-java classes where applicable
2022-11-13 05:42:59,665 INFO  org.apache.flink.runtime.taskmanager.TaskManager              -  Current Hadoop/Kerberos user: root
2022-11-13 05:42:59,665 INFO  org.apache.flink.runtime.taskmanager.TaskManager              -  JVM: OpenJDK 64-Bit Server VM - Tencent - 1.8/25.292-b2
2022-11-13 05:42:59,665 INFO  org.apache.flink.runtime.taskmanager.TaskManager              -  Maximum heap size: 512 MiBytes
2022-11-13 05:42:59,665 INFO  org.apache.flink.runtime.taskmanager.TaskManager              -  JAVA_HOME: (not set)
2022-11-13 05:42:59,668 INFO  org.apache.flink.runtime.taskmanager.TaskManager              -  Hadoop version: 2.4.1
2022-11-13 05:42:59,668 INFO  org.apache.flink.runtime.taskmanager.TaskManager              -  JVM Options:
2022-11-13 05:42:59,669 INFO  org.apache.flink.runtime.taskmanager.TaskManager              -     -XX:+UseG1GC
2022-11-13 05:42:59,669 INFO  org.apache.flink.runtime.taskmanager.TaskManager              -     -Xms512M
2022-11-13 05:42:59,669 INFO  org.apache.flink.runtime.taskmanager.TaskManager              -     -Xmx512M
2022-11-13 05:42:59,669 INFO  org.apache.flink.runtime.taskmanager.TaskManager              -     -XX:MaxDirectMemorySize=8388607T
2022-11-13 05:42:59,669 INFO  org.apache.flink.runtime.taskmanager.TaskManager              -     -Dlog.file=/root/dannylian/code/ds2/workspace/flink-1.4.1-instrumented/flink-1.4.1/flink-dist/target/flink-1.4.1-bin/flink-1.4.1/log/flink-root-taskmanager-30-VM-56-161-centos.log
2022-11-13 05:42:59,669 INFO  org.apache.flink.runtime.taskmanager.TaskManager              -     -Dlog4j.configuration=file:/root/dannylian/code/ds2/workspace/flink-1.4.1-instrumented/flink-1.4.1/flink-dist/target/flink-1.4.1-bin/flink-1.4.1/conf/log4j.properties
2022-11-13 05:42:59,669 INFO  org.apache.flink.runtime.taskmanager.TaskManager              -     -Dlogback.configurationFile=file:/root/dannylian/code/ds2/workspace/flink-1.4.1-instrumented/flink-1.4.1/flink-dist/target/flink-1.4.1-bin/flink-1.4.1/conf/logback.xml
2022-11-13 05:42:59,669 INFO  org.apache.flink.runtime.taskmanager.TaskManager              -  Program Arguments:
2022-11-13 05:42:59,669 INFO  org.apache.flink.runtime.taskmanager.TaskManager              -     --configDir
2022-11-13 05:42:59,669 INFO  org.apache.flink.runtime.taskmanager.TaskManager              -     /root/dannylian/code/ds2/workspace/flink-1.4.1-instrumented/flink-1.4.1/flink-dist/target/flink-1.4.1-bin/flink-1.4.1/conf
2022-11-13 05:42:59,669 INFO  org.apache.flink.runtime.taskmanager.TaskManager              -  Classpath: :/root/dannylian/code/ds2/workspace/flink-1.4.1-instrumented/flink-1.4.1/flink-dist/target/flink-1.4.1-bin/flink-1.4.1/lib/flink-dist_2.11-1.4.1.jar:/root/dannylian/code/ds2/workspace/flink-1.4.1-instrumented/flink-1.4.1/flink-dist/target/flink-1.4.1-bin/flink-1.4.1/lib/flink-python_2.11-1.4.1.jar:/root/dannylian/code/ds2/workspace/flink-1.4.1-instrumented/flink-1.4.1/flink-dist/target/flink-1.4.1-bin/flink-1.4.1/lib/flink-shaded-hadoop2-uber-1.4.1.jar:/root/dannylian/code/ds2/workspace/flink-1.4.1-instrumented/flink-1.4.1/flink-dist/target/flink-1.4.1-bin/flink-1.4.1/lib/log4j-1.2.17.jar:/root/dannylian/code/ds2/workspace/flink-1.4.1-instrumented/flink-1.4.1/flink-dist/target/flink-1.4.1-bin/flink-1.4.1/lib/slf4j-log4j12-1.7.7.jar:::
2022-11-13 05:42:59,670 INFO  org.apache.flink.runtime.taskmanager.TaskManager              - --------------------------------------------------------------------------------
2022-11-13 05:42:59,671 INFO  org.apache.flink.runtime.taskmanager.TaskManager              - Registered UNIX signal handlers for [TERM, HUP, INT]
2022-11-13 05:42:59,676 INFO  org.apache.flink.runtime.taskmanager.TaskManager              - Maximum number of open file descriptors is 1000000
2022-11-13 05:42:59,690 INFO  org.apache.flink.runtime.taskmanager.TaskManager              - Loading configuration from /root/dannylian/code/ds2/workspace/flink-1.4.1-instrumented/flink-1.4.1/flink-dist/target/flink-1.4.1-bin/flink-1.4.1/conf
2022-11-13 05:42:59,692 INFO  org.apache.flink.configuration.GlobalConfiguration            - Loading configuration property: jobmanager.rpc.address, 9.135.56.161
2022-11-13 05:42:59,692 INFO  org.apache.flink.configuration.GlobalConfiguration            - Loading configuration property: jobmanager.rpc.port, 6123
2022-11-13 05:42:59,692 INFO  org.apache.flink.configuration.GlobalConfiguration            - Loading configuration property: jobmanager.heap.mb, 1024
2022-11-13 05:42:59,692 INFO  org.apache.flink.configuration.GlobalConfiguration            - Loading configuration property: taskmanager.heap.mb, 512
2022-11-13 05:42:59,693 INFO  org.apache.flink.configuration.GlobalConfiguration            - Loading configuration property: taskmanager.numberOfTaskSlots, 2
2022-11-13 05:42:59,693 INFO  org.apache.flink.configuration.GlobalConfiguration            - Loading configuration property: taskmanager.memory.preallocate, false
2022-11-13 05:42:59,693 INFO  org.apache.flink.configuration.GlobalConfiguration            - Loading configuration property: parallelism.default, 1
2022-11-13 05:42:59,693 INFO  org.apache.flink.configuration.GlobalConfiguration            - Loading configuration property: web.port, 8081
2022-11-13 05:42:59,693 INFO  org.apache.flink.configuration.GlobalConfiguration            - Loading configuration property: state.backend, filesystem
2022-11-13 05:42:59,694 INFO  org.apache.flink.configuration.GlobalConfiguration            - Loading configuration property: state.backend.fs.checkpointdir, file:///root/dannylian/code/ds2/savepoints/
2022-11-13 05:42:59,694 INFO  org.apache.flink.configuration.GlobalConfiguration            - Loading configuration property: metrics.latency.interval, 10
2022-11-13 05:42:59,737 INFO  org.apache.flink.runtime.security.modules.HadoopModule        - Hadoop user set to root (auth:SIMPLE)
2022-11-13 05:42:59,780 INFO  org.apache.flink.runtime.util.LeaderRetrievalUtils            - Trying to select the network interface and address to use by connecting to the leading JobManager.
2022-11-13 05:42:59,781 INFO  org.apache.flink.runtime.util.LeaderRetrievalUtils            - TaskManager will try to connect for 10000 milliseconds before falling back to heuristics
2022-11-13 05:42:59,783 INFO  org.apache.flink.runtime.net.ConnectionUtils                  - Retrieved new target address /9.135.56.161:6123.
2022-11-13 05:42:59,786 INFO  org.apache.flink.runtime.taskmanager.TaskManager              - TaskManager will use hostname/address 'VM-56-161-centos' (127.0.0.1) for communication.
2022-11-13 05:42:59,789 INFO  org.apache.flink.runtime.taskmanager.TaskManager              - Starting TaskManager
2022-11-13 05:42:59,789 INFO  org.apache.flink.runtime.taskmanager.TaskManager              - Starting TaskManager actor system at VM-56-161-centos:53560.
2022-11-13 05:42:59,790 INFO  org.apache.flink.runtime.taskmanager.TaskManager              - Trying to start actor system at vm-56-161-centos:53560
2022-11-13 05:43:00,166 INFO  akka.event.slf4j.Slf4jLogger                                  - Slf4jLogger started
2022-11-13 05:43:00,237 INFO  akka.remote.Remoting                                          - Starting remoting
2022-11-13 05:43:00,330 INFO  akka.remote.Remoting                                          - Remoting started; listening on addresses :[akka.tcp://flink@vm-56-161-centos:53560]
2022-11-13 05:43:00,337 INFO  org.apache.flink.runtime.taskmanager.TaskManager              - Actor system started at akka.tcp://flink@vm-56-161-centos:53560
2022-11-13 05:43:00,343 INFO  org.apache.flink.runtime.metrics.MetricRegistryImpl           - No metrics reporter configured, no metrics will be exposed/reported.
2022-11-13 05:43:00,347 INFO  org.apache.flink.runtime.taskmanager.TaskManager              - Starting TaskManager actor
2022-11-13 05:43:00,351 INFO  org.apache.flink.runtime.io.network.netty.NettyConfig         - NettyConfig [server address: VM-56-161-centos/127.0.0.1, server port: 0, ssl enabled: false, memory segment size (bytes): 32768, transport type: NIO, number of server threads: 2 (manual), number of client threads: 2 (manual), server connect backlog: 0 (use Netty's default), client connect timeout (sec): 120, send/receive buffer size (bytes): 0 (use Netty's default)]
2022-11-13 05:43:00,353 INFO  org.apache.flink.runtime.taskexecutor.TaskManagerConfiguration  - Messages have a max timeout of 10000 ms
2022-11-13 05:43:00,356 INFO  org.apache.flink.runtime.taskexecutor.TaskManagerServices     - Temporary file directory '/tmp': total 98 GB, usable 41 GB (41.84% usable)
2022-11-13 05:43:00,403 INFO  org.apache.flink.runtime.io.network.buffer.NetworkBufferPool  - Allocated 64 MB for network buffer pool (number of memory segments: 2048, bytes per segment: 32768).
2022-11-13 05:43:00,535 WARN  org.apache.flink.runtime.query.QueryableStateUtils            - Could not load Queryable State Client Proxy. Probable reason: flink-queryable-state-runtime is not in the classpath. Please put the corresponding jar from the opt to the lib folder.
2022-11-13 05:43:00,536 WARN  org.apache.flink.runtime.query.QueryableStateUtils            - Could not load Queryable State Server. Probable reason: flink-queryable-state-runtime is not in the classpath. Please put the corresponding jar from the opt to the lib folder.
2022-11-13 05:43:00,536 INFO  org.apache.flink.runtime.io.network.NetworkEnvironment        - Starting the network environment and its components.
2022-11-13 05:43:00,575 INFO  org.apache.flink.runtime.io.network.netty.NettyClient         - Successful initialization (took 32 ms).
2022-11-13 05:43:03,590 WARN  org.apache.flink.shaded.netty4.io.netty.util.internal.ThreadLocalRandom  - Failed to generate a seed from SecureRandom within 3 seconds. Not enough entrophy?
2022-11-13 05:43:03,616 INFO  org.apache.flink.runtime.io.network.netty.NettyServer         - Successful initialization (took 3041 ms). Listening on SocketAddress /127.0.0.1:42477.
2022-11-13 05:43:03,677 INFO  org.apache.flink.runtime.taskexecutor.TaskManagerServices     - Limiting managed memory to 0.7 of the currently free heap space (307 MB), memory will be allocated lazily.
2022-11-13 05:43:03,681 INFO  org.apache.flink.runtime.io.disk.iomanager.IOManager          - I/O manager uses directory /tmp/flink-io-74e0e4ba-8d84-4cf6-bfb6-6436938083b6 for spill files.
2022-11-13 05:43:03,683 INFO  org.apache.flink.runtime.filecache.FileCache                  - User file cache uses directory /tmp/flink-dist-cache-7e41133a-d959-4196-8823-02a022cad1be
2022-11-13 05:43:03,753 INFO  org.apache.flink.runtime.filecache.FileCache                  - User file cache uses directory /tmp/flink-dist-cache-95fe1020-69b8-401a-8d19-a848dc0a721b
2022-11-13 05:43:03,761 INFO  org.apache.flink.runtime.taskmanager.TaskManager              - Starting TaskManager actor at akka://flink/user/taskmanager#-803613235.
2022-11-13 05:43:03,762 INFO  org.apache.flink.runtime.taskmanager.TaskManager              - TaskManager data connection information: eeff9a8659b85b22fef77bff2ae831ff @ VM-56-161-centos (dataPort=42477)
2022-11-13 05:43:03,762 INFO  org.apache.flink.runtime.taskmanager.TaskManager              - TaskManager has 2 task slot(s).
2022-11-13 05:43:03,763 INFO  org.apache.flink.runtime.taskmanager.TaskManager              - Memory usage stats: [HEAP: 75/512/512 MB, NON HEAP: 32/32/-1 MB (used/committed/max)]
2022-11-13 05:43:03,766 INFO  org.apache.flink.runtime.taskmanager.TaskManager              - Trying to register at JobManager akka.tcp://flink@9.135.56.161:6123/user/jobmanager (attempt 1, timeout: 500 milliseconds)
2022-11-13 05:43:03,903 INFO  org.apache.flink.runtime.taskmanager.TaskManager              - Successful registration at JobManager (akka.tcp://flink@9.135.56.161:6123/user/jobmanager), starting network stack and library cache.
2022-11-13 05:43:03,906 INFO  org.apache.flink.runtime.taskmanager.TaskManager              - Determined BLOB server address to be /9.135.56.161:37938. Starting BLOB cache.
2022-11-13 05:43:03,910 INFO  org.apache.flink.runtime.blob.PermanentBlobCache              - Created BLOB cache storage directory /tmp/blobStore-187e696e-fa0b-4e01-8e7e-0cf17aa5c7c6
2022-11-13 05:43:03,914 INFO  org.apache.flink.runtime.blob.TransientBlobCache              - Created BLOB cache storage directory /tmp/blobStore-412144a3-d9c2-4695-a50d-aad3317fb87f
2022-12-03 09:06:45,362 WARN  akka.remote.transport.netty.NettyTransport                    - Remote connection to [/9.135.219.106:55245] failed with org.apache.flink.shaded.akka.org.jboss.netty.handler.codec.frame.TooLongFrameException: Adjusted frame length exceeds 10485760: 1195725860 - discarded
2022-12-03 09:06:45,402 WARN  akka.remote.transport.netty.NettyTransport                    - Remote connection to [/9.135.219.106:55299] failed with org.apache.flink.shaded.akka.org.jboss.netty.handler.codec.frame.TooLongFrameException: Adjusted frame length exceeds 10485760: 1784969076 - discarded
2022-12-03 09:06:45,453 WARN  akka.remote.transport.netty.NettyTransport                    - Remote connection to [/9.135.219.106:55362] failed with org.apache.flink.shaded.akka.org.jboss.netty.handler.codec.frame.TooLongFrameException: Adjusted frame length exceeds 10485760: 1195725860 - discarded
2022-12-03 09:06:45,466 WARN  akka.remote.transport.netty.NettyTransport                    - Remote connection to [/9.135.219.106:55380] failed with org.apache.flink.shaded.akka.org.jboss.netty.handler.codec.frame.TooLongFrameException: Adjusted frame length exceeds 10485760: 1245992788 - discarded
2022-12-03 09:06:45,506 WARN  akka.remote.transport.netty.NettyTransport                    - Remote connection to [/9.135.219.106:55433] failed with org.apache.flink.shaded.akka.org.jboss.netty.handler.codec.frame.TooLongFrameException: Adjusted frame length exceeds 10485760: 369295621 - discarded
2022-12-03 09:06:45,551 WARN  akka.remote.transport.netty.NettyTransport                    - Remote connection to [/9.135.219.106:55499] failed with org.apache.flink.shaded.akka.org.jboss.netty.handler.codec.frame.TooLongFrameException: Adjusted frame length exceeds 10485760: 1195725860 - discarded
2022-12-03 09:06:45,573 WARN  akka.remote.transport.netty.NettyTransport                    - Remote connection to [/9.135.219.106:55541] failed with org.apache.flink.shaded.akka.org.jboss.netty.handler.codec.frame.TooLongFrameException: Adjusted frame length exceeds 10485760: 369295621 - discarded
2022-12-03 09:06:45,602 WARN  akka.remote.transport.netty.NettyTransport                    - Remote connection to [/9.135.219.106:55567] failed with org.apache.flink.shaded.akka.org.jboss.netty.handler.codec.frame.TooLongFrameException: Adjusted frame length exceeds 10485760: 1195725860 - discarded
2022-12-03 09:06:45,618 WARN  akka.remote.transport.netty.NettyTransport                    - Remote connection to [/9.135.219.106:55582] failed with org.apache.flink.shaded.akka.org.jboss.netty.handler.codec.frame.TooLongFrameException: Adjusted frame length exceeds 10485760: 369295621 - discarded
2022-12-03 09:06:45,652 WARN  akka.remote.transport.netty.NettyTransport                    - Remote connection to [/9.135.219.106:55623] failed with org.apache.flink.shaded.akka.org.jboss.netty.handler.codec.frame.TooLongFrameException: Adjusted frame length exceeds 10485760: 1195725860 - discarded
2022-12-03 09:06:45,705 WARN  akka.remote.transport.netty.NettyTransport                    - Remote connection to [/9.135.219.106:55690] failed with org.apache.flink.shaded.akka.org.jboss.netty.handler.codec.frame.TooLongFrameException: Adjusted frame length exceeds 10485760: 16844079 - discarded
2022-12-03 09:06:45,752 WARN  akka.remote.transport.netty.NettyTransport                    - Remote connection to [/9.135.219.106:55740] failed with org.apache.flink.shaded.akka.org.jboss.netty.handler.codec.frame.TooLongFrameException: Adjusted frame length exceeds 10485760: 1195725860 - discarded
2022-12-03 09:06:45,802 WARN  akka.remote.transport.netty.NettyTransport                    - Remote connection to [/9.135.219.106:55797] failed with org.apache.flink.shaded.akka.org.jboss.netty.handler.codec.frame.TooLongFrameException: Adjusted frame length exceeds 10485760: 369295621 - discarded
2022-12-03 09:06:45,852 WARN  akka.remote.transport.netty.NettyTransport                    - Remote connection to [/9.135.219.106:55858] failed with org.apache.flink.shaded.akka.org.jboss.netty.handler.codec.frame.TooLongFrameException: Adjusted frame length exceeds 10485760: 1195725860 - discarded
2022-12-03 09:06:45,904 WARN  akka.remote.transport.netty.NettyTransport                    - Remote connection to [/9.135.219.106:55917] failed with org.apache.flink.shaded.akka.org.jboss.netty.handler.codec.frame.TooLongFrameException: Adjusted frame length exceeds 10485760: 1768842867 - discarded
2022-12-03 09:06:45,953 ERROR akka.actor.OneForOneStrategy                                  - Error while decoding incoming Akka PDU of length: 164
akka.remote.transport.AkkaProtocolException: Error while decoding incoming Akka PDU of length: 164
Caused by: akka.remote.transport.PduCodecException: Decoding PDU failed.
	at akka.remote.transport.AkkaPduProtobufCodec$.decodePdu(AkkaPduCodec.scala:173)
	at akka.remote.transport.ProtocolStateActor.akka$remote$transport$ProtocolStateActor$$decodePdu(AkkaProtocolTransport.scala:657)
	at akka.remote.transport.ProtocolStateActor$$anonfun$3.applyOrElse(AkkaProtocolTransport.scala:411)
	at akka.remote.transport.ProtocolStateActor$$anonfun$3.applyOrElse(AkkaProtocolTransport.scala:374)
	at scala.runtime.AbstractPartialFunction.apply(AbstractPartialFunction.scala:36)
	at akka.actor.FSM$class.processEvent(FSM.scala:663)
	at akka.remote.transport.ProtocolStateActor.processEvent(AkkaProtocolTransport.scala:285)
	at akka.actor.FSM$class.akka$actor$FSM$$processMsg(FSM.scala:657)
	at akka.actor.FSM$$anonfun$receive$1.applyOrElse(FSM.scala:651)
	at akka.actor.Actor$class.aroundReceive(Actor.scala:502)
	at akka.remote.transport.ProtocolStateActor.aroundReceive(AkkaProtocolTransport.scala:285)
	at akka.actor.ActorCell.receiveMessage(ActorCell.scala:526)
	at akka.actor.ActorCell.invoke(ActorCell.scala:495)
	at akka.dispatch.Mailbox.processMailbox(Mailbox.scala:257)
	at akka.dispatch.Mailbox.run(Mailbox.scala:224)
	at akka.dispatch.Mailbox.exec(Mailbox.scala:234)
	at scala.concurrent.forkjoin.ForkJoinTask.doExec(ForkJoinTask.java:260)
	at scala.concurrent.forkjoin.ForkJoinPool$WorkQueue.runTask(ForkJoinPool.java:1339)
	at scala.concurrent.forkjoin.ForkJoinPool.runWorker(ForkJoinPool.java:1979)
	at scala.concurrent.forkjoin.ForkJoinWorkerThread.run(ForkJoinWorkerThread.java:107)
Caused by: akka.protobuf.InvalidProtocolBufferException: Protocol message tag had invalid wire type.
	at akka.protobuf.InvalidProtocolBufferException.invalidWireType(InvalidProtocolBufferException.java:99)
	at akka.protobuf.UnknownFieldSet$Builder.mergeFieldFrom(UnknownFieldSet.java:498)
	at akka.protobuf.GeneratedMessage.parseUnknownField(GeneratedMessage.java:193)
	at akka.remote.WireFormats$AkkaProtocolMessage.<init>(WireFormats.java:7179)
	at akka.remote.WireFormats$AkkaProtocolMessage.<init>(WireFormats.java:7137)
	at akka.remote.WireFormats$AkkaProtocolMessage$1.parsePartialFrom(WireFormats.java:7233)
	at akka.remote.WireFormats$AkkaProtocolMessage$1.parsePartialFrom(WireFormats.java:7228)
	at akka.protobuf.AbstractParser.parsePartialFrom(AbstractParser.java:141)
	at akka.protobuf.AbstractParser.parseFrom(AbstractParser.java:177)
	at akka.protobuf.AbstractParser.parseFrom(AbstractParser.java:188)
	at akka.protobuf.AbstractParser.parseFrom(AbstractParser.java:193)
	at akka.protobuf.AbstractParser.parseFrom(AbstractParser.java:49)
	at akka.remote.WireFormats$AkkaProtocolMessage.parseFrom(WireFormats.java:7351)
	at akka.remote.transport.AkkaPduProtobufCodec$.decodePdu(AkkaPduCodec.scala:174)
	... 19 more
2022-12-03 09:06:46,003 WARN  akka.remote.transport.netty.NettyTransport                    - Remote connection to [/9.135.219.106:56043] failed with org.apache.flink.shaded.akka.org.jboss.netty.handler.codec.frame.TooLongFrameException: Adjusted frame length exceeds 10485760: 1195725860 - discarded
