2022-04-29 10:49:16,062 INFO  org.apache.flink.runtime.taskmanager.TaskManager              - --------------------------------------------------------------------------------
2022-04-29 10:49:16,063 INFO  org.apache.flink.runtime.taskmanager.TaskManager              -  Starting TaskManager (Version: 1.4.1, Rev:<unknown>, Date:<unknown>)
2022-04-29 10:49:16,063 INFO  org.apache.flink.runtime.taskmanager.TaskManager              -  OS current user: root
2022-04-29 10:49:16,220 WARN  org.apache.hadoop.util.NativeCodeLoader                       - Unable to load native-hadoop library for your platform... using builtin-java classes where applicable
2022-04-29 10:49:16,419 INFO  org.apache.flink.runtime.taskmanager.TaskManager              -  Current Hadoop/Kerberos user: root
2022-04-29 10:49:16,419 INFO  org.apache.flink.runtime.taskmanager.TaskManager              -  JVM: OpenJDK 64-Bit Server VM - Tencent - 1.8/25.292-b2
2022-04-29 10:49:16,419 INFO  org.apache.flink.runtime.taskmanager.TaskManager              -  Maximum heap size: 512 MiBytes
2022-04-29 10:49:16,419 INFO  org.apache.flink.runtime.taskmanager.TaskManager              -  JAVA_HOME: (not set)
2022-04-29 10:49:16,422 INFO  org.apache.flink.runtime.taskmanager.TaskManager              -  Hadoop version: 2.4.1
2022-04-29 10:49:16,422 INFO  org.apache.flink.runtime.taskmanager.TaskManager              -  JVM Options:
2022-04-29 10:49:16,422 INFO  org.apache.flink.runtime.taskmanager.TaskManager              -     -XX:+UseG1GC
2022-04-29 10:49:16,422 INFO  org.apache.flink.runtime.taskmanager.TaskManager              -     -Xms512M
2022-04-29 10:49:16,422 INFO  org.apache.flink.runtime.taskmanager.TaskManager              -     -Xmx512M
2022-04-29 10:49:16,422 INFO  org.apache.flink.runtime.taskmanager.TaskManager              -     -XX:MaxDirectMemorySize=8388607T
2022-04-29 10:49:16,422 INFO  org.apache.flink.runtime.taskmanager.TaskManager              -     -Dlog.file=/root/dannylian/code/ds2/workspace/flink-1.4.1-instrumented/flink-1.4.1/flink-dist/target/flink-1.4.1-bin/flink-1.4.1/log/flink-root-taskmanager-49-VM-56-161-centos.log
2022-04-29 10:49:16,422 INFO  org.apache.flink.runtime.taskmanager.TaskManager              -     -Dlog4j.configuration=file:/root/dannylian/code/ds2/workspace/flink-1.4.1-instrumented/flink-1.4.1/flink-dist/target/flink-1.4.1-bin/flink-1.4.1/conf/log4j.properties
2022-04-29 10:49:16,422 INFO  org.apache.flink.runtime.taskmanager.TaskManager              -     -Dlogback.configurationFile=file:/root/dannylian/code/ds2/workspace/flink-1.4.1-instrumented/flink-1.4.1/flink-dist/target/flink-1.4.1-bin/flink-1.4.1/conf/logback.xml
2022-04-29 10:49:16,422 INFO  org.apache.flink.runtime.taskmanager.TaskManager              -  Program Arguments:
2022-04-29 10:49:16,423 INFO  org.apache.flink.runtime.taskmanager.TaskManager              -     --configDir
2022-04-29 10:49:16,423 INFO  org.apache.flink.runtime.taskmanager.TaskManager              -     /root/dannylian/code/ds2/workspace/flink-1.4.1-instrumented/flink-1.4.1/flink-dist/target/flink-1.4.1-bin/flink-1.4.1/conf
2022-04-29 10:49:16,423 INFO  org.apache.flink.runtime.taskmanager.TaskManager              -  Classpath: :/root/dannylian/code/ds2/workspace/flink-1.4.1-instrumented/flink-1.4.1/flink-dist/target/flink-1.4.1-bin/flink-1.4.1/lib/flink-dist_2.11-1.4.1.jar:/root/dannylian/code/ds2/workspace/flink-1.4.1-instrumented/flink-1.4.1/flink-dist/target/flink-1.4.1-bin/flink-1.4.1/lib/flink-python_2.11-1.4.1.jar:/root/dannylian/code/ds2/workspace/flink-1.4.1-instrumented/flink-1.4.1/flink-dist/target/flink-1.4.1-bin/flink-1.4.1/lib/flink-shaded-hadoop2-uber-1.4.1.jar:/root/dannylian/code/ds2/workspace/flink-1.4.1-instrumented/flink-1.4.1/flink-dist/target/flink-1.4.1-bin/flink-1.4.1/lib/log4j-1.2.17.jar:/root/dannylian/code/ds2/workspace/flink-1.4.1-instrumented/flink-1.4.1/flink-dist/target/flink-1.4.1-bin/flink-1.4.1/lib/slf4j-log4j12-1.7.7.jar:::
2022-04-29 10:49:16,423 INFO  org.apache.flink.runtime.taskmanager.TaskManager              - --------------------------------------------------------------------------------
2022-04-29 10:49:16,424 INFO  org.apache.flink.runtime.taskmanager.TaskManager              - Registered UNIX signal handlers for [TERM, HUP, INT]
2022-04-29 10:49:16,428 INFO  org.apache.flink.runtime.taskmanager.TaskManager              - Maximum number of open file descriptors is 1000000
2022-04-29 10:49:16,443 INFO  org.apache.flink.runtime.taskmanager.TaskManager              - Loading configuration from /root/dannylian/code/ds2/workspace/flink-1.4.1-instrumented/flink-1.4.1/flink-dist/target/flink-1.4.1-bin/flink-1.4.1/conf
2022-04-29 10:49:16,446 INFO  org.apache.flink.configuration.GlobalConfiguration            - Loading configuration property: jobmanager.rpc.address, 9.135.56.161
2022-04-29 10:49:16,446 INFO  org.apache.flink.configuration.GlobalConfiguration            - Loading configuration property: jobmanager.rpc.port, 6123
2022-04-29 10:49:16,446 INFO  org.apache.flink.configuration.GlobalConfiguration            - Loading configuration property: jobmanager.heap.mb, 1024
2022-04-29 10:49:16,446 INFO  org.apache.flink.configuration.GlobalConfiguration            - Loading configuration property: taskmanager.heap.mb, 512
2022-04-29 10:49:16,446 INFO  org.apache.flink.configuration.GlobalConfiguration            - Loading configuration property: taskmanager.numberOfTaskSlots, 2
2022-04-29 10:49:16,446 INFO  org.apache.flink.configuration.GlobalConfiguration            - Loading configuration property: taskmanager.memory.preallocate, false
2022-04-29 10:49:16,447 INFO  org.apache.flink.configuration.GlobalConfiguration            - Loading configuration property: parallelism.default, 1
2022-04-29 10:49:16,447 INFO  org.apache.flink.configuration.GlobalConfiguration            - Loading configuration property: web.port, 8081
2022-04-29 10:49:16,447 INFO  org.apache.flink.configuration.GlobalConfiguration            - Loading configuration property: state.backend, filesystem
2022-04-29 10:49:16,447 INFO  org.apache.flink.configuration.GlobalConfiguration            - Loading configuration property: state.backend.fs.checkpointdir, file:///root/dannylian/code/ds2/savepoints/
2022-04-29 10:49:16,489 INFO  org.apache.flink.runtime.security.modules.HadoopModule        - Hadoop user set to root (auth:SIMPLE)
2022-04-29 10:49:16,534 INFO  org.apache.flink.runtime.util.LeaderRetrievalUtils            - Trying to select the network interface and address to use by connecting to the leading JobManager.
2022-04-29 10:49:16,534 INFO  org.apache.flink.runtime.util.LeaderRetrievalUtils            - TaskManager will try to connect for 10000 milliseconds before falling back to heuristics
2022-04-29 10:49:16,536 INFO  org.apache.flink.runtime.net.ConnectionUtils                  - Retrieved new target address /9.135.56.161:6123.
2022-04-29 10:49:16,539 INFO  org.apache.flink.runtime.taskmanager.TaskManager              - TaskManager will use hostname/address 'VM-56-161-centos' (127.0.0.1) for communication.
2022-04-29 10:49:16,542 INFO  org.apache.flink.runtime.taskmanager.TaskManager              - Starting TaskManager
2022-04-29 10:49:16,543 INFO  org.apache.flink.runtime.taskmanager.TaskManager              - Starting TaskManager actor system at VM-56-161-centos:33619.
2022-04-29 10:49:16,544 INFO  org.apache.flink.runtime.taskmanager.TaskManager              - Trying to start actor system at vm-56-161-centos:33619
2022-04-29 10:49:16,937 INFO  akka.event.slf4j.Slf4jLogger                                  - Slf4jLogger started
2022-04-29 10:49:17,002 INFO  akka.remote.Remoting                                          - Starting remoting
2022-04-29 10:49:17,119 INFO  akka.remote.Remoting                                          - Remoting started; listening on addresses :[akka.tcp://flink@vm-56-161-centos:33619]
2022-04-29 10:49:17,124 INFO  org.apache.flink.runtime.taskmanager.TaskManager              - Actor system started at akka.tcp://flink@vm-56-161-centos:33619
2022-04-29 10:49:17,129 INFO  org.apache.flink.runtime.metrics.MetricRegistryImpl           - No metrics reporter configured, no metrics will be exposed/reported.
2022-04-29 10:49:17,132 INFO  org.apache.flink.runtime.taskmanager.TaskManager              - Starting TaskManager actor
2022-04-29 10:49:17,136 INFO  org.apache.flink.runtime.io.network.netty.NettyConfig         - NettyConfig [server address: VM-56-161-centos/127.0.0.1, server port: 0, ssl enabled: false, memory segment size (bytes): 32768, transport type: NIO, number of server threads: 2 (manual), number of client threads: 2 (manual), server connect backlog: 0 (use Netty's default), client connect timeout (sec): 120, send/receive buffer size (bytes): 0 (use Netty's default)]
2022-04-29 10:49:17,139 INFO  org.apache.flink.runtime.taskexecutor.TaskManagerConfiguration  - Messages have a max timeout of 10000 ms
2022-04-29 10:49:17,142 INFO  org.apache.flink.runtime.taskexecutor.TaskManagerServices     - Temporary file directory '/tmp': total 98 GB, usable 36 GB (36.73% usable)
2022-04-29 10:49:17,205 INFO  org.apache.flink.runtime.io.network.buffer.NetworkBufferPool  - Allocated 64 MB for network buffer pool (number of memory segments: 2048, bytes per segment: 32768).
2022-04-29 10:49:17,315 WARN  org.apache.flink.runtime.query.QueryableStateUtils            - Could not load Queryable State Client Proxy. Probable reason: flink-queryable-state-runtime is not in the classpath. Please put the corresponding jar from the opt to the lib folder.
2022-04-29 10:49:17,315 WARN  org.apache.flink.runtime.query.QueryableStateUtils            - Could not load Queryable State Server. Probable reason: flink-queryable-state-runtime is not in the classpath. Please put the corresponding jar from the opt to the lib folder.
2022-04-29 10:49:17,316 INFO  org.apache.flink.runtime.io.network.NetworkEnvironment        - Starting the network environment and its components.
2022-04-29 10:49:17,356 INFO  org.apache.flink.runtime.io.network.netty.NettyClient         - Successful initialization (took 31 ms).
2022-04-29 10:49:20,365 WARN  org.apache.flink.shaded.netty4.io.netty.util.internal.ThreadLocalRandom  - Failed to generate a seed from SecureRandom within 3 seconds. Not enough entrophy?
2022-04-29 10:49:20,381 INFO  org.apache.flink.runtime.io.network.netty.NettyServer         - Successful initialization (took 3025 ms). Listening on SocketAddress /127.0.0.1:45068.
2022-04-29 10:49:20,423 INFO  org.apache.flink.runtime.taskexecutor.TaskManagerServices     - Limiting managed memory to 0.7 of the currently free heap space (307 MB), memory will be allocated lazily.
2022-04-29 10:49:20,426 INFO  org.apache.flink.runtime.io.disk.iomanager.IOManager          - I/O manager uses directory /tmp/flink-io-d6fb9c28-9dfd-481d-9e9e-925689232314 for spill files.
2022-04-29 10:49:20,428 INFO  org.apache.flink.runtime.filecache.FileCache                  - User file cache uses directory /tmp/flink-dist-cache-dc259ae3-e35e-4fa9-a483-baa40ba38294
2022-04-29 10:49:20,472 INFO  org.apache.flink.runtime.filecache.FileCache                  - User file cache uses directory /tmp/flink-dist-cache-6d628a05-b667-4da4-bb92-f1f4ab45a03d
2022-04-29 10:49:20,478 INFO  org.apache.flink.runtime.taskmanager.TaskManager              - Starting TaskManager actor at akka://flink/user/taskmanager#-321972946.
2022-04-29 10:49:20,478 INFO  org.apache.flink.runtime.taskmanager.TaskManager              - TaskManager data connection information: e74607f9fc66da698355715f78e10ce1 @ VM-56-161-centos (dataPort=45068)
2022-04-29 10:49:20,478 INFO  org.apache.flink.runtime.taskmanager.TaskManager              - TaskManager has 2 task slot(s).
2022-04-29 10:49:20,479 INFO  org.apache.flink.runtime.taskmanager.TaskManager              - Memory usage stats: [HEAP: 75/512/512 MB, NON HEAP: 32/32/-1 MB (used/committed/max)]
2022-04-29 10:49:20,481 INFO  org.apache.flink.runtime.taskmanager.TaskManager              - Trying to register at JobManager akka.tcp://flink@9.135.56.161:6123/user/jobmanager (attempt 1, timeout: 500 milliseconds)
2022-04-29 10:49:20,567 INFO  org.apache.flink.runtime.taskmanager.TaskManager              - Successful registration at JobManager (akka.tcp://flink@9.135.56.161:6123/user/jobmanager), starting network stack and library cache.
2022-04-29 10:49:20,569 INFO  org.apache.flink.runtime.taskmanager.TaskManager              - Determined BLOB server address to be /9.135.56.161:47739. Starting BLOB cache.
2022-04-29 10:49:20,573 INFO  org.apache.flink.runtime.blob.PermanentBlobCache              - Created BLOB cache storage directory /tmp/blobStore-28002ba3-6f17-443d-9bea-ec4a818b414d
2022-04-29 10:49:20,575 INFO  org.apache.flink.runtime.blob.TransientBlobCache              - Created BLOB cache storage directory /tmp/blobStore-39b6e430-1c1e-4771-8f82-738117106a80
2022-04-29 10:49:27,958 INFO  org.apache.flink.runtime.taskmanager.TaskManager              - Received task Sliding Window -> DummyLatencySink (51/55)
2022-04-29 10:49:28,002 INFO  org.apache.flink.runtime.taskmanager.Task                     - Sliding Window -> DummyLatencySink (51/55) (ec00dc7d3224967151d86da0bf843b96) switched from CREATED to DEPLOYING.
2022-04-29 10:49:28,002 INFO  org.apache.flink.runtime.taskmanager.Task                     - Creating FileSystem stream leak safety net for task Sliding Window -> DummyLatencySink (51/55) (ec00dc7d3224967151d86da0bf843b96) [DEPLOYING]
2022-04-29 10:49:28,017 INFO  org.apache.flink.runtime.taskmanager.Task                     - Loading JAR files for task Sliding Window -> DummyLatencySink (51/55) (ec00dc7d3224967151d86da0bf843b96) [DEPLOYING].
2022-04-29 10:49:28,028 INFO  org.apache.flink.runtime.blob.BlobClient                      - Downloading 7a987cd9cbcdc9f780af16827af2c889/p-d1679e352d9c3b188b1c4d4563e0c75362345d04-79e62801ec8e3e54a336a287044f6ee6 from /9.135.56.161:47739
2022-04-29 10:49:30,733 INFO  org.apache.flink.runtime.taskmanager.Task                     - Registering task at network: Sliding Window -> DummyLatencySink (51/55) (ec00dc7d3224967151d86da0bf843b96) [DEPLOYING].
2022-04-29 10:49:30,751 INFO  org.apache.flink.runtime.taskmanager.Task                     - Sliding Window -> DummyLatencySink (51/55) (ec00dc7d3224967151d86da0bf843b96) switched from DEPLOYING to RUNNING.
2022-04-29 10:49:30,780 INFO  org.apache.flink.streaming.runtime.tasks.StreamTask           - State backend is set to heap memory (checkpoints to filesystem "file:/root/dannylian/code/ds2/savepoints")
2022-04-29 10:49:31,352 INFO  org.apache.flink.runtime.state.heap.HeapKeyedStateBackend     - Initializing heap keyed state backend with stream factory.
2022-04-29 10:50:38,850 INFO  org.apache.flink.runtime.state.heap.HeapKeyedStateBackend     - Heap backend snapshot (File Stream Factory @ /root/dannylian/code/ds2/savepoints/savepoint-7a987c-0c934c2cb012, synchronous part) in thread Thread[Sliding Window -> DummyLatencySink (51/55),5,Flink Task Threads] took 56 ms.
2022-04-29 10:50:39,388 INFO  org.apache.flink.runtime.state.heap.HeapKeyedStateBackend     - Heap backend snapshot (File Stream Factory @ /root/dannylian/code/ds2/savepoints/savepoint-7a987c-0c934c2cb012, asynchronous part) in thread Thread[pool-4-thread-1,5,Flink Task Threads] took 509 ms.
2022-04-29 10:50:40,219 INFO  org.apache.flink.runtime.taskmanager.Task                     - Attempting to cancel task Sliding Window -> DummyLatencySink (51/55) (ec00dc7d3224967151d86da0bf843b96).
2022-04-29 10:50:40,235 INFO  org.apache.flink.runtime.taskmanager.Task                     - Sliding Window -> DummyLatencySink (51/55) (ec00dc7d3224967151d86da0bf843b96) switched from RUNNING to CANCELING.
2022-04-29 10:50:40,257 INFO  org.apache.flink.runtime.taskmanager.Task                     - Triggering cancellation of task code Sliding Window -> DummyLatencySink (51/55) (ec00dc7d3224967151d86da0bf843b96).
2022-04-29 10:50:40,322 INFO  org.apache.flink.runtime.taskmanager.Task                     - Sliding Window -> DummyLatencySink (51/55) (ec00dc7d3224967151d86da0bf843b96) switched from CANCELING to CANCELED.
2022-04-29 10:50:40,322 INFO  org.apache.flink.runtime.taskmanager.Task                     - Freeing task resources for Sliding Window -> DummyLatencySink (51/55) (ec00dc7d3224967151d86da0bf843b96).
2022-04-29 10:50:40,364 INFO  org.apache.flink.runtime.taskmanager.Task                     - Ensuring all FileSystem streams are closed for task Sliding Window -> DummyLatencySink (51/55) (ec00dc7d3224967151d86da0bf843b96) [CANCELED]
2022-04-29 10:50:40,365 INFO  org.apache.flink.runtime.taskmanager.TaskManager              - Un-registering task and sending final execution state CANCELED to JobManager for task Sliding Window -> DummyLatencySink (ec00dc7d3224967151d86da0bf843b96)
2022-04-29 10:50:43,651 INFO  org.apache.flink.runtime.taskmanager.TaskManager              - Received task Sliding Window -> DummyLatencySink (50/68)
2022-04-29 10:50:43,777 INFO  org.apache.flink.runtime.taskmanager.Task                     - Sliding Window -> DummyLatencySink (50/68) (bd03465054e495d1aaffca22cafd8c97) switched from CREATED to DEPLOYING.
2022-04-29 10:50:43,777 INFO  org.apache.flink.runtime.taskmanager.Task                     - Creating FileSystem stream leak safety net for task Sliding Window -> DummyLatencySink (50/68) (bd03465054e495d1aaffca22cafd8c97) [DEPLOYING]
2022-04-29 10:50:43,798 INFO  org.apache.flink.runtime.taskmanager.Task                     - Loading JAR files for task Sliding Window -> DummyLatencySink (50/68) (bd03465054e495d1aaffca22cafd8c97) [DEPLOYING].
2022-04-29 10:50:43,802 INFO  org.apache.flink.runtime.blob.BlobClient                      - Downloading 90473826974cef245a66812976b953c1/p-d1679e352d9c3b188b1c4d4563e0c75362345d04-47683830ab35412ed4281b9d6c96fdd4 from /9.135.56.161:47739
2022-04-29 10:51:32,133 INFO  org.apache.flink.runtime.taskmanager.Task                     - Registering task at network: Sliding Window -> DummyLatencySink (50/68) (bd03465054e495d1aaffca22cafd8c97) [DEPLOYING].
2022-04-29 10:51:32,135 INFO  org.apache.flink.runtime.taskmanager.Task                     - Sliding Window -> DummyLatencySink (50/68) (bd03465054e495d1aaffca22cafd8c97) switched from DEPLOYING to RUNNING.
2022-04-29 10:51:32,135 INFO  org.apache.flink.streaming.runtime.tasks.StreamTask           - State backend is set to heap memory (checkpoints to filesystem "file:/root/dannylian/code/ds2/savepoints")
2022-04-29 10:51:41,073 INFO  org.apache.flink.runtime.state.heap.HeapKeyedStateBackend     - Initializing heap keyed state backend with stream factory.
2022-04-29 10:51:41,073 INFO  org.apache.flink.runtime.state.heap.HeapKeyedStateBackend     - Initializing heap keyed state backend from snapshot.
2022-04-29 10:51:55,444 INFO  org.apache.flink.runtime.taskmanager.Task                     - Sliding Window -> DummyLatencySink (50/68) (bd03465054e495d1aaffca22cafd8c97) switched from RUNNING to FAILED.
org.apache.flink.runtime.io.network.netty.exception.RemoteTransportException: Connection unexpectedly closed by remote task manager 'VM-56-161-centos/127.0.0.1:40089'. This might indicate that the remote task manager was lost.
	at org.apache.flink.runtime.io.network.netty.PartitionRequestClientHandler.channelInactive(PartitionRequestClientHandler.java:117)
	at org.apache.flink.shaded.netty4.io.netty.channel.AbstractChannelHandlerContext.invokeChannelInactive(AbstractChannelHandlerContext.java:237)
	at org.apache.flink.shaded.netty4.io.netty.channel.AbstractChannelHandlerContext.fireChannelInactive(AbstractChannelHandlerContext.java:223)
	at org.apache.flink.shaded.netty4.io.netty.channel.ChannelInboundHandlerAdapter.channelInactive(ChannelInboundHandlerAdapter.java:75)
	at org.apache.flink.shaded.netty4.io.netty.channel.AbstractChannelHandlerContext.invokeChannelInactive(AbstractChannelHandlerContext.java:237)
	at org.apache.flink.shaded.netty4.io.netty.channel.AbstractChannelHandlerContext.fireChannelInactive(AbstractChannelHandlerContext.java:223)
	at org.apache.flink.shaded.netty4.io.netty.handler.codec.ByteToMessageDecoder.channelInactive(ByteToMessageDecoder.java:294)
	at org.apache.flink.shaded.netty4.io.netty.channel.AbstractChannelHandlerContext.invokeChannelInactive(AbstractChannelHandlerContext.java:237)
	at org.apache.flink.shaded.netty4.io.netty.channel.AbstractChannelHandlerContext.fireChannelInactive(AbstractChannelHandlerContext.java:223)
	at org.apache.flink.shaded.netty4.io.netty.channel.DefaultChannelPipeline.fireChannelInactive(DefaultChannelPipeline.java:829)
	at org.apache.flink.shaded.netty4.io.netty.channel.AbstractChannel$AbstractUnsafe$7.run(AbstractChannel.java:610)
	at org.apache.flink.shaded.netty4.io.netty.util.concurrent.SingleThreadEventExecutor.runAllTasks(SingleThreadEventExecutor.java:357)
	at org.apache.flink.shaded.netty4.io.netty.channel.nio.NioEventLoop.run(NioEventLoop.java:357)
	at org.apache.flink.shaded.netty4.io.netty.util.concurrent.SingleThreadEventExecutor$2.run(SingleThreadEventExecutor.java:111)
	at java.lang.Thread.run(Thread.java:748)
2022-04-29 10:51:55,581 INFO  org.apache.flink.runtime.taskmanager.Task                     - Freeing task resources for Sliding Window -> DummyLatencySink (50/68) (bd03465054e495d1aaffca22cafd8c97).
2022-04-29 10:51:55,581 INFO  org.apache.flink.runtime.taskmanager.Task                     - Ensuring all FileSystem streams are closed for task Sliding Window -> DummyLatencySink (50/68) (bd03465054e495d1aaffca22cafd8c97) [FAILED]
2022-04-29 10:51:55,586 INFO  org.apache.flink.runtime.taskmanager.TaskManager              - Un-registering task and sending final execution state FAILED to JobManager for task Sliding Window -> DummyLatencySink (bd03465054e495d1aaffca22cafd8c97)
2022-04-29 10:51:55,690 INFO  org.apache.flink.runtime.taskmanager.TaskManager              - Discarding the results produced by task execution bd03465054e495d1aaffca22cafd8c97
2022-04-29 10:52:53,745 INFO  org.apache.flink.runtime.taskmanager.TaskManager              - RECEIVED SIGNAL 15: SIGTERM. Shutting down as requested.
2022-04-29 10:52:53,746 INFO  org.apache.flink.runtime.blob.TransientBlobCache              - Shutting down BLOB cache
2022-04-29 10:52:53,747 INFO  org.apache.flink.runtime.blob.PermanentBlobCache              - Shutting down BLOB cache
2022-04-29 10:52:53,749 INFO  org.apache.flink.runtime.io.disk.iomanager.IOManager          - I/O manager removed spill file directory /tmp/flink-io-d6fb9c28-9dfd-481d-9e9e-925689232314
