2022-11-13 05:42:48,880 INFO  org.apache.flink.runtime.taskmanager.TaskManager              - --------------------------------------------------------------------------------
2022-11-13 05:42:48,882 INFO  org.apache.flink.runtime.taskmanager.TaskManager              -  Starting TaskManager (Version: 1.4.1, Rev:<unknown>, Date:<unknown>)
2022-11-13 05:42:48,882 INFO  org.apache.flink.runtime.taskmanager.TaskManager              -  OS current user: root
2022-11-13 05:42:49,038 WARN  org.apache.hadoop.util.NativeCodeLoader                       - Unable to load native-hadoop library for your platform... using builtin-java classes where applicable
2022-11-13 05:42:49,212 INFO  org.apache.flink.runtime.taskmanager.TaskManager              -  Current Hadoop/Kerberos user: root
2022-11-13 05:42:49,212 INFO  org.apache.flink.runtime.taskmanager.TaskManager              -  JVM: OpenJDK 64-Bit Server VM - Tencent - 1.8/25.292-b2
2022-11-13 05:42:49,212 INFO  org.apache.flink.runtime.taskmanager.TaskManager              -  Maximum heap size: 512 MiBytes
2022-11-13 05:42:49,212 INFO  org.apache.flink.runtime.taskmanager.TaskManager              -  JAVA_HOME: (not set)
2022-11-13 05:42:49,214 INFO  org.apache.flink.runtime.taskmanager.TaskManager              -  Hadoop version: 2.4.1
2022-11-13 05:42:49,214 INFO  org.apache.flink.runtime.taskmanager.TaskManager              -  JVM Options:
2022-11-13 05:42:49,214 INFO  org.apache.flink.runtime.taskmanager.TaskManager              -     -XX:+UseG1GC
2022-11-13 05:42:49,214 INFO  org.apache.flink.runtime.taskmanager.TaskManager              -     -Xms512M
2022-11-13 05:42:49,215 INFO  org.apache.flink.runtime.taskmanager.TaskManager              -     -Xmx512M
2022-11-13 05:42:49,215 INFO  org.apache.flink.runtime.taskmanager.TaskManager              -     -XX:MaxDirectMemorySize=8388607T
2022-11-13 05:42:49,215 INFO  org.apache.flink.runtime.taskmanager.TaskManager              -     -Dlog.file=/root/dannylian/code/ds2/workspace/flink-1.4.1-instrumented/flink-1.4.1/flink-dist/target/flink-1.4.1-bin/flink-1.4.1/log/flink-root-taskmanager-7-VM-56-161-centos.log
2022-11-13 05:42:49,215 INFO  org.apache.flink.runtime.taskmanager.TaskManager              -     -Dlog4j.configuration=file:/root/dannylian/code/ds2/workspace/flink-1.4.1-instrumented/flink-1.4.1/flink-dist/target/flink-1.4.1-bin/flink-1.4.1/conf/log4j.properties
2022-11-13 05:42:49,215 INFO  org.apache.flink.runtime.taskmanager.TaskManager              -     -Dlogback.configurationFile=file:/root/dannylian/code/ds2/workspace/flink-1.4.1-instrumented/flink-1.4.1/flink-dist/target/flink-1.4.1-bin/flink-1.4.1/conf/logback.xml
2022-11-13 05:42:49,215 INFO  org.apache.flink.runtime.taskmanager.TaskManager              -  Program Arguments:
2022-11-13 05:42:49,215 INFO  org.apache.flink.runtime.taskmanager.TaskManager              -     --configDir
2022-11-13 05:42:49,215 INFO  org.apache.flink.runtime.taskmanager.TaskManager              -     /root/dannylian/code/ds2/workspace/flink-1.4.1-instrumented/flink-1.4.1/flink-dist/target/flink-1.4.1-bin/flink-1.4.1/conf
2022-11-13 05:42:49,215 INFO  org.apache.flink.runtime.taskmanager.TaskManager              -  Classpath: :/root/dannylian/code/ds2/workspace/flink-1.4.1-instrumented/flink-1.4.1/flink-dist/target/flink-1.4.1-bin/flink-1.4.1/lib/flink-dist_2.11-1.4.1.jar:/root/dannylian/code/ds2/workspace/flink-1.4.1-instrumented/flink-1.4.1/flink-dist/target/flink-1.4.1-bin/flink-1.4.1/lib/flink-python_2.11-1.4.1.jar:/root/dannylian/code/ds2/workspace/flink-1.4.1-instrumented/flink-1.4.1/flink-dist/target/flink-1.4.1-bin/flink-1.4.1/lib/flink-shaded-hadoop2-uber-1.4.1.jar:/root/dannylian/code/ds2/workspace/flink-1.4.1-instrumented/flink-1.4.1/flink-dist/target/flink-1.4.1-bin/flink-1.4.1/lib/log4j-1.2.17.jar:/root/dannylian/code/ds2/workspace/flink-1.4.1-instrumented/flink-1.4.1/flink-dist/target/flink-1.4.1-bin/flink-1.4.1/lib/slf4j-log4j12-1.7.7.jar:::
2022-11-13 05:42:49,215 INFO  org.apache.flink.runtime.taskmanager.TaskManager              - --------------------------------------------------------------------------------
2022-11-13 05:42:49,216 INFO  org.apache.flink.runtime.taskmanager.TaskManager              - Registered UNIX signal handlers for [TERM, HUP, INT]
2022-11-13 05:42:49,220 INFO  org.apache.flink.runtime.taskmanager.TaskManager              - Maximum number of open file descriptors is 1000000
2022-11-13 05:42:49,238 INFO  org.apache.flink.runtime.taskmanager.TaskManager              - Loading configuration from /root/dannylian/code/ds2/workspace/flink-1.4.1-instrumented/flink-1.4.1/flink-dist/target/flink-1.4.1-bin/flink-1.4.1/conf
2022-11-13 05:42:49,241 INFO  org.apache.flink.configuration.GlobalConfiguration            - Loading configuration property: jobmanager.rpc.address, 9.135.56.161
2022-11-13 05:42:49,241 INFO  org.apache.flink.configuration.GlobalConfiguration            - Loading configuration property: jobmanager.rpc.port, 6123
2022-11-13 05:42:49,241 INFO  org.apache.flink.configuration.GlobalConfiguration            - Loading configuration property: jobmanager.heap.mb, 1024
2022-11-13 05:42:49,241 INFO  org.apache.flink.configuration.GlobalConfiguration            - Loading configuration property: taskmanager.heap.mb, 512
2022-11-13 05:42:49,242 INFO  org.apache.flink.configuration.GlobalConfiguration            - Loading configuration property: taskmanager.numberOfTaskSlots, 2
2022-11-13 05:42:49,242 INFO  org.apache.flink.configuration.GlobalConfiguration            - Loading configuration property: taskmanager.memory.preallocate, false
2022-11-13 05:42:49,242 INFO  org.apache.flink.configuration.GlobalConfiguration            - Loading configuration property: parallelism.default, 1
2022-11-13 05:42:49,242 INFO  org.apache.flink.configuration.GlobalConfiguration            - Loading configuration property: web.port, 8081
2022-11-13 05:42:49,243 INFO  org.apache.flink.configuration.GlobalConfiguration            - Loading configuration property: state.backend, filesystem
2022-11-13 05:42:49,243 INFO  org.apache.flink.configuration.GlobalConfiguration            - Loading configuration property: state.backend.fs.checkpointdir, file:///root/dannylian/code/ds2/savepoints/
2022-11-13 05:42:49,243 INFO  org.apache.flink.configuration.GlobalConfiguration            - Loading configuration property: metrics.latency.interval, 10
2022-11-13 05:42:49,293 INFO  org.apache.flink.runtime.security.modules.HadoopModule        - Hadoop user set to root (auth:SIMPLE)
2022-11-13 05:42:49,327 INFO  org.apache.flink.runtime.util.LeaderRetrievalUtils            - Trying to select the network interface and address to use by connecting to the leading JobManager.
2022-11-13 05:42:49,327 INFO  org.apache.flink.runtime.util.LeaderRetrievalUtils            - TaskManager will try to connect for 10000 milliseconds before falling back to heuristics
2022-11-13 05:42:49,329 INFO  org.apache.flink.runtime.net.ConnectionUtils                  - Retrieved new target address /9.135.56.161:6123.
2022-11-13 05:42:49,331 INFO  org.apache.flink.runtime.taskmanager.TaskManager              - TaskManager will use hostname/address 'VM-56-161-centos' (127.0.0.1) for communication.
2022-11-13 05:42:49,334 INFO  org.apache.flink.runtime.taskmanager.TaskManager              - Starting TaskManager
2022-11-13 05:42:49,334 INFO  org.apache.flink.runtime.taskmanager.TaskManager              - Starting TaskManager actor system at VM-56-161-centos:55030.
2022-11-13 05:42:49,336 INFO  org.apache.flink.runtime.taskmanager.TaskManager              - Trying to start actor system at vm-56-161-centos:55030
2022-11-13 05:42:49,695 INFO  akka.event.slf4j.Slf4jLogger                                  - Slf4jLogger started
2022-11-13 05:42:49,753 INFO  akka.remote.Remoting                                          - Starting remoting
2022-11-13 05:42:49,854 INFO  akka.remote.Remoting                                          - Remoting started; listening on addresses :[akka.tcp://flink@vm-56-161-centos:55030]
2022-11-13 05:42:49,865 INFO  org.apache.flink.runtime.taskmanager.TaskManager              - Actor system started at akka.tcp://flink@vm-56-161-centos:55030
2022-11-13 05:42:49,871 INFO  org.apache.flink.runtime.metrics.MetricRegistryImpl           - No metrics reporter configured, no metrics will be exposed/reported.
2022-11-13 05:42:49,873 INFO  org.apache.flink.runtime.taskmanager.TaskManager              - Starting TaskManager actor
2022-11-13 05:42:49,879 INFO  org.apache.flink.runtime.io.network.netty.NettyConfig         - NettyConfig [server address: VM-56-161-centos/127.0.0.1, server port: 0, ssl enabled: false, memory segment size (bytes): 32768, transport type: NIO, number of server threads: 2 (manual), number of client threads: 2 (manual), server connect backlog: 0 (use Netty's default), client connect timeout (sec): 120, send/receive buffer size (bytes): 0 (use Netty's default)]
2022-11-13 05:42:49,882 INFO  org.apache.flink.runtime.taskexecutor.TaskManagerConfiguration  - Messages have a max timeout of 10000 ms
2022-11-13 05:42:49,885 INFO  org.apache.flink.runtime.taskexecutor.TaskManagerServices     - Temporary file directory '/tmp': total 98 GB, usable 41 GB (41.84% usable)
2022-11-13 05:42:49,932 INFO  org.apache.flink.runtime.io.network.buffer.NetworkBufferPool  - Allocated 64 MB for network buffer pool (number of memory segments: 2048, bytes per segment: 32768).
2022-11-13 05:42:50,043 WARN  org.apache.flink.runtime.query.QueryableStateUtils            - Could not load Queryable State Client Proxy. Probable reason: flink-queryable-state-runtime is not in the classpath. Please put the corresponding jar from the opt to the lib folder.
2022-11-13 05:42:50,044 WARN  org.apache.flink.runtime.query.QueryableStateUtils            - Could not load Queryable State Server. Probable reason: flink-queryable-state-runtime is not in the classpath. Please put the corresponding jar from the opt to the lib folder.
2022-11-13 05:42:50,044 INFO  org.apache.flink.runtime.io.network.NetworkEnvironment        - Starting the network environment and its components.
2022-11-13 05:42:50,083 INFO  org.apache.flink.runtime.io.network.netty.NettyClient         - Successful initialization (took 29 ms).
2022-11-13 05:42:53,090 WARN  org.apache.flink.shaded.netty4.io.netty.util.internal.ThreadLocalRandom  - Failed to generate a seed from SecureRandom within 3 seconds. Not enough entrophy?
2022-11-13 05:42:53,112 INFO  org.apache.flink.runtime.io.network.netty.NettyServer         - Successful initialization (took 3029 ms). Listening on SocketAddress /127.0.0.1:47801.
2022-11-13 05:42:53,173 INFO  org.apache.flink.runtime.taskexecutor.TaskManagerServices     - Limiting managed memory to 0.7 of the currently free heap space (307 MB), memory will be allocated lazily.
2022-11-13 05:42:53,176 INFO  org.apache.flink.runtime.io.disk.iomanager.IOManager          - I/O manager uses directory /tmp/flink-io-6d3dc106-a9fc-45b2-8422-f3f345db6893 for spill files.
2022-11-13 05:42:53,179 INFO  org.apache.flink.runtime.filecache.FileCache                  - User file cache uses directory /tmp/flink-dist-cache-d27bc203-2c09-4671-bd03-421b9dd36b5c
2022-11-13 05:42:53,236 INFO  org.apache.flink.runtime.filecache.FileCache                  - User file cache uses directory /tmp/flink-dist-cache-b16a5f8f-820d-4be0-81c3-d7321f626fc0
2022-11-13 05:42:53,245 INFO  org.apache.flink.runtime.taskmanager.TaskManager              - Starting TaskManager actor at akka://flink/user/taskmanager#-1411566585.
2022-11-13 05:42:53,245 INFO  org.apache.flink.runtime.taskmanager.TaskManager              - TaskManager data connection information: eeabe9542d4a726eaa066aaf99bcf582 @ VM-56-161-centos (dataPort=47801)
2022-11-13 05:42:53,246 INFO  org.apache.flink.runtime.taskmanager.TaskManager              - TaskManager has 2 task slot(s).
2022-11-13 05:42:53,247 INFO  org.apache.flink.runtime.taskmanager.TaskManager              - Memory usage stats: [HEAP: 76/512/512 MB, NON HEAP: 32/32/-1 MB (used/committed/max)]
2022-11-13 05:42:53,251 INFO  org.apache.flink.runtime.taskmanager.TaskManager              - Trying to register at JobManager akka.tcp://flink@9.135.56.161:6123/user/jobmanager (attempt 1, timeout: 500 milliseconds)
2022-11-13 05:42:53,376 INFO  org.apache.flink.runtime.taskmanager.TaskManager              - Successful registration at JobManager (akka.tcp://flink@9.135.56.161:6123/user/jobmanager), starting network stack and library cache.
2022-11-13 05:42:53,380 INFO  org.apache.flink.runtime.taskmanager.TaskManager              - Determined BLOB server address to be /9.135.56.161:37938. Starting BLOB cache.
2022-11-13 05:42:53,385 INFO  org.apache.flink.runtime.blob.PermanentBlobCache              - Created BLOB cache storage directory /tmp/blobStore-382ca3f0-9e16-4ec8-909e-9768adedceab
2022-11-13 05:42:53,387 INFO  org.apache.flink.runtime.blob.TransientBlobCache              - Created BLOB cache storage directory /tmp/blobStore-f00c8ad1-8465-46d8-88fc-2eab30d74c07
2022-11-13 05:43:13,266 INFO  org.apache.flink.runtime.taskmanager.TaskManager              - Received task TriggerWindow(TumblingEventTimeWindows(10000), ListStateDescriptor{serializer=org.apache.flink.api.common.typeutils.base.ListSerializer@ea9b9bec}, EventTimeTrigger(), WindowedStream.apply(CoGroupedStreams.java:303)) -> DummyLatencySink (10/11)
2022-11-13 05:43:13,266 INFO  org.apache.flink.runtime.taskmanager.Task                     - TriggerWindow(TumblingEventTimeWindows(10000), ListStateDescriptor{serializer=org.apache.flink.api.common.typeutils.base.ListSerializer@ea9b9bec}, EventTimeTrigger(), WindowedStream.apply(CoGroupedStreams.java:303)) -> DummyLatencySink (10/11) (aac75f759f04097e44132a2b86d177dc) switched from CREATED to DEPLOYING.
2022-11-13 05:43:13,267 INFO  org.apache.flink.runtime.taskmanager.Task                     - Creating FileSystem stream leak safety net for task TriggerWindow(TumblingEventTimeWindows(10000), ListStateDescriptor{serializer=org.apache.flink.api.common.typeutils.base.ListSerializer@ea9b9bec}, EventTimeTrigger(), WindowedStream.apply(CoGroupedStreams.java:303)) -> DummyLatencySink (10/11) (aac75f759f04097e44132a2b86d177dc) [DEPLOYING]
2022-11-13 05:43:13,287 INFO  org.apache.flink.runtime.taskmanager.Task                     - Loading JAR files for task TriggerWindow(TumblingEventTimeWindows(10000), ListStateDescriptor{serializer=org.apache.flink.api.common.typeutils.base.ListSerializer@ea9b9bec}, EventTimeTrigger(), WindowedStream.apply(CoGroupedStreams.java:303)) -> DummyLatencySink (10/11) (aac75f759f04097e44132a2b86d177dc) [DEPLOYING].
2022-11-13 05:43:13,292 INFO  org.apache.flink.runtime.blob.BlobClient                      - Downloading 886e9ddde07dd43182bf070e5028eab0/p-4da4978a57bf42a33a086aad57544f74ed58ce86-9f3fa0c2710fecbda8e9d9ee04d63910 from /9.135.56.161:37938
2022-11-13 05:43:14,041 INFO  org.apache.flink.runtime.taskmanager.Task                     - Registering task at network: TriggerWindow(TumblingEventTimeWindows(10000), ListStateDescriptor{serializer=org.apache.flink.api.common.typeutils.base.ListSerializer@ea9b9bec}, EventTimeTrigger(), WindowedStream.apply(CoGroupedStreams.java:303)) -> DummyLatencySink (10/11) (aac75f759f04097e44132a2b86d177dc) [DEPLOYING].
2022-11-13 05:43:14,047 INFO  org.apache.flink.runtime.taskmanager.Task                     - TriggerWindow(TumblingEventTimeWindows(10000), ListStateDescriptor{serializer=org.apache.flink.api.common.typeutils.base.ListSerializer@ea9b9bec}, EventTimeTrigger(), WindowedStream.apply(CoGroupedStreams.java:303)) -> DummyLatencySink (10/11) (aac75f759f04097e44132a2b86d177dc) switched from DEPLOYING to RUNNING.
2022-11-13 05:43:14,055 INFO  org.apache.flink.streaming.runtime.tasks.StreamTask           - State backend is set to heap memory (checkpoints to filesystem "file:/root/dannylian/code/ds2/savepoints")
2022-11-13 05:43:14,221 WARN  org.apache.flink.metrics.MetricGroup                          - The operator name TriggerWindow(TumblingEventTimeWindows(10000), ListStateDescriptor{serializer=org.apache.flink.api.common.typeutils.base.ListSerializer@ea9b9bec}, EventTimeTrigger(), WindowedStream.apply(CoGroupedStreams.java:303)) exceeded the 80 characters length limit and was truncated.
2022-11-13 05:43:14,242 INFO  org.apache.flink.runtime.state.heap.HeapKeyedStateBackend     - Initializing heap keyed state backend with stream factory.
2022-11-13 05:43:18,222 WARN  ch.ethz.systems.strymon.ds2.flink.nexmark.queries.Query8      - %latency%47%1668289398222%1668289398175%0%9
2022-11-13 05:43:32,223 WARN  ch.ethz.systems.strymon.ds2.flink.nexmark.queries.Query8      - %latency%48%1668289412223%1668289412175%0%9
2022-11-13 05:43:32,247 WARN  ch.ethz.systems.strymon.ds2.flink.nexmark.queries.Query8      - %latency%70%1668289412247%1668289412175%0%9
2022-11-13 05:43:34,231 WARN  ch.ethz.systems.strymon.ds2.flink.nexmark.queries.Query8      - %latency%56%1668289414231%1668289414175%0%9
2022-11-13 05:43:36,233 WARN  ch.ethz.systems.strymon.ds2.flink.nexmark.queries.Query8      - %latency%58%1668289416233%1668289416175%0%9
2022-11-13 05:44:00,267 WARN  ch.ethz.systems.strymon.ds2.flink.nexmark.queries.Query8      - %latency%92%1668289440267%1668289440175%0%9
2022-11-13 05:44:28,258 WARN  ch.ethz.systems.strymon.ds2.flink.nexmark.queries.Query8      - %latency%83%1668289468258%1668289468175%0%9
2022-11-13 05:44:56,869 WARN  ch.ethz.systems.strymon.ds2.flink.nexmark.queries.Query8      - %latency%694%1668289496869%1668289496175%0%9
2022-11-13 05:44:58,680 WARN  ch.ethz.systems.strymon.ds2.flink.nexmark.queries.Query8      - %latency%505%1668289498680%1668289498175%0%9
2022-11-13 05:45:02,731 WARN  ch.ethz.systems.strymon.ds2.flink.nexmark.queries.Query8      - %latency%556%1668289502731%1668289502175%0%9
2022-11-13 05:45:56,630 WARN  ch.ethz.systems.strymon.ds2.flink.nexmark.queries.Query8      - %latency%455%1668289556630%1668289556175%0%9
2022-11-13 05:46:02,891 WARN  ch.ethz.systems.strymon.ds2.flink.nexmark.queries.Query8      - %latency%716%1668289562891%1668289562175%0%9
2022-11-13 05:46:10,845 WARN  ch.ethz.systems.strymon.ds2.flink.nexmark.queries.Query8      - %latency%670%1668289570845%1668289570175%0%9
2022-11-13 05:46:16,744 WARN  ch.ethz.systems.strymon.ds2.flink.nexmark.queries.Query8      - %latency%569%1668289576744%1668289576175%0%9
2022-11-13 05:46:21,309 INFO  org.apache.flink.runtime.taskmanager.Task                     - Attempting to cancel task TriggerWindow(TumblingEventTimeWindows(10000), ListStateDescriptor{serializer=org.apache.flink.api.common.typeutils.base.ListSerializer@ea9b9bec}, EventTimeTrigger(), WindowedStream.apply(CoGroupedStreams.java:303)) -> DummyLatencySink (10/11) (aac75f759f04097e44132a2b86d177dc).
2022-11-13 05:46:21,309 INFO  org.apache.flink.runtime.taskmanager.Task                     - TriggerWindow(TumblingEventTimeWindows(10000), ListStateDescriptor{serializer=org.apache.flink.api.common.typeutils.base.ListSerializer@ea9b9bec}, EventTimeTrigger(), WindowedStream.apply(CoGroupedStreams.java:303)) -> DummyLatencySink (10/11) (aac75f759f04097e44132a2b86d177dc) switched from RUNNING to CANCELING.
2022-11-13 05:46:21,313 INFO  org.apache.flink.runtime.taskmanager.Task                     - Triggering cancellation of task code TriggerWindow(TumblingEventTimeWindows(10000), ListStateDescriptor{serializer=org.apache.flink.api.common.typeutils.base.ListSerializer@ea9b9bec}, EventTimeTrigger(), WindowedStream.apply(CoGroupedStreams.java:303)) -> DummyLatencySink (10/11) (aac75f759f04097e44132a2b86d177dc).
2022-11-13 05:46:21,322 INFO  org.apache.flink.runtime.taskmanager.Task                     - TriggerWindow(TumblingEventTimeWindows(10000), ListStateDescriptor{serializer=org.apache.flink.api.common.typeutils.base.ListSerializer@ea9b9bec}, EventTimeTrigger(), WindowedStream.apply(CoGroupedStreams.java:303)) -> DummyLatencySink (10/11) (aac75f759f04097e44132a2b86d177dc) switched from CANCELING to CANCELED.
2022-11-13 05:46:21,322 INFO  org.apache.flink.runtime.taskmanager.Task                     - Freeing task resources for TriggerWindow(TumblingEventTimeWindows(10000), ListStateDescriptor{serializer=org.apache.flink.api.common.typeutils.base.ListSerializer@ea9b9bec}, EventTimeTrigger(), WindowedStream.apply(CoGroupedStreams.java:303)) -> DummyLatencySink (10/11) (aac75f759f04097e44132a2b86d177dc).
2022-11-13 05:46:21,335 INFO  org.apache.flink.runtime.taskmanager.Task                     - Ensuring all FileSystem streams are closed for task TriggerWindow(TumblingEventTimeWindows(10000), ListStateDescriptor{serializer=org.apache.flink.api.common.typeutils.base.ListSerializer@ea9b9bec}, EventTimeTrigger(), WindowedStream.apply(CoGroupedStreams.java:303)) -> DummyLatencySink (10/11) (aac75f759f04097e44132a2b86d177dc) [CANCELED]
2022-11-13 05:46:21,337 INFO  org.apache.flink.runtime.taskmanager.TaskManager              - Un-registering task and sending final execution state CANCELED to JobManager for task TriggerWindow(TumblingEventTimeWindows(10000), ListStateDescriptor{serializer=org.apache.flink.api.common.typeutils.base.ListSerializer@ea9b9bec}, EventTimeTrigger(), WindowedStream.apply(CoGroupedStreams.java:303)) -> DummyLatencySink (aac75f759f04097e44132a2b86d177dc)
2022-11-14 09:35:21,797 WARN  akka.remote.transport.netty.NettyTransport                    - Remote connection to [/9.135.219.106:51170] failed with org.apache.flink.shaded.akka.org.jboss.netty.handler.codec.frame.TooLongFrameException: Adjusted frame length exceeds 10485760: 1195725860 - discarded
2022-11-14 09:35:21,798 WARN  akka.remote.transport.netty.NettyTransport                    - Remote connection to [/9.135.219.106:51153] failed with org.apache.flink.shaded.akka.org.jboss.netty.handler.codec.frame.TooLongFrameException: Adjusted frame length exceeds 10485760: 1195725860 - discarded
2022-11-14 09:35:21,887 WARN  akka.remote.transport.netty.NettyTransport                    - Remote connection to [/9.135.219.106:51206] failed with org.apache.flink.shaded.akka.org.jboss.netty.handler.codec.frame.TooLongFrameException: Adjusted frame length exceeds 10485760: 1195725860 - discarded
2022-11-14 09:35:21,937 WARN  akka.remote.transport.netty.NettyTransport                    - Remote connection to [/9.135.219.106:51230] failed with org.apache.flink.shaded.akka.org.jboss.netty.handler.codec.frame.TooLongFrameException: Adjusted frame length exceeds 10485760: 1195725860 - discarded
2022-11-14 09:35:22,084 WARN  akka.remote.transport.netty.NettyTransport                    - Remote connection to [/9.135.219.106:51282] failed with org.apache.flink.shaded.akka.org.jboss.netty.handler.codec.frame.TooLongFrameException: Adjusted frame length exceeds 10485760: 369295621 - discarded
2022-11-14 09:35:22,179 WARN  akka.remote.transport.netty.NettyTransport                    - Remote connection to [/9.135.219.106:51322] failed with org.apache.flink.shaded.akka.org.jboss.netty.handler.codec.frame.TooLongFrameException: Adjusted frame length exceeds 10485760: 1195725860 - discarded
2022-11-14 09:35:22,336 WARN  akka.remote.transport.netty.NettyTransport                    - Remote connection to [/9.135.219.106:51365] failed with org.apache.flink.shaded.akka.org.jboss.netty.handler.codec.frame.TooLongFrameException: Adjusted frame length exceeds 10485760: 1784969076 - discarded
2022-11-14 09:35:22,385 WARN  akka.remote.transport.netty.NettyTransport                    - Remote connection to [/9.135.219.106:51383] failed with org.apache.flink.shaded.akka.org.jboss.netty.handler.codec.frame.TooLongFrameException: Adjusted frame length exceeds 10485760: 1768842867 - discarded
2022-11-14 09:35:22,401 WARN  akka.remote.transport.netty.NettyTransport                    - Remote connection to [/9.135.219.106:51412] failed with org.apache.flink.shaded.akka.org.jboss.netty.handler.codec.frame.TooLongFrameException: Adjusted frame length exceeds 10485760: 1245992788 - discarded
2022-11-16 09:12:46,327 WARN  akka.remote.transport.netty.NettyTransport                    - Remote connection to [/9.135.219.106:53983] failed with org.apache.flink.shaded.akka.org.jboss.netty.handler.codec.frame.TooLongFrameException: Adjusted frame length exceeds 10485760: 1768842867 - discarded
2022-11-16 09:12:46,682 WARN  akka.remote.transport.netty.NettyTransport                    - Remote connection to [/9.135.219.106:54328] failed with org.apache.flink.shaded.akka.org.jboss.netty.handler.codec.frame.TooLongFrameException: Adjusted frame length exceeds 10485760: 369295621 - discarded
2022-11-16 09:12:46,721 WARN  akka.remote.transport.netty.NettyTransport                    - Remote connection to [/9.135.219.106:54397] failed with org.apache.flink.shaded.akka.org.jboss.netty.handler.codec.frame.TooLongFrameException: Adjusted frame length exceeds 10485760: 1195725860 - discarded
2022-11-16 09:12:46,725 ERROR akka.actor.OneForOneStrategy                                  - Error while decoding incoming Akka PDU of length: 164
akka.remote.transport.AkkaProtocolException: Error while decoding incoming Akka PDU of length: 164
Caused by: akka.remote.transport.PduCodecException: Decoding PDU failed.
	at akka.remote.transport.AkkaPduProtobufCodec$.decodePdu(AkkaPduCodec.scala:173)
	at akka.remote.transport.ProtocolStateActor.akka$remote$transport$ProtocolStateActor$$decodePdu(AkkaProtocolTransport.scala:657)
	at akka.remote.transport.ProtocolStateActor$$anonfun$3.applyOrElse(AkkaProtocolTransport.scala:411)
	at akka.remote.transport.ProtocolStateActor$$anonfun$3.applyOrElse(AkkaProtocolTransport.scala:374)
	at scala.runtime.AbstractPartialFunction.apply(AbstractPartialFunction.scala:36)
	at akka.actor.FSM$class.processEvent(FSM.scala:663)
	at akka.remote.transport.ProtocolStateActor.processEvent(AkkaProtocolTransport.scala:285)
	at akka.actor.FSM$class.akka$actor$FSM$$processMsg(FSM.scala:657)
	at akka.actor.FSM$$anonfun$receive$1.applyOrElse(FSM.scala:651)
	at akka.actor.Actor$class.aroundReceive(Actor.scala:502)
	at akka.remote.transport.ProtocolStateActor.aroundReceive(AkkaProtocolTransport.scala:285)
	at akka.actor.ActorCell.receiveMessage(ActorCell.scala:526)
	at akka.actor.ActorCell.invoke(ActorCell.scala:495)
	at akka.dispatch.Mailbox.processMailbox(Mailbox.scala:257)
	at akka.dispatch.Mailbox.run(Mailbox.scala:224)
	at akka.dispatch.Mailbox.exec(Mailbox.scala:234)
	at scala.concurrent.forkjoin.ForkJoinTask.doExec(ForkJoinTask.java:260)
	at scala.concurrent.forkjoin.ForkJoinPool$WorkQueue.runTask(ForkJoinPool.java:1339)
	at scala.concurrent.forkjoin.ForkJoinPool.runWorker(ForkJoinPool.java:1979)
	at scala.concurrent.forkjoin.ForkJoinWorkerThread.run(ForkJoinWorkerThread.java:107)
Caused by: akka.protobuf.InvalidProtocolBufferException: Protocol message tag had invalid wire type.
	at akka.protobuf.InvalidProtocolBufferException.invalidWireType(InvalidProtocolBufferException.java:99)
	at akka.protobuf.UnknownFieldSet$Builder.mergeFieldFrom(UnknownFieldSet.java:498)
	at akka.protobuf.GeneratedMessage.parseUnknownField(GeneratedMessage.java:193)
	at akka.remote.WireFormats$AkkaProtocolMessage.<init>(WireFormats.java:7179)
	at akka.remote.WireFormats$AkkaProtocolMessage.<init>(WireFormats.java:7137)
	at akka.remote.WireFormats$AkkaProtocolMessage$1.parsePartialFrom(WireFormats.java:7233)
	at akka.remote.WireFormats$AkkaProtocolMessage$1.parsePartialFrom(WireFormats.java:7228)
	at akka.protobuf.AbstractParser.parsePartialFrom(AbstractParser.java:141)
	at akka.protobuf.AbstractParser.parseFrom(AbstractParser.java:177)
	at akka.protobuf.AbstractParser.parseFrom(AbstractParser.java:188)
	at akka.protobuf.AbstractParser.parseFrom(AbstractParser.java:193)
	at akka.protobuf.AbstractParser.parseFrom(AbstractParser.java:49)
	at akka.remote.WireFormats$AkkaProtocolMessage.parseFrom(WireFormats.java:7351)
	at akka.remote.transport.AkkaPduProtobufCodec$.decodePdu(AkkaPduCodec.scala:174)
	... 19 more
2022-11-16 09:12:48,184 WARN  akka.remote.transport.netty.NettyTransport                    - Remote connection to [/9.135.219.106:54804] failed with org.apache.flink.shaded.akka.org.jboss.netty.handler.codec.frame.TooLongFrameException: Adjusted frame length exceeds 10485760: 1245992788 - discarded
2022-11-24 10:05:55,623 ERROR akka.actor.OneForOneStrategy                                  - Error while decoding incoming Akka PDU of length: 164
akka.remote.transport.AkkaProtocolException: Error while decoding incoming Akka PDU of length: 164
Caused by: akka.remote.transport.PduCodecException: Decoding PDU failed.
	at akka.remote.transport.AkkaPduProtobufCodec$.decodePdu(AkkaPduCodec.scala:173)
	at akka.remote.transport.ProtocolStateActor.akka$remote$transport$ProtocolStateActor$$decodePdu(AkkaProtocolTransport.scala:657)
	at akka.remote.transport.ProtocolStateActor$$anonfun$3.applyOrElse(AkkaProtocolTransport.scala:411)
	at akka.remote.transport.ProtocolStateActor$$anonfun$3.applyOrElse(AkkaProtocolTransport.scala:374)
	at scala.runtime.AbstractPartialFunction.apply(AbstractPartialFunction.scala:36)
	at akka.actor.FSM$class.processEvent(FSM.scala:663)
	at akka.remote.transport.ProtocolStateActor.processEvent(AkkaProtocolTransport.scala:285)
	at akka.actor.FSM$class.akka$actor$FSM$$processMsg(FSM.scala:657)
	at akka.actor.FSM$$anonfun$receive$1.applyOrElse(FSM.scala:651)
	at akka.actor.Actor$class.aroundReceive(Actor.scala:502)
	at akka.remote.transport.ProtocolStateActor.aroundReceive(AkkaProtocolTransport.scala:285)
	at akka.actor.ActorCell.receiveMessage(ActorCell.scala:526)
	at akka.actor.ActorCell.invoke(ActorCell.scala:495)
	at akka.dispatch.Mailbox.processMailbox(Mailbox.scala:257)
	at akka.dispatch.Mailbox.run(Mailbox.scala:224)
	at akka.dispatch.Mailbox.exec(Mailbox.scala:234)
	at scala.concurrent.forkjoin.ForkJoinTask.doExec(ForkJoinTask.java:260)
	at scala.concurrent.forkjoin.ForkJoinPool$WorkQueue.runTask(ForkJoinPool.java:1339)
	at scala.concurrent.forkjoin.ForkJoinPool.runWorker(ForkJoinPool.java:1979)
	at scala.concurrent.forkjoin.ForkJoinWorkerThread.run(ForkJoinWorkerThread.java:107)
Caused by: akka.protobuf.InvalidProtocolBufferException: Protocol message tag had invalid wire type.
	at akka.protobuf.InvalidProtocolBufferException.invalidWireType(InvalidProtocolBufferException.java:99)
	at akka.protobuf.UnknownFieldSet$Builder.mergeFieldFrom(UnknownFieldSet.java:498)
	at akka.protobuf.GeneratedMessage.parseUnknownField(GeneratedMessage.java:193)
	at akka.remote.WireFormats$AkkaProtocolMessage.<init>(WireFormats.java:7179)
	at akka.remote.WireFormats$AkkaProtocolMessage.<init>(WireFormats.java:7137)
	at akka.remote.WireFormats$AkkaProtocolMessage$1.parsePartialFrom(WireFormats.java:7233)
	at akka.remote.WireFormats$AkkaProtocolMessage$1.parsePartialFrom(WireFormats.java:7228)
	at akka.protobuf.AbstractParser.parsePartialFrom(AbstractParser.java:141)
	at akka.protobuf.AbstractParser.parseFrom(AbstractParser.java:177)
	at akka.protobuf.AbstractParser.parseFrom(AbstractParser.java:188)
	at akka.protobuf.AbstractParser.parseFrom(AbstractParser.java:193)
	at akka.protobuf.AbstractParser.parseFrom(AbstractParser.java:49)
	at akka.remote.WireFormats$AkkaProtocolMessage.parseFrom(WireFormats.java:7351)
	at akka.remote.transport.AkkaPduProtobufCodec$.decodePdu(AkkaPduCodec.scala:174)
	... 19 more
2022-11-24 10:05:55,772 WARN  akka.remote.transport.netty.NettyTransport                    - Remote connection to [/9.135.219.106:48513] failed with org.apache.flink.shaded.akka.org.jboss.netty.handler.codec.frame.TooLongFrameException: Adjusted frame length exceeds 10485760: 1784969076 - discarded
2022-11-24 10:05:55,925 WARN  akka.remote.transport.netty.NettyTransport                    - Remote connection to [/9.135.219.106:48968] failed with org.apache.flink.shaded.akka.org.jboss.netty.handler.codec.frame.TooLongFrameException: Adjusted frame length exceeds 10485760: 1195725860 - discarded
2022-11-24 10:05:56,179 WARN  akka.remote.transport.netty.NettyTransport                    - Remote connection to [/9.135.219.106:49645] failed with org.apache.flink.shaded.akka.org.jboss.netty.handler.codec.frame.TooLongFrameException: Adjusted frame length exceeds 10485760: 369295621 - discarded
2022-11-24 10:05:56,571 WARN  akka.remote.transport.netty.NettyTransport                    - Remote connection to [/9.135.219.106:47934] failed with org.apache.flink.shaded.akka.org.jboss.netty.handler.codec.frame.TooLongFrameException: Adjusted frame length exceeds 10485760: 1195725860 - discarded
2022-11-24 10:05:56,834 WARN  akka.remote.transport.netty.NettyTransport                    - Remote connection to [/9.135.219.106:48814] failed with org.apache.flink.shaded.akka.org.jboss.netty.handler.codec.frame.TooLongFrameException: Adjusted frame length exceeds 10485760: 1195725860 - discarded
2022-12-03 09:28:54,581 WARN  akka.remote.transport.netty.NettyTransport                    - Remote connection to [/9.135.219.108:45561] failed with org.apache.flink.shaded.akka.org.jboss.netty.handler.codec.frame.TooLongFrameException: Adjusted frame length exceeds 10485760: 1195725860 - discarded
2022-12-03 09:28:54,729 WARN  akka.remote.transport.netty.NettyTransport                    - Remote connection to [/9.135.219.108:45634] failed with org.apache.flink.shaded.akka.org.jboss.netty.handler.codec.frame.TooLongFrameException: Adjusted frame length exceeds 10485760: 1195725860 - discarded
2022-12-03 09:28:54,829 WARN  akka.remote.transport.netty.NettyTransport                    - Remote connection to [/9.135.219.108:45695] failed with org.apache.flink.shaded.akka.org.jboss.netty.handler.codec.frame.TooLongFrameException: Adjusted frame length exceeds 10485760: 1784969076 - discarded
2022-12-03 09:28:54,845 WARN  akka.remote.transport.netty.NettyTransport                    - Remote connection to [/9.135.219.108:45664] failed with org.apache.flink.shaded.akka.org.jboss.netty.handler.codec.frame.TooLongFrameException: Adjusted frame length exceeds 10485760: 1768842867 - discarded
2022-12-03 09:28:54,931 WARN  akka.remote.transport.netty.NettyTransport                    - Remote connection to [/9.135.219.108:45764] failed with org.apache.flink.shaded.akka.org.jboss.netty.handler.codec.frame.TooLongFrameException: Adjusted frame length exceeds 10485760: 16844079 - discarded
2022-12-03 09:28:54,979 WARN  akka.remote.transport.netty.NettyTransport                    - Remote connection to [/9.135.219.108:45794] failed with org.apache.flink.shaded.akka.org.jboss.netty.handler.codec.frame.TooLongFrameException: Adjusted frame length exceeds 10485760: 369295621 - discarded
2022-12-03 09:28:55,026 WARN  akka.remote.transport.netty.NettyTransport                    - Remote connection to [/9.135.219.108:45826] failed with org.apache.flink.shaded.akka.org.jboss.netty.handler.codec.frame.TooLongFrameException: Adjusted frame length exceeds 10485760: 1195725860 - discarded
2022-12-03 09:28:55,149 WARN  akka.remote.transport.netty.NettyTransport                    - Remote connection to [/9.135.219.108:45855] failed with org.apache.flink.shaded.akka.org.jboss.netty.handler.codec.frame.TooLongFrameException: Adjusted frame length exceeds 10485760: 369295621 - discarded
2022-12-03 09:28:57,744 WARN  akka.remote.transport.netty.NettyTransport                    - Remote connection to [/9.135.219.108:46874] failed with org.apache.flink.shaded.akka.org.jboss.netty.handler.codec.frame.TooLongFrameException: Adjusted frame length exceeds 10485760: 369295621 - discarded
2022-12-03 09:29:17,110 INFO  akka.remote.transport.ProtocolStateActor                      - No response from remote for inbound association. Handshake timed out after [20000 ms].
