2022-11-13 05:42:52,398 INFO  org.apache.flink.runtime.taskmanager.TaskManager              - --------------------------------------------------------------------------------
2022-11-13 05:42:52,400 INFO  org.apache.flink.runtime.taskmanager.TaskManager              -  Starting TaskManager (Version: 1.4.1, Rev:<unknown>, Date:<unknown>)
2022-11-13 05:42:52,400 INFO  org.apache.flink.runtime.taskmanager.TaskManager              -  OS current user: root
2022-11-13 05:42:52,602 WARN  org.apache.hadoop.util.NativeCodeLoader                       - Unable to load native-hadoop library for your platform... using builtin-java classes where applicable
2022-11-13 05:42:52,787 INFO  org.apache.flink.runtime.taskmanager.TaskManager              -  Current Hadoop/Kerberos user: root
2022-11-13 05:42:52,787 INFO  org.apache.flink.runtime.taskmanager.TaskManager              -  JVM: OpenJDK 64-Bit Server VM - Tencent - 1.8/25.292-b2
2022-11-13 05:42:52,788 INFO  org.apache.flink.runtime.taskmanager.TaskManager              -  Maximum heap size: 512 MiBytes
2022-11-13 05:42:52,788 INFO  org.apache.flink.runtime.taskmanager.TaskManager              -  JAVA_HOME: (not set)
2022-11-13 05:42:52,790 INFO  org.apache.flink.runtime.taskmanager.TaskManager              -  Hadoop version: 2.4.1
2022-11-13 05:42:52,790 INFO  org.apache.flink.runtime.taskmanager.TaskManager              -  JVM Options:
2022-11-13 05:42:52,790 INFO  org.apache.flink.runtime.taskmanager.TaskManager              -     -XX:+UseG1GC
2022-11-13 05:42:52,790 INFO  org.apache.flink.runtime.taskmanager.TaskManager              -     -Xms512M
2022-11-13 05:42:52,790 INFO  org.apache.flink.runtime.taskmanager.TaskManager              -     -Xmx512M
2022-11-13 05:42:52,790 INFO  org.apache.flink.runtime.taskmanager.TaskManager              -     -XX:MaxDirectMemorySize=8388607T
2022-11-13 05:42:52,790 INFO  org.apache.flink.runtime.taskmanager.TaskManager              -     -Dlog.file=/root/dannylian/code/ds2/workspace/flink-1.4.1-instrumented/flink-1.4.1/flink-dist/target/flink-1.4.1-bin/flink-1.4.1/log/flink-root-taskmanager-15-VM-56-161-centos.log
2022-11-13 05:42:52,791 INFO  org.apache.flink.runtime.taskmanager.TaskManager              -     -Dlog4j.configuration=file:/root/dannylian/code/ds2/workspace/flink-1.4.1-instrumented/flink-1.4.1/flink-dist/target/flink-1.4.1-bin/flink-1.4.1/conf/log4j.properties
2022-11-13 05:42:52,791 INFO  org.apache.flink.runtime.taskmanager.TaskManager              -     -Dlogback.configurationFile=file:/root/dannylian/code/ds2/workspace/flink-1.4.1-instrumented/flink-1.4.1/flink-dist/target/flink-1.4.1-bin/flink-1.4.1/conf/logback.xml
2022-11-13 05:42:52,791 INFO  org.apache.flink.runtime.taskmanager.TaskManager              -  Program Arguments:
2022-11-13 05:42:52,791 INFO  org.apache.flink.runtime.taskmanager.TaskManager              -     --configDir
2022-11-13 05:42:52,791 INFO  org.apache.flink.runtime.taskmanager.TaskManager              -     /root/dannylian/code/ds2/workspace/flink-1.4.1-instrumented/flink-1.4.1/flink-dist/target/flink-1.4.1-bin/flink-1.4.1/conf
2022-11-13 05:42:52,791 INFO  org.apache.flink.runtime.taskmanager.TaskManager              -  Classpath: :/root/dannylian/code/ds2/workspace/flink-1.4.1-instrumented/flink-1.4.1/flink-dist/target/flink-1.4.1-bin/flink-1.4.1/lib/flink-dist_2.11-1.4.1.jar:/root/dannylian/code/ds2/workspace/flink-1.4.1-instrumented/flink-1.4.1/flink-dist/target/flink-1.4.1-bin/flink-1.4.1/lib/flink-python_2.11-1.4.1.jar:/root/dannylian/code/ds2/workspace/flink-1.4.1-instrumented/flink-1.4.1/flink-dist/target/flink-1.4.1-bin/flink-1.4.1/lib/flink-shaded-hadoop2-uber-1.4.1.jar:/root/dannylian/code/ds2/workspace/flink-1.4.1-instrumented/flink-1.4.1/flink-dist/target/flink-1.4.1-bin/flink-1.4.1/lib/log4j-1.2.17.jar:/root/dannylian/code/ds2/workspace/flink-1.4.1-instrumented/flink-1.4.1/flink-dist/target/flink-1.4.1-bin/flink-1.4.1/lib/slf4j-log4j12-1.7.7.jar:::
2022-11-13 05:42:52,791 INFO  org.apache.flink.runtime.taskmanager.TaskManager              - --------------------------------------------------------------------------------
2022-11-13 05:42:52,793 INFO  org.apache.flink.runtime.taskmanager.TaskManager              - Registered UNIX signal handlers for [TERM, HUP, INT]
2022-11-13 05:42:52,796 INFO  org.apache.flink.runtime.taskmanager.TaskManager              - Maximum number of open file descriptors is 1000000
2022-11-13 05:42:52,812 INFO  org.apache.flink.runtime.taskmanager.TaskManager              - Loading configuration from /root/dannylian/code/ds2/workspace/flink-1.4.1-instrumented/flink-1.4.1/flink-dist/target/flink-1.4.1-bin/flink-1.4.1/conf
2022-11-13 05:42:52,814 INFO  org.apache.flink.configuration.GlobalConfiguration            - Loading configuration property: jobmanager.rpc.address, 9.135.56.161
2022-11-13 05:42:52,814 INFO  org.apache.flink.configuration.GlobalConfiguration            - Loading configuration property: jobmanager.rpc.port, 6123
2022-11-13 05:42:52,815 INFO  org.apache.flink.configuration.GlobalConfiguration            - Loading configuration property: jobmanager.heap.mb, 1024
2022-11-13 05:42:52,815 INFO  org.apache.flink.configuration.GlobalConfiguration            - Loading configuration property: taskmanager.heap.mb, 512
2022-11-13 05:42:52,815 INFO  org.apache.flink.configuration.GlobalConfiguration            - Loading configuration property: taskmanager.numberOfTaskSlots, 2
2022-11-13 05:42:52,815 INFO  org.apache.flink.configuration.GlobalConfiguration            - Loading configuration property: taskmanager.memory.preallocate, false
2022-11-13 05:42:52,815 INFO  org.apache.flink.configuration.GlobalConfiguration            - Loading configuration property: parallelism.default, 1
2022-11-13 05:42:52,815 INFO  org.apache.flink.configuration.GlobalConfiguration            - Loading configuration property: web.port, 8081
2022-11-13 05:42:52,815 INFO  org.apache.flink.configuration.GlobalConfiguration            - Loading configuration property: state.backend, filesystem
2022-11-13 05:42:52,815 INFO  org.apache.flink.configuration.GlobalConfiguration            - Loading configuration property: state.backend.fs.checkpointdir, file:///root/dannylian/code/ds2/savepoints/
2022-11-13 05:42:52,816 INFO  org.apache.flink.configuration.GlobalConfiguration            - Loading configuration property: metrics.latency.interval, 10
2022-11-13 05:42:52,864 INFO  org.apache.flink.runtime.security.modules.HadoopModule        - Hadoop user set to root (auth:SIMPLE)
2022-11-13 05:42:52,901 INFO  org.apache.flink.runtime.util.LeaderRetrievalUtils            - Trying to select the network interface and address to use by connecting to the leading JobManager.
2022-11-13 05:42:52,901 INFO  org.apache.flink.runtime.util.LeaderRetrievalUtils            - TaskManager will try to connect for 10000 milliseconds before falling back to heuristics
2022-11-13 05:42:52,903 INFO  org.apache.flink.runtime.net.ConnectionUtils                  - Retrieved new target address /9.135.56.161:6123.
2022-11-13 05:42:52,905 INFO  org.apache.flink.runtime.taskmanager.TaskManager              - TaskManager will use hostname/address 'VM-56-161-centos' (127.0.0.1) for communication.
2022-11-13 05:42:52,908 INFO  org.apache.flink.runtime.taskmanager.TaskManager              - Starting TaskManager
2022-11-13 05:42:52,908 INFO  org.apache.flink.runtime.taskmanager.TaskManager              - Starting TaskManager actor system at VM-56-161-centos:45667.
2022-11-13 05:42:52,909 INFO  org.apache.flink.runtime.taskmanager.TaskManager              - Trying to start actor system at vm-56-161-centos:45667
2022-11-13 05:42:53,298 INFO  akka.event.slf4j.Slf4jLogger                                  - Slf4jLogger started
2022-11-13 05:42:53,357 INFO  akka.remote.Remoting                                          - Starting remoting
2022-11-13 05:42:53,452 INFO  akka.remote.Remoting                                          - Remoting started; listening on addresses :[akka.tcp://flink@vm-56-161-centos:45667]
2022-11-13 05:42:53,458 INFO  org.apache.flink.runtime.taskmanager.TaskManager              - Actor system started at akka.tcp://flink@vm-56-161-centos:45667
2022-11-13 05:42:53,463 INFO  org.apache.flink.runtime.metrics.MetricRegistryImpl           - No metrics reporter configured, no metrics will be exposed/reported.
2022-11-13 05:42:53,464 INFO  org.apache.flink.runtime.taskmanager.TaskManager              - Starting TaskManager actor
2022-11-13 05:42:53,467 INFO  org.apache.flink.runtime.io.network.netty.NettyConfig         - NettyConfig [server address: VM-56-161-centos/127.0.0.1, server port: 0, ssl enabled: false, memory segment size (bytes): 32768, transport type: NIO, number of server threads: 2 (manual), number of client threads: 2 (manual), server connect backlog: 0 (use Netty's default), client connect timeout (sec): 120, send/receive buffer size (bytes): 0 (use Netty's default)]
2022-11-13 05:42:53,469 INFO  org.apache.flink.runtime.taskexecutor.TaskManagerConfiguration  - Messages have a max timeout of 10000 ms
2022-11-13 05:42:53,472 INFO  org.apache.flink.runtime.taskexecutor.TaskManagerServices     - Temporary file directory '/tmp': total 98 GB, usable 41 GB (41.84% usable)
2022-11-13 05:42:53,521 INFO  org.apache.flink.runtime.io.network.buffer.NetworkBufferPool  - Allocated 64 MB for network buffer pool (number of memory segments: 2048, bytes per segment: 32768).
2022-11-13 05:42:53,631 WARN  org.apache.flink.runtime.query.QueryableStateUtils            - Could not load Queryable State Client Proxy. Probable reason: flink-queryable-state-runtime is not in the classpath. Please put the corresponding jar from the opt to the lib folder.
2022-11-13 05:42:53,631 WARN  org.apache.flink.runtime.query.QueryableStateUtils            - Could not load Queryable State Server. Probable reason: flink-queryable-state-runtime is not in the classpath. Please put the corresponding jar from the opt to the lib folder.
2022-11-13 05:42:53,632 INFO  org.apache.flink.runtime.io.network.NetworkEnvironment        - Starting the network environment and its components.
2022-11-13 05:42:53,664 INFO  org.apache.flink.runtime.io.network.netty.NettyClient         - Successful initialization (took 26 ms).
2022-11-13 05:42:56,673 WARN  org.apache.flink.shaded.netty4.io.netty.util.internal.ThreadLocalRandom  - Failed to generate a seed from SecureRandom within 3 seconds. Not enough entrophy?
2022-11-13 05:42:56,694 INFO  org.apache.flink.runtime.io.network.netty.NettyServer         - Successful initialization (took 3030 ms). Listening on SocketAddress /127.0.0.1:38096.
2022-11-13 05:42:56,757 INFO  org.apache.flink.runtime.taskexecutor.TaskManagerServices     - Limiting managed memory to 0.7 of the currently free heap space (307 MB), memory will be allocated lazily.
2022-11-13 05:42:56,760 INFO  org.apache.flink.runtime.io.disk.iomanager.IOManager          - I/O manager uses directory /tmp/flink-io-a32a514e-7612-416c-b2d8-4bff6ec23c4e for spill files.
2022-11-13 05:42:56,763 INFO  org.apache.flink.runtime.filecache.FileCache                  - User file cache uses directory /tmp/flink-dist-cache-f8daa6e6-7b1f-44f3-a3ff-8a06c3924c61
2022-11-13 05:42:56,833 INFO  org.apache.flink.runtime.filecache.FileCache                  - User file cache uses directory /tmp/flink-dist-cache-defe1cfc-0fc4-479c-8aa2-192e1c9baffc
2022-11-13 05:42:56,849 INFO  org.apache.flink.runtime.taskmanager.TaskManager              - Starting TaskManager actor at akka://flink/user/taskmanager#329036669.
2022-11-13 05:42:56,849 INFO  org.apache.flink.runtime.taskmanager.TaskManager              - TaskManager data connection information: 78c9d58c280b876ba5d1909cd836529e @ VM-56-161-centos (dataPort=38096)
2022-11-13 05:42:56,849 INFO  org.apache.flink.runtime.taskmanager.TaskManager              - TaskManager has 2 task slot(s).
2022-11-13 05:42:56,851 INFO  org.apache.flink.runtime.taskmanager.TaskManager              - Memory usage stats: [HEAP: 76/512/512 MB, NON HEAP: 32/32/-1 MB (used/committed/max)]
2022-11-13 05:42:56,854 INFO  org.apache.flink.runtime.taskmanager.TaskManager              - Trying to register at JobManager akka.tcp://flink@9.135.56.161:6123/user/jobmanager (attempt 1, timeout: 500 milliseconds)
2022-11-13 05:42:56,989 INFO  org.apache.flink.runtime.taskmanager.TaskManager              - Successful registration at JobManager (akka.tcp://flink@9.135.56.161:6123/user/jobmanager), starting network stack and library cache.
2022-11-13 05:42:56,992 INFO  org.apache.flink.runtime.taskmanager.TaskManager              - Determined BLOB server address to be /9.135.56.161:37938. Starting BLOB cache.
2022-11-13 05:42:56,996 INFO  org.apache.flink.runtime.blob.PermanentBlobCache              - Created BLOB cache storage directory /tmp/blobStore-3659ef27-0ec8-4141-9455-fa26d367d950
2022-11-13 05:42:56,998 INFO  org.apache.flink.runtime.blob.TransientBlobCache              - Created BLOB cache storage directory /tmp/blobStore-1ea7479c-1631-4f40-9750-6c2bf84f055f
2022-11-14 09:42:16,760 WARN  akka.remote.transport.netty.NettyTransport                    - Remote connection to [/9.135.219.106:47439] failed with org.apache.flink.shaded.akka.org.jboss.netty.handler.codec.frame.TooLongFrameException: Adjusted frame length exceeds 10485760: 1195725860 - discarded
2022-11-14 09:42:16,808 ERROR akka.actor.OneForOneStrategy                                  - Error while decoding incoming Akka PDU of length: 164
akka.remote.transport.AkkaProtocolException: Error while decoding incoming Akka PDU of length: 164
Caused by: akka.remote.transport.PduCodecException: Decoding PDU failed.
	at akka.remote.transport.AkkaPduProtobufCodec$.decodePdu(AkkaPduCodec.scala:173)
	at akka.remote.transport.ProtocolStateActor.akka$remote$transport$ProtocolStateActor$$decodePdu(AkkaProtocolTransport.scala:657)
	at akka.remote.transport.ProtocolStateActor$$anonfun$3.applyOrElse(AkkaProtocolTransport.scala:411)
	at akka.remote.transport.ProtocolStateActor$$anonfun$3.applyOrElse(AkkaProtocolTransport.scala:374)
	at scala.runtime.AbstractPartialFunction.apply(AbstractPartialFunction.scala:36)
	at akka.actor.FSM$class.processEvent(FSM.scala:663)
	at akka.remote.transport.ProtocolStateActor.processEvent(AkkaProtocolTransport.scala:285)
	at akka.actor.FSM$class.akka$actor$FSM$$processMsg(FSM.scala:657)
	at akka.actor.FSM$$anonfun$receive$1.applyOrElse(FSM.scala:651)
	at akka.actor.Actor$class.aroundReceive(Actor.scala:502)
	at akka.remote.transport.ProtocolStateActor.aroundReceive(AkkaProtocolTransport.scala:285)
	at akka.actor.ActorCell.receiveMessage(ActorCell.scala:526)
	at akka.actor.ActorCell.invoke(ActorCell.scala:495)
	at akka.dispatch.Mailbox.processMailbox(Mailbox.scala:257)
	at akka.dispatch.Mailbox.run(Mailbox.scala:224)
	at akka.dispatch.Mailbox.exec(Mailbox.scala:234)
	at scala.concurrent.forkjoin.ForkJoinTask.doExec(ForkJoinTask.java:260)
	at scala.concurrent.forkjoin.ForkJoinPool$WorkQueue.runTask(ForkJoinPool.java:1339)
	at scala.concurrent.forkjoin.ForkJoinPool.runWorker(ForkJoinPool.java:1979)
	at scala.concurrent.forkjoin.ForkJoinWorkerThread.run(ForkJoinWorkerThread.java:107)
Caused by: akka.protobuf.InvalidProtocolBufferException: Protocol message tag had invalid wire type.
	at akka.protobuf.InvalidProtocolBufferException.invalidWireType(InvalidProtocolBufferException.java:99)
	at akka.protobuf.UnknownFieldSet$Builder.mergeFieldFrom(UnknownFieldSet.java:498)
	at akka.protobuf.GeneratedMessage.parseUnknownField(GeneratedMessage.java:193)
	at akka.remote.WireFormats$AkkaProtocolMessage.<init>(WireFormats.java:7179)
	at akka.remote.WireFormats$AkkaProtocolMessage.<init>(WireFormats.java:7137)
	at akka.remote.WireFormats$AkkaProtocolMessage$1.parsePartialFrom(WireFormats.java:7233)
	at akka.remote.WireFormats$AkkaProtocolMessage$1.parsePartialFrom(WireFormats.java:7228)
	at akka.protobuf.AbstractParser.parsePartialFrom(AbstractParser.java:141)
	at akka.protobuf.AbstractParser.parseFrom(AbstractParser.java:177)
	at akka.protobuf.AbstractParser.parseFrom(AbstractParser.java:188)
	at akka.protobuf.AbstractParser.parseFrom(AbstractParser.java:193)
	at akka.protobuf.AbstractParser.parseFrom(AbstractParser.java:49)
	at akka.remote.WireFormats$AkkaProtocolMessage.parseFrom(WireFormats.java:7351)
	at akka.remote.transport.AkkaPduProtobufCodec$.decodePdu(AkkaPduCodec.scala:174)
	... 19 more
2022-11-14 09:42:16,851 WARN  akka.remote.transport.netty.NettyTransport                    - Remote connection to [/9.135.219.106:47483] failed with org.apache.flink.shaded.akka.org.jboss.netty.handler.codec.frame.TooLongFrameException: Adjusted frame length exceeds 10485760: 369295621 - discarded
2022-11-14 09:42:16,973 WARN  akka.remote.transport.netty.NettyTransport                    - Remote connection to [/9.135.219.106:47502] failed with org.apache.flink.shaded.akka.org.jboss.netty.handler.codec.frame.TooLongFrameException: Adjusted frame length exceeds 10485760: 369295621 - discarded
2022-11-14 09:42:17,006 WARN  akka.remote.transport.netty.NettyTransport                    - Remote connection to [/9.135.219.106:47511] failed with org.apache.flink.shaded.akka.org.jboss.netty.handler.codec.frame.TooLongFrameException: Adjusted frame length exceeds 10485760: 1195725860 - discarded
2022-11-14 09:42:17,055 WARN  akka.remote.transport.netty.NettyTransport                    - Remote connection to [/9.135.219.106:47522] failed with org.apache.flink.shaded.akka.org.jboss.netty.handler.codec.frame.TooLongFrameException: Adjusted frame length exceeds 10485760: 1784969076 - discarded
2022-11-14 09:42:17,099 WARN  akka.remote.transport.netty.NettyTransport                    - Remote connection to [/9.135.219.106:47542] failed with org.apache.flink.shaded.akka.org.jboss.netty.handler.codec.frame.TooLongFrameException: Adjusted frame length exceeds 10485760: 1768842867 - discarded
2022-11-14 09:42:17,255 WARN  akka.remote.transport.netty.NettyTransport                    - Remote connection to [/9.135.219.106:47559] failed with org.apache.flink.shaded.akka.org.jboss.netty.handler.codec.frame.TooLongFrameException: Adjusted frame length exceeds 10485760: 1195725860 - discarded
2022-11-14 09:42:17,799 WARN  akka.remote.transport.netty.NettyTransport                    - Remote connection to [/9.135.219.106:47467] failed with org.apache.flink.shaded.akka.org.jboss.netty.handler.codec.frame.TooLongFrameException: Adjusted frame length exceeds 10485760: 369295621 - discarded
2022-11-15 10:25:20,392 ERROR akka.actor.OneForOneStrategy                                  - Error while decoding incoming Akka PDU of length: 164
akka.remote.transport.AkkaProtocolException: Error while decoding incoming Akka PDU of length: 164
Caused by: akka.remote.transport.PduCodecException: Decoding PDU failed.
	at akka.remote.transport.AkkaPduProtobufCodec$.decodePdu(AkkaPduCodec.scala:173)
	at akka.remote.transport.ProtocolStateActor.akka$remote$transport$ProtocolStateActor$$decodePdu(AkkaProtocolTransport.scala:657)
	at akka.remote.transport.ProtocolStateActor$$anonfun$3.applyOrElse(AkkaProtocolTransport.scala:411)
	at akka.remote.transport.ProtocolStateActor$$anonfun$3.applyOrElse(AkkaProtocolTransport.scala:374)
	at scala.runtime.AbstractPartialFunction.apply(AbstractPartialFunction.scala:36)
	at akka.actor.FSM$class.processEvent(FSM.scala:663)
	at akka.remote.transport.ProtocolStateActor.processEvent(AkkaProtocolTransport.scala:285)
	at akka.actor.FSM$class.akka$actor$FSM$$processMsg(FSM.scala:657)
	at akka.actor.FSM$$anonfun$receive$1.applyOrElse(FSM.scala:651)
	at akka.actor.Actor$class.aroundReceive(Actor.scala:502)
	at akka.remote.transport.ProtocolStateActor.aroundReceive(AkkaProtocolTransport.scala:285)
	at akka.actor.ActorCell.receiveMessage(ActorCell.scala:526)
	at akka.actor.ActorCell.invoke(ActorCell.scala:495)
	at akka.dispatch.Mailbox.processMailbox(Mailbox.scala:257)
	at akka.dispatch.Mailbox.run(Mailbox.scala:224)
	at akka.dispatch.Mailbox.exec(Mailbox.scala:234)
	at scala.concurrent.forkjoin.ForkJoinTask.doExec(ForkJoinTask.java:260)
	at scala.concurrent.forkjoin.ForkJoinPool$WorkQueue.runTask(ForkJoinPool.java:1339)
	at scala.concurrent.forkjoin.ForkJoinPool.runWorker(ForkJoinPool.java:1979)
	at scala.concurrent.forkjoin.ForkJoinWorkerThread.run(ForkJoinWorkerThread.java:107)
Caused by: akka.protobuf.InvalidProtocolBufferException: Protocol message tag had invalid wire type.
	at akka.protobuf.InvalidProtocolBufferException.invalidWireType(InvalidProtocolBufferException.java:99)
	at akka.protobuf.UnknownFieldSet$Builder.mergeFieldFrom(UnknownFieldSet.java:498)
	at akka.protobuf.GeneratedMessage.parseUnknownField(GeneratedMessage.java:193)
	at akka.remote.WireFormats$AkkaProtocolMessage.<init>(WireFormats.java:7179)
	at akka.remote.WireFormats$AkkaProtocolMessage.<init>(WireFormats.java:7137)
	at akka.remote.WireFormats$AkkaProtocolMessage$1.parsePartialFrom(WireFormats.java:7233)
	at akka.remote.WireFormats$AkkaProtocolMessage$1.parsePartialFrom(WireFormats.java:7228)
	at akka.protobuf.AbstractParser.parsePartialFrom(AbstractParser.java:141)
	at akka.protobuf.AbstractParser.parseFrom(AbstractParser.java:177)
	at akka.protobuf.AbstractParser.parseFrom(AbstractParser.java:188)
	at akka.protobuf.AbstractParser.parseFrom(AbstractParser.java:193)
	at akka.protobuf.AbstractParser.parseFrom(AbstractParser.java:49)
	at akka.remote.WireFormats$AkkaProtocolMessage.parseFrom(WireFormats.java:7351)
	at akka.remote.transport.AkkaPduProtobufCodec$.decodePdu(AkkaPduCodec.scala:174)
	... 19 more
2022-11-15 10:25:20,544 WARN  akka.remote.transport.netty.NettyTransport                    - Remote connection to [/9.135.219.108:55510] failed with org.apache.flink.shaded.akka.org.jboss.netty.handler.codec.frame.TooLongFrameException: Adjusted frame length exceeds 10485760: 1195725860 - discarded
2022-11-15 10:25:21,189 WARN  akka.remote.transport.netty.NettyTransport                    - Remote connection to [/9.135.219.108:55421] failed with org.apache.flink.shaded.akka.org.jboss.netty.handler.codec.frame.TooLongFrameException: Adjusted frame length exceeds 10485760: 1195725860 - discarded
2022-11-15 10:25:21,353 WARN  akka.remote.transport.netty.NettyTransport                    - Remote connection to [/9.135.219.108:55449] failed with org.apache.flink.shaded.akka.org.jboss.netty.handler.codec.frame.TooLongFrameException: Adjusted frame length exceeds 10485760: 1195725860 - discarded
2022-11-15 10:25:21,687 WARN  akka.remote.transport.netty.NettyTransport                    - Remote connection to [/9.135.219.108:55736] failed with org.apache.flink.shaded.akka.org.jboss.netty.handler.codec.frame.TooLongFrameException: Adjusted frame length exceeds 10485760: 369295621 - discarded
2022-11-15 10:25:21,737 WARN  akka.remote.transport.netty.NettyTransport                    - Remote connection to [/9.135.219.108:55549] failed with org.apache.flink.shaded.akka.org.jboss.netty.handler.codec.frame.TooLongFrameException: Adjusted frame length exceeds 10485760: 1784969076 - discarded
2022-11-15 10:25:21,794 WARN  akka.remote.transport.netty.NettyTransport                    - Remote connection to [/9.135.219.108:55557] failed with org.apache.flink.shaded.akka.org.jboss.netty.handler.codec.frame.TooLongFrameException: Adjusted frame length exceeds 10485760: 16844079 - discarded
2022-11-25 11:07:59,537 WARN  akka.remote.transport.netty.NettyTransport                    - Remote connection to [/9.135.219.106:46286] failed with org.apache.flink.shaded.akka.org.jboss.netty.handler.codec.frame.TooLongFrameException: Adjusted frame length exceeds 10485760: 1195725860 - discarded
2022-11-25 11:07:59,587 WARN  akka.remote.transport.netty.NettyTransport                    - Remote connection to [/9.135.219.106:46301] failed with org.apache.flink.shaded.akka.org.jboss.netty.handler.codec.frame.TooLongFrameException: Adjusted frame length exceeds 10485760: 1195725860 - discarded
2022-11-25 11:07:59,639 WARN  akka.remote.transport.netty.NettyTransport                    - Remote connection to [/9.135.219.106:46329] failed with org.apache.flink.shaded.akka.org.jboss.netty.handler.codec.frame.TooLongFrameException: Adjusted frame length exceeds 10485760: 1195725860 - discarded
2022-11-25 11:07:59,653 WARN  akka.remote.transport.netty.NettyTransport                    - Remote connection to [/9.135.219.106:46341] failed with org.apache.flink.shaded.akka.org.jboss.netty.handler.codec.frame.TooLongFrameException: Adjusted frame length exceeds 10485760: 369295621 - discarded
2022-11-25 11:07:59,688 WARN  akka.remote.transport.netty.NettyTransport                    - Remote connection to [/9.135.219.106:46356] failed with org.apache.flink.shaded.akka.org.jboss.netty.handler.codec.frame.TooLongFrameException: Adjusted frame length exceeds 10485760: 1195725860 - discarded
2022-11-25 11:07:59,736 WARN  akka.remote.transport.netty.NettyTransport                    - Remote connection to [/9.135.219.106:46375] failed with org.apache.flink.shaded.akka.org.jboss.netty.handler.codec.frame.TooLongFrameException: Adjusted frame length exceeds 10485760: 369295621 - discarded
2022-11-25 11:07:59,786 WARN  akka.remote.transport.netty.NettyTransport                    - Remote connection to [/9.135.219.106:46395] failed with org.apache.flink.shaded.akka.org.jboss.netty.handler.codec.frame.TooLongFrameException: Adjusted frame length exceeds 10485760: 369295621 - discarded
2022-11-25 11:07:59,798 WARN  akka.remote.transport.netty.NettyTransport                    - Remote connection to [/9.135.219.106:46408] failed with org.apache.flink.shaded.akka.org.jboss.netty.handler.codec.frame.TooLongFrameException: Adjusted frame length exceeds 10485760: 369295621 - discarded
2022-11-25 11:07:59,837 ERROR akka.actor.OneForOneStrategy                                  - Error while decoding incoming Akka PDU of length: 164
akka.remote.transport.AkkaProtocolException: Error while decoding incoming Akka PDU of length: 164
Caused by: akka.remote.transport.PduCodecException: Decoding PDU failed.
	at akka.remote.transport.AkkaPduProtobufCodec$.decodePdu(AkkaPduCodec.scala:173)
	at akka.remote.transport.ProtocolStateActor.akka$remote$transport$ProtocolStateActor$$decodePdu(AkkaProtocolTransport.scala:657)
	at akka.remote.transport.ProtocolStateActor$$anonfun$3.applyOrElse(AkkaProtocolTransport.scala:411)
	at akka.remote.transport.ProtocolStateActor$$anonfun$3.applyOrElse(AkkaProtocolTransport.scala:374)
	at scala.runtime.AbstractPartialFunction.apply(AbstractPartialFunction.scala:36)
	at akka.actor.FSM$class.processEvent(FSM.scala:663)
	at akka.remote.transport.ProtocolStateActor.processEvent(AkkaProtocolTransport.scala:285)
	at akka.actor.FSM$class.akka$actor$FSM$$processMsg(FSM.scala:657)
	at akka.actor.FSM$$anonfun$receive$1.applyOrElse(FSM.scala:651)
	at akka.actor.Actor$class.aroundReceive(Actor.scala:502)
	at akka.remote.transport.ProtocolStateActor.aroundReceive(AkkaProtocolTransport.scala:285)
	at akka.actor.ActorCell.receiveMessage(ActorCell.scala:526)
	at akka.actor.ActorCell.invoke(ActorCell.scala:495)
	at akka.dispatch.Mailbox.processMailbox(Mailbox.scala:257)
	at akka.dispatch.Mailbox.run(Mailbox.scala:224)
	at akka.dispatch.Mailbox.exec(Mailbox.scala:234)
	at scala.concurrent.forkjoin.ForkJoinTask.doExec(ForkJoinTask.java:260)
	at scala.concurrent.forkjoin.ForkJoinPool$WorkQueue.runTask(ForkJoinPool.java:1339)
	at scala.concurrent.forkjoin.ForkJoinPool.runWorker(ForkJoinPool.java:1979)
	at scala.concurrent.forkjoin.ForkJoinWorkerThread.run(ForkJoinWorkerThread.java:107)
Caused by: akka.protobuf.InvalidProtocolBufferException: Protocol message tag had invalid wire type.
	at akka.protobuf.InvalidProtocolBufferException.invalidWireType(InvalidProtocolBufferException.java:99)
	at akka.protobuf.UnknownFieldSet$Builder.mergeFieldFrom(UnknownFieldSet.java:498)
	at akka.protobuf.GeneratedMessage.parseUnknownField(GeneratedMessage.java:193)
	at akka.remote.WireFormats$AkkaProtocolMessage.<init>(WireFormats.java:7179)
	at akka.remote.WireFormats$AkkaProtocolMessage.<init>(WireFormats.java:7137)
	at akka.remote.WireFormats$AkkaProtocolMessage$1.parsePartialFrom(WireFormats.java:7233)
	at akka.remote.WireFormats$AkkaProtocolMessage$1.parsePartialFrom(WireFormats.java:7228)
	at akka.protobuf.AbstractParser.parsePartialFrom(AbstractParser.java:141)
	at akka.protobuf.AbstractParser.parseFrom(AbstractParser.java:177)
	at akka.protobuf.AbstractParser.parseFrom(AbstractParser.java:188)
	at akka.protobuf.AbstractParser.parseFrom(AbstractParser.java:193)
	at akka.protobuf.AbstractParser.parseFrom(AbstractParser.java:49)
	at akka.remote.WireFormats$AkkaProtocolMessage.parseFrom(WireFormats.java:7351)
	at akka.remote.transport.AkkaPduProtobufCodec$.decodePdu(AkkaPduCodec.scala:174)
	... 19 more
2022-11-25 11:07:59,889 WARN  akka.remote.transport.netty.NettyTransport                    - Remote connection to [/9.135.219.106:46444] failed with org.apache.flink.shaded.akka.org.jboss.netty.handler.codec.frame.TooLongFrameException: Adjusted frame length exceeds 10485760: 1784969076 - discarded
2022-11-25 11:07:59,959 WARN  akka.remote.transport.netty.NettyTransport                    - Remote connection to [/9.135.219.106:46480] failed with org.apache.flink.shaded.akka.org.jboss.netty.handler.codec.frame.TooLongFrameException: Adjusted frame length exceeds 10485760: 1245992788 - discarded
2022-11-25 11:07:59,989 WARN  akka.remote.transport.netty.NettyTransport                    - Remote connection to [/9.135.219.106:46490] failed with org.apache.flink.shaded.akka.org.jboss.netty.handler.codec.frame.TooLongFrameException: Adjusted frame length exceeds 10485760: 1195725860 - discarded
2022-11-25 11:08:00,038 WARN  akka.remote.transport.netty.NettyTransport                    - Remote connection to [/9.135.219.106:46515] failed with org.apache.flink.shaded.akka.org.jboss.netty.handler.codec.frame.TooLongFrameException: Adjusted frame length exceeds 10485760: 1768842867 - discarded
2022-11-25 11:08:00,090 WARN  akka.remote.transport.netty.NettyTransport                    - Remote connection to [/9.135.219.106:46533] failed with org.apache.flink.shaded.akka.org.jboss.netty.handler.codec.frame.TooLongFrameException: Adjusted frame length exceeds 10485760: 1195725860 - discarded
2022-11-25 11:08:00,139 WARN  akka.remote.transport.netty.NettyTransport                    - Remote connection to [/9.135.219.106:46547] failed with org.apache.flink.shaded.akka.org.jboss.netty.handler.codec.frame.TooLongFrameException: Adjusted frame length exceeds 10485760: 1195725860 - discarded
2022-11-25 11:08:00,190 WARN  akka.remote.transport.netty.NettyTransport                    - Remote connection to [/9.135.219.106:46569] failed with org.apache.flink.shaded.akka.org.jboss.netty.handler.codec.frame.TooLongFrameException: Adjusted frame length exceeds 10485760: 1195725860 - discarded
2022-11-25 11:08:00,250 WARN  akka.remote.transport.netty.NettyTransport                    - Remote connection to [/9.135.219.106:46588] failed with org.apache.flink.shaded.akka.org.jboss.netty.handler.codec.frame.TooLongFrameException: Adjusted frame length exceeds 10485760: 16844079 - discarded
2022-12-04 11:05:56,527 WARN  akka.remote.transport.netty.NettyTransport                    - Remote connection to [/9.135.218.195:40063] failed with org.apache.flink.shaded.akka.org.jboss.netty.handler.codec.frame.TooLongFrameException: Adjusted frame length exceeds 10485760: 1195725860 - discarded
2022-12-04 11:05:56,574 WARN  akka.remote.transport.netty.NettyTransport                    - Remote connection to [/9.135.218.195:40102] failed with org.apache.flink.shaded.akka.org.jboss.netty.handler.codec.frame.TooLongFrameException: Adjusted frame length exceeds 10485760: 369295621 - discarded
2022-12-04 11:05:56,631 WARN  akka.remote.transport.netty.NettyTransport                    - Remote connection to [/9.135.218.195:40162] failed with org.apache.flink.shaded.akka.org.jboss.netty.handler.codec.frame.TooLongFrameException: Adjusted frame length exceeds 10485760: 1195725860 - discarded
2022-12-04 11:05:56,642 WARN  akka.remote.transport.netty.NettyTransport                    - Remote connection to [/9.135.218.195:40170] failed with org.apache.flink.shaded.akka.org.jboss.netty.handler.codec.frame.TooLongFrameException: Adjusted frame length exceeds 10485760: 369295621 - discarded
2022-12-04 11:05:56,674 WARN  akka.remote.transport.netty.NettyTransport                    - Remote connection to [/9.135.218.195:40195] failed with org.apache.flink.shaded.akka.org.jboss.netty.handler.codec.frame.TooLongFrameException: Adjusted frame length exceeds 10485760: 369295621 - discarded
2022-12-04 11:05:56,727 WARN  akka.remote.transport.netty.NettyTransport                    - Remote connection to [/9.135.218.195:40250] failed with org.apache.flink.shaded.akka.org.jboss.netty.handler.codec.frame.TooLongFrameException: Adjusted frame length exceeds 10485760: 1784969076 - discarded
2022-12-04 11:05:56,776 WARN  akka.remote.transport.netty.NettyTransport                    - Remote connection to [/9.135.218.195:40306] failed with org.apache.flink.shaded.akka.org.jboss.netty.handler.codec.frame.TooLongFrameException: Adjusted frame length exceeds 10485760: 1195725860 - discarded
2022-12-04 11:05:56,793 WARN  akka.remote.transport.netty.NettyTransport                    - Remote connection to [/9.135.218.195:40338] failed with org.apache.flink.shaded.akka.org.jboss.netty.handler.codec.frame.TooLongFrameException: Adjusted frame length exceeds 10485760: 1245992788 - discarded
2022-12-04 11:05:56,877 WARN  akka.remote.transport.netty.NettyTransport                    - Remote connection to [/9.135.218.195:40388] failed with org.apache.flink.shaded.akka.org.jboss.netty.handler.codec.frame.TooLongFrameException: Adjusted frame length exceeds 10485760: 1195725860 - discarded
2022-12-04 11:05:56,926 WARN  akka.remote.transport.netty.NettyTransport                    - Remote connection to [/9.135.218.195:40459] failed with org.apache.flink.shaded.akka.org.jboss.netty.handler.codec.frame.TooLongFrameException: Adjusted frame length exceeds 10485760: 1195725860 - discarded
2022-12-04 11:05:56,943 WARN  akka.remote.transport.netty.NettyTransport                    - Remote connection to [/9.135.218.195:40483] failed with org.apache.flink.shaded.akka.org.jboss.netty.handler.codec.frame.TooLongFrameException: Adjusted frame length exceeds 10485760: 369295621 - discarded
2022-12-04 11:05:56,970 WARN  akka.remote.transport.netty.NettyTransport                    - Remote connection to [/9.135.218.195:40514] failed with org.apache.flink.shaded.akka.org.jboss.netty.handler.codec.frame.TooLongFrameException: Adjusted frame length exceeds 10485760: 1195725860 - discarded
2022-12-04 11:05:57,022 WARN  akka.remote.transport.netty.NettyTransport                    - Remote connection to [/9.135.218.195:40547] failed with org.apache.flink.shaded.akka.org.jboss.netty.handler.codec.frame.TooLongFrameException: Adjusted frame length exceeds 10485760: 16844079 - discarded
2022-12-04 11:05:57,071 WARN  akka.remote.transport.netty.NettyTransport                    - Remote connection to [/9.135.218.195:40578] failed with org.apache.flink.shaded.akka.org.jboss.netty.handler.codec.frame.TooLongFrameException: Adjusted frame length exceeds 10485760: 1768842867 - discarded
2022-12-04 11:05:57,116 WARN  akka.remote.transport.netty.NettyTransport                    - Remote connection to [/9.135.218.195:40630] failed with org.apache.flink.shaded.akka.org.jboss.netty.handler.codec.frame.TooLongFrameException: Adjusted frame length exceeds 10485760: 1195725860 - discarded
2022-12-04 11:05:57,172 WARN  akka.remote.transport.netty.NettyTransport                    - Remote connection to [/9.135.218.195:40672] failed with org.apache.flink.shaded.akka.org.jboss.netty.handler.codec.frame.TooLongFrameException: Adjusted frame length exceeds 10485760: 1195725860 - discarded
2022-12-04 11:05:57,228 ERROR akka.actor.OneForOneStrategy                                  - Error while decoding incoming Akka PDU of length: 164
akka.remote.transport.AkkaProtocolException: Error while decoding incoming Akka PDU of length: 164
Caused by: akka.remote.transport.PduCodecException: Decoding PDU failed.
	at akka.remote.transport.AkkaPduProtobufCodec$.decodePdu(AkkaPduCodec.scala:173)
	at akka.remote.transport.ProtocolStateActor.akka$remote$transport$ProtocolStateActor$$decodePdu(AkkaProtocolTransport.scala:657)
	at akka.remote.transport.ProtocolStateActor$$anonfun$3.applyOrElse(AkkaProtocolTransport.scala:411)
	at akka.remote.transport.ProtocolStateActor$$anonfun$3.applyOrElse(AkkaProtocolTransport.scala:374)
	at scala.runtime.AbstractPartialFunction.apply(AbstractPartialFunction.scala:36)
	at akka.actor.FSM$class.processEvent(FSM.scala:663)
	at akka.remote.transport.ProtocolStateActor.processEvent(AkkaProtocolTransport.scala:285)
	at akka.actor.FSM$class.akka$actor$FSM$$processMsg(FSM.scala:657)
	at akka.actor.FSM$$anonfun$receive$1.applyOrElse(FSM.scala:651)
	at akka.actor.Actor$class.aroundReceive(Actor.scala:502)
	at akka.remote.transport.ProtocolStateActor.aroundReceive(AkkaProtocolTransport.scala:285)
	at akka.actor.ActorCell.receiveMessage(ActorCell.scala:526)
	at akka.actor.ActorCell.invoke(ActorCell.scala:495)
	at akka.dispatch.Mailbox.processMailbox(Mailbox.scala:257)
	at akka.dispatch.Mailbox.run(Mailbox.scala:224)
	at akka.dispatch.Mailbox.exec(Mailbox.scala:234)
	at scala.concurrent.forkjoin.ForkJoinTask.doExec(ForkJoinTask.java:260)
	at scala.concurrent.forkjoin.ForkJoinPool$WorkQueue.runTask(ForkJoinPool.java:1339)
	at scala.concurrent.forkjoin.ForkJoinPool.runWorker(ForkJoinPool.java:1979)
	at scala.concurrent.forkjoin.ForkJoinWorkerThread.run(ForkJoinWorkerThread.java:107)
Caused by: akka.protobuf.InvalidProtocolBufferException: Protocol message tag had invalid wire type.
	at akka.protobuf.InvalidProtocolBufferException.invalidWireType(InvalidProtocolBufferException.java:99)
	at akka.protobuf.UnknownFieldSet$Builder.mergeFieldFrom(UnknownFieldSet.java:498)
	at akka.protobuf.GeneratedMessage.parseUnknownField(GeneratedMessage.java:193)
	at akka.remote.WireFormats$AkkaProtocolMessage.<init>(WireFormats.java:7179)
	at akka.remote.WireFormats$AkkaProtocolMessage.<init>(WireFormats.java:7137)
	at akka.remote.WireFormats$AkkaProtocolMessage$1.parsePartialFrom(WireFormats.java:7233)
	at akka.remote.WireFormats$AkkaProtocolMessage$1.parsePartialFrom(WireFormats.java:7228)
	at akka.protobuf.AbstractParser.parsePartialFrom(AbstractParser.java:141)
	at akka.protobuf.AbstractParser.parseFrom(AbstractParser.java:177)
	at akka.protobuf.AbstractParser.parseFrom(AbstractParser.java:188)
	at akka.protobuf.AbstractParser.parseFrom(AbstractParser.java:193)
	at akka.protobuf.AbstractParser.parseFrom(AbstractParser.java:49)
	at akka.remote.WireFormats$AkkaProtocolMessage.parseFrom(WireFormats.java:7351)
	at akka.remote.transport.AkkaPduProtobufCodec$.decodePdu(AkkaPduCodec.scala:174)
	... 19 more
