2022-11-13 05:42:46,300 INFO  org.apache.flink.runtime.taskmanager.TaskManager              - --------------------------------------------------------------------------------
2022-11-13 05:42:46,301 INFO  org.apache.flink.runtime.taskmanager.TaskManager              -  Starting TaskManager (Version: 1.4.1, Rev:<unknown>, Date:<unknown>)
2022-11-13 05:42:46,301 INFO  org.apache.flink.runtime.taskmanager.TaskManager              -  OS current user: root
2022-11-13 05:42:46,465 WARN  org.apache.hadoop.util.NativeCodeLoader                       - Unable to load native-hadoop library for your platform... using builtin-java classes where applicable
2022-11-13 05:42:46,647 INFO  org.apache.flink.runtime.taskmanager.TaskManager              -  Current Hadoop/Kerberos user: root
2022-11-13 05:42:46,647 INFO  org.apache.flink.runtime.taskmanager.TaskManager              -  JVM: OpenJDK 64-Bit Server VM - Tencent - 1.8/25.292-b2
2022-11-13 05:42:46,647 INFO  org.apache.flink.runtime.taskmanager.TaskManager              -  Maximum heap size: 512 MiBytes
2022-11-13 05:42:46,647 INFO  org.apache.flink.runtime.taskmanager.TaskManager              -  JAVA_HOME: (not set)
2022-11-13 05:42:46,649 INFO  org.apache.flink.runtime.taskmanager.TaskManager              -  Hadoop version: 2.4.1
2022-11-13 05:42:46,650 INFO  org.apache.flink.runtime.taskmanager.TaskManager              -  JVM Options:
2022-11-13 05:42:46,650 INFO  org.apache.flink.runtime.taskmanager.TaskManager              -     -XX:+UseG1GC
2022-11-13 05:42:46,650 INFO  org.apache.flink.runtime.taskmanager.TaskManager              -     -Xms512M
2022-11-13 05:42:46,650 INFO  org.apache.flink.runtime.taskmanager.TaskManager              -     -Xmx512M
2022-11-13 05:42:46,650 INFO  org.apache.flink.runtime.taskmanager.TaskManager              -     -XX:MaxDirectMemorySize=8388607T
2022-11-13 05:42:46,650 INFO  org.apache.flink.runtime.taskmanager.TaskManager              -     -Dlog.file=/root/dannylian/code/ds2/workspace/flink-1.4.1-instrumented/flink-1.4.1/flink-dist/target/flink-1.4.1-bin/flink-1.4.1/log/flink-root-taskmanager-1-VM-56-161-centos.log
2022-11-13 05:42:46,650 INFO  org.apache.flink.runtime.taskmanager.TaskManager              -     -Dlog4j.configuration=file:/root/dannylian/code/ds2/workspace/flink-1.4.1-instrumented/flink-1.4.1/flink-dist/target/flink-1.4.1-bin/flink-1.4.1/conf/log4j.properties
2022-11-13 05:42:46,650 INFO  org.apache.flink.runtime.taskmanager.TaskManager              -     -Dlogback.configurationFile=file:/root/dannylian/code/ds2/workspace/flink-1.4.1-instrumented/flink-1.4.1/flink-dist/target/flink-1.4.1-bin/flink-1.4.1/conf/logback.xml
2022-11-13 05:42:46,650 INFO  org.apache.flink.runtime.taskmanager.TaskManager              -  Program Arguments:
2022-11-13 05:42:46,650 INFO  org.apache.flink.runtime.taskmanager.TaskManager              -     --configDir
2022-11-13 05:42:46,650 INFO  org.apache.flink.runtime.taskmanager.TaskManager              -     /root/dannylian/code/ds2/workspace/flink-1.4.1-instrumented/flink-1.4.1/flink-dist/target/flink-1.4.1-bin/flink-1.4.1/conf
2022-11-13 05:42:46,650 INFO  org.apache.flink.runtime.taskmanager.TaskManager              -  Classpath: :/root/dannylian/code/ds2/workspace/flink-1.4.1-instrumented/flink-1.4.1/flink-dist/target/flink-1.4.1-bin/flink-1.4.1/lib/flink-dist_2.11-1.4.1.jar:/root/dannylian/code/ds2/workspace/flink-1.4.1-instrumented/flink-1.4.1/flink-dist/target/flink-1.4.1-bin/flink-1.4.1/lib/flink-python_2.11-1.4.1.jar:/root/dannylian/code/ds2/workspace/flink-1.4.1-instrumented/flink-1.4.1/flink-dist/target/flink-1.4.1-bin/flink-1.4.1/lib/flink-shaded-hadoop2-uber-1.4.1.jar:/root/dannylian/code/ds2/workspace/flink-1.4.1-instrumented/flink-1.4.1/flink-dist/target/flink-1.4.1-bin/flink-1.4.1/lib/log4j-1.2.17.jar:/root/dannylian/code/ds2/workspace/flink-1.4.1-instrumented/flink-1.4.1/flink-dist/target/flink-1.4.1-bin/flink-1.4.1/lib/slf4j-log4j12-1.7.7.jar:::
2022-11-13 05:42:46,651 INFO  org.apache.flink.runtime.taskmanager.TaskManager              - --------------------------------------------------------------------------------
2022-11-13 05:42:46,652 INFO  org.apache.flink.runtime.taskmanager.TaskManager              - Registered UNIX signal handlers for [TERM, HUP, INT]
2022-11-13 05:42:46,655 INFO  org.apache.flink.runtime.taskmanager.TaskManager              - Maximum number of open file descriptors is 1000000
2022-11-13 05:42:46,669 INFO  org.apache.flink.runtime.taskmanager.TaskManager              - Loading configuration from /root/dannylian/code/ds2/workspace/flink-1.4.1-instrumented/flink-1.4.1/flink-dist/target/flink-1.4.1-bin/flink-1.4.1/conf
2022-11-13 05:42:46,671 INFO  org.apache.flink.configuration.GlobalConfiguration            - Loading configuration property: jobmanager.rpc.address, 9.135.56.161
2022-11-13 05:42:46,671 INFO  org.apache.flink.configuration.GlobalConfiguration            - Loading configuration property: jobmanager.rpc.port, 6123
2022-11-13 05:42:46,672 INFO  org.apache.flink.configuration.GlobalConfiguration            - Loading configuration property: jobmanager.heap.mb, 1024
2022-11-13 05:42:46,672 INFO  org.apache.flink.configuration.GlobalConfiguration            - Loading configuration property: taskmanager.heap.mb, 512
2022-11-13 05:42:46,672 INFO  org.apache.flink.configuration.GlobalConfiguration            - Loading configuration property: taskmanager.numberOfTaskSlots, 2
2022-11-13 05:42:46,672 INFO  org.apache.flink.configuration.GlobalConfiguration            - Loading configuration property: taskmanager.memory.preallocate, false
2022-11-13 05:42:46,672 INFO  org.apache.flink.configuration.GlobalConfiguration            - Loading configuration property: parallelism.default, 1
2022-11-13 05:42:46,672 INFO  org.apache.flink.configuration.GlobalConfiguration            - Loading configuration property: web.port, 8081
2022-11-13 05:42:46,672 INFO  org.apache.flink.configuration.GlobalConfiguration            - Loading configuration property: state.backend, filesystem
2022-11-13 05:42:46,672 INFO  org.apache.flink.configuration.GlobalConfiguration            - Loading configuration property: state.backend.fs.checkpointdir, file:///root/dannylian/code/ds2/savepoints/
2022-11-13 05:42:46,673 INFO  org.apache.flink.configuration.GlobalConfiguration            - Loading configuration property: metrics.latency.interval, 10
2022-11-13 05:42:46,723 INFO  org.apache.flink.runtime.security.modules.HadoopModule        - Hadoop user set to root (auth:SIMPLE)
2022-11-13 05:42:46,769 INFO  org.apache.flink.runtime.util.LeaderRetrievalUtils            - Trying to select the network interface and address to use by connecting to the leading JobManager.
2022-11-13 05:42:46,769 INFO  org.apache.flink.runtime.util.LeaderRetrievalUtils            - TaskManager will try to connect for 10000 milliseconds before falling back to heuristics
2022-11-13 05:42:46,771 INFO  org.apache.flink.runtime.net.ConnectionUtils                  - Retrieved new target address /9.135.56.161:6123.
2022-11-13 05:42:46,774 INFO  org.apache.flink.runtime.taskmanager.TaskManager              - TaskManager will use hostname/address 'VM-56-161-centos' (127.0.0.1) for communication.
2022-11-13 05:42:46,782 INFO  org.apache.flink.runtime.taskmanager.TaskManager              - Starting TaskManager
2022-11-13 05:42:46,783 INFO  org.apache.flink.runtime.taskmanager.TaskManager              - Starting TaskManager actor system at VM-56-161-centos:35317.
2022-11-13 05:42:46,784 INFO  org.apache.flink.runtime.taskmanager.TaskManager              - Trying to start actor system at vm-56-161-centos:35317
2022-11-13 05:42:47,182 INFO  akka.event.slf4j.Slf4jLogger                                  - Slf4jLogger started
2022-11-13 05:42:47,247 INFO  akka.remote.Remoting                                          - Starting remoting
2022-11-13 05:42:47,366 INFO  akka.remote.Remoting                                          - Remoting started; listening on addresses :[akka.tcp://flink@vm-56-161-centos:35317]
2022-11-13 05:42:47,373 INFO  org.apache.flink.runtime.taskmanager.TaskManager              - Actor system started at akka.tcp://flink@vm-56-161-centos:35317
2022-11-13 05:42:47,378 INFO  org.apache.flink.runtime.metrics.MetricRegistryImpl           - No metrics reporter configured, no metrics will be exposed/reported.
2022-11-13 05:42:47,380 INFO  org.apache.flink.runtime.taskmanager.TaskManager              - Starting TaskManager actor
2022-11-13 05:42:47,383 INFO  org.apache.flink.runtime.io.network.netty.NettyConfig         - NettyConfig [server address: VM-56-161-centos/127.0.0.1, server port: 0, ssl enabled: false, memory segment size (bytes): 32768, transport type: NIO, number of server threads: 2 (manual), number of client threads: 2 (manual), server connect backlog: 0 (use Netty's default), client connect timeout (sec): 120, send/receive buffer size (bytes): 0 (use Netty's default)]
2022-11-13 05:42:47,385 INFO  org.apache.flink.runtime.taskexecutor.TaskManagerConfiguration  - Messages have a max timeout of 10000 ms
2022-11-13 05:42:47,388 INFO  org.apache.flink.runtime.taskexecutor.TaskManagerServices     - Temporary file directory '/tmp': total 98 GB, usable 41 GB (41.84% usable)
2022-11-13 05:42:47,436 INFO  org.apache.flink.runtime.io.network.buffer.NetworkBufferPool  - Allocated 64 MB for network buffer pool (number of memory segments: 2048, bytes per segment: 32768).
2022-11-13 05:42:47,558 WARN  org.apache.flink.runtime.query.QueryableStateUtils            - Could not load Queryable State Client Proxy. Probable reason: flink-queryable-state-runtime is not in the classpath. Please put the corresponding jar from the opt to the lib folder.
2022-11-13 05:42:47,558 WARN  org.apache.flink.runtime.query.QueryableStateUtils            - Could not load Queryable State Server. Probable reason: flink-queryable-state-runtime is not in the classpath. Please put the corresponding jar from the opt to the lib folder.
2022-11-13 05:42:47,559 INFO  org.apache.flink.runtime.io.network.NetworkEnvironment        - Starting the network environment and its components.
2022-11-13 05:42:47,595 INFO  org.apache.flink.runtime.io.network.netty.NettyClient         - Successful initialization (took 27 ms).
2022-11-13 05:42:50,603 WARN  org.apache.flink.shaded.netty4.io.netty.util.internal.ThreadLocalRandom  - Failed to generate a seed from SecureRandom within 3 seconds. Not enough entrophy?
2022-11-13 05:42:50,623 INFO  org.apache.flink.runtime.io.network.netty.NettyServer         - Successful initialization (took 3028 ms). Listening on SocketAddress /127.0.0.1:41769.
2022-11-13 05:42:50,670 INFO  org.apache.flink.runtime.taskexecutor.TaskManagerServices     - Limiting managed memory to 0.7 of the currently free heap space (307 MB), memory will be allocated lazily.
2022-11-13 05:42:50,673 INFO  org.apache.flink.runtime.io.disk.iomanager.IOManager          - I/O manager uses directory /tmp/flink-io-67a8c0ca-ea19-43ce-bbc8-14b89804cebd for spill files.
2022-11-13 05:42:50,676 INFO  org.apache.flink.runtime.filecache.FileCache                  - User file cache uses directory /tmp/flink-dist-cache-debca975-3f8b-45c2-a8a0-560293c91e72
2022-11-13 05:42:50,725 INFO  org.apache.flink.runtime.filecache.FileCache                  - User file cache uses directory /tmp/flink-dist-cache-3df90210-ec43-45d0-94a7-1ee8b66d7aff
2022-11-13 05:42:50,732 INFO  org.apache.flink.runtime.taskmanager.TaskManager              - Starting TaskManager actor at akka://flink/user/taskmanager#-1336364299.
2022-11-13 05:42:50,732 INFO  org.apache.flink.runtime.taskmanager.TaskManager              - TaskManager data connection information: 5866c106eca5227d7073e980a322bd91 @ VM-56-161-centos (dataPort=41769)
2022-11-13 05:42:50,732 INFO  org.apache.flink.runtime.taskmanager.TaskManager              - TaskManager has 2 task slot(s).
2022-11-13 05:42:50,733 INFO  org.apache.flink.runtime.taskmanager.TaskManager              - Memory usage stats: [HEAP: 76/512/512 MB, NON HEAP: 32/33/-1 MB (used/committed/max)]
2022-11-13 05:42:50,736 INFO  org.apache.flink.runtime.taskmanager.TaskManager              - Trying to register at JobManager akka.tcp://flink@9.135.56.161:6123/user/jobmanager (attempt 1, timeout: 500 milliseconds)
2022-11-13 05:42:50,862 INFO  org.apache.flink.runtime.taskmanager.TaskManager              - Successful registration at JobManager (akka.tcp://flink@9.135.56.161:6123/user/jobmanager), starting network stack and library cache.
2022-11-13 05:42:50,865 INFO  org.apache.flink.runtime.taskmanager.TaskManager              - Determined BLOB server address to be /9.135.56.161:37938. Starting BLOB cache.
2022-11-13 05:42:50,869 INFO  org.apache.flink.runtime.blob.PermanentBlobCache              - Created BLOB cache storage directory /tmp/blobStore-a9eb5963-2a7e-4b5b-9f0a-40947f2e42d0
2022-11-13 05:42:50,875 INFO  org.apache.flink.runtime.blob.TransientBlobCache              - Created BLOB cache storage directory /tmp/blobStore-4ce49480-5300-47de-bb49-7de852258067
2022-11-13 05:43:13,250 INFO  org.apache.flink.runtime.taskmanager.TaskManager              - Received task TriggerWindow(TumblingEventTimeWindows(10000), ListStateDescriptor{serializer=org.apache.flink.api.common.typeutils.base.ListSerializer@ea9b9bec}, EventTimeTrigger(), WindowedStream.apply(CoGroupedStreams.java:303)) -> DummyLatencySink (4/11)
2022-11-13 05:43:13,250 INFO  org.apache.flink.runtime.taskmanager.Task                     - TriggerWindow(TumblingEventTimeWindows(10000), ListStateDescriptor{serializer=org.apache.flink.api.common.typeutils.base.ListSerializer@ea9b9bec}, EventTimeTrigger(), WindowedStream.apply(CoGroupedStreams.java:303)) -> DummyLatencySink (4/11) (c03c33a093992eb1c1a294c3a67ba27b) switched from CREATED to DEPLOYING.
2022-11-13 05:43:13,252 INFO  org.apache.flink.runtime.taskmanager.Task                     - Creating FileSystem stream leak safety net for task TriggerWindow(TumblingEventTimeWindows(10000), ListStateDescriptor{serializer=org.apache.flink.api.common.typeutils.base.ListSerializer@ea9b9bec}, EventTimeTrigger(), WindowedStream.apply(CoGroupedStreams.java:303)) -> DummyLatencySink (4/11) (c03c33a093992eb1c1a294c3a67ba27b) [DEPLOYING]
2022-11-13 05:43:13,256 INFO  org.apache.flink.runtime.taskmanager.Task                     - Loading JAR files for task TriggerWindow(TumblingEventTimeWindows(10000), ListStateDescriptor{serializer=org.apache.flink.api.common.typeutils.base.ListSerializer@ea9b9bec}, EventTimeTrigger(), WindowedStream.apply(CoGroupedStreams.java:303)) -> DummyLatencySink (4/11) (c03c33a093992eb1c1a294c3a67ba27b) [DEPLOYING].
2022-11-13 05:43:13,259 INFO  org.apache.flink.runtime.blob.BlobClient                      - Downloading 886e9ddde07dd43182bf070e5028eab0/p-4da4978a57bf42a33a086aad57544f74ed58ce86-9f3fa0c2710fecbda8e9d9ee04d63910 from /9.135.56.161:37938
2022-11-13 05:43:13,932 INFO  org.apache.flink.runtime.taskmanager.Task                     - Registering task at network: TriggerWindow(TumblingEventTimeWindows(10000), ListStateDescriptor{serializer=org.apache.flink.api.common.typeutils.base.ListSerializer@ea9b9bec}, EventTimeTrigger(), WindowedStream.apply(CoGroupedStreams.java:303)) -> DummyLatencySink (4/11) (c03c33a093992eb1c1a294c3a67ba27b) [DEPLOYING].
2022-11-13 05:43:13,936 INFO  org.apache.flink.runtime.taskmanager.Task                     - TriggerWindow(TumblingEventTimeWindows(10000), ListStateDescriptor{serializer=org.apache.flink.api.common.typeutils.base.ListSerializer@ea9b9bec}, EventTimeTrigger(), WindowedStream.apply(CoGroupedStreams.java:303)) -> DummyLatencySink (4/11) (c03c33a093992eb1c1a294c3a67ba27b) switched from DEPLOYING to RUNNING.
2022-11-13 05:43:13,943 INFO  org.apache.flink.streaming.runtime.tasks.StreamTask           - State backend is set to heap memory (checkpoints to filesystem "file:/root/dannylian/code/ds2/savepoints")
2022-11-13 05:43:14,094 WARN  org.apache.flink.metrics.MetricGroup                          - The operator name TriggerWindow(TumblingEventTimeWindows(10000), ListStateDescriptor{serializer=org.apache.flink.api.common.typeutils.base.ListSerializer@ea9b9bec}, EventTimeTrigger(), WindowedStream.apply(CoGroupedStreams.java:303)) exceeded the 80 characters length limit and was truncated.
2022-11-13 05:43:14,122 INFO  org.apache.flink.runtime.state.heap.HeapKeyedStateBackend     - Initializing heap keyed state backend with stream factory.
2022-11-13 05:43:14,341 WARN  ch.ethz.systems.strymon.ds2.flink.nexmark.queries.Query8      - %latency%166%1668289394341%1668289394175%0%3
2022-11-13 05:43:20,217 WARN  ch.ethz.systems.strymon.ds2.flink.nexmark.queries.Query8      - %latency%42%1668289400217%1668289400175%0%3
2022-11-13 05:43:22,195 WARN  ch.ethz.systems.strymon.ds2.flink.nexmark.queries.Query8      - %latency%18%1668289402195%1668289402175%0%3
2022-11-13 05:43:40,190 WARN  ch.ethz.systems.strymon.ds2.flink.nexmark.queries.Query8      - %latency%15%1668289420190%1668289420175%0%3
2022-11-13 05:43:40,243 WARN  ch.ethz.systems.strymon.ds2.flink.nexmark.queries.Query8      - %latency%68%1668289420243%1668289420175%0%3
2022-11-13 05:43:46,207 WARN  ch.ethz.systems.strymon.ds2.flink.nexmark.queries.Query8      - %latency%32%1668289426207%1668289426175%0%3
2022-11-13 05:43:54,226 WARN  ch.ethz.systems.strymon.ds2.flink.nexmark.queries.Query8      - %latency%51%1668289434226%1668289434175%0%3
2022-11-13 05:43:58,268 WARN  ch.ethz.systems.strymon.ds2.flink.nexmark.queries.Query8      - %latency%93%1668289438268%1668289438175%0%3
2022-11-13 05:44:06,281 WARN  ch.ethz.systems.strymon.ds2.flink.nexmark.queries.Query8      - %latency%106%1668289446281%1668289446175%0%3
2022-11-13 05:44:10,285 WARN  ch.ethz.systems.strymon.ds2.flink.nexmark.queries.Query8      - %latency%110%1668289450285%1668289450175%0%3
2022-11-13 05:44:36,222 WARN  ch.ethz.systems.strymon.ds2.flink.nexmark.queries.Query8      - %latency%47%1668289476222%1668289476175%0%3
2022-11-13 05:45:00,930 WARN  ch.ethz.systems.strymon.ds2.flink.nexmark.queries.Query8      - %latency%755%1668289500930%1668289500175%0%3
2022-11-13 05:45:06,644 WARN  ch.ethz.systems.strymon.ds2.flink.nexmark.queries.Query8      - %latency%469%1668289506644%1668289506175%0%3
2022-11-13 05:45:22,889 WARN  ch.ethz.systems.strymon.ds2.flink.nexmark.queries.Query8      - %latency%714%1668289522889%1668289522175%0%3
2022-11-13 05:45:36,696 WARN  ch.ethz.systems.strymon.ds2.flink.nexmark.queries.Query8      - %latency%521%1668289536696%1668289536175%0%3
2022-11-13 05:45:46,786 WARN  ch.ethz.systems.strymon.ds2.flink.nexmark.queries.Query8      - %latency%611%1668289546786%1668289546175%0%3
2022-11-13 05:46:12,944 WARN  ch.ethz.systems.strymon.ds2.flink.nexmark.queries.Query8      - %latency%769%1668289572944%1668289572175%0%3
2022-11-13 05:46:21,301 INFO  org.apache.flink.runtime.taskmanager.Task                     - Attempting to cancel task TriggerWindow(TumblingEventTimeWindows(10000), ListStateDescriptor{serializer=org.apache.flink.api.common.typeutils.base.ListSerializer@ea9b9bec}, EventTimeTrigger(), WindowedStream.apply(CoGroupedStreams.java:303)) -> DummyLatencySink (4/11) (c03c33a093992eb1c1a294c3a67ba27b).
2022-11-13 05:46:21,305 INFO  org.apache.flink.runtime.taskmanager.Task                     - TriggerWindow(TumblingEventTimeWindows(10000), ListStateDescriptor{serializer=org.apache.flink.api.common.typeutils.base.ListSerializer@ea9b9bec}, EventTimeTrigger(), WindowedStream.apply(CoGroupedStreams.java:303)) -> DummyLatencySink (4/11) (c03c33a093992eb1c1a294c3a67ba27b) switched from RUNNING to CANCELING.
2022-11-13 05:46:21,309 INFO  org.apache.flink.runtime.taskmanager.Task                     - Triggering cancellation of task code TriggerWindow(TumblingEventTimeWindows(10000), ListStateDescriptor{serializer=org.apache.flink.api.common.typeutils.base.ListSerializer@ea9b9bec}, EventTimeTrigger(), WindowedStream.apply(CoGroupedStreams.java:303)) -> DummyLatencySink (4/11) (c03c33a093992eb1c1a294c3a67ba27b).
2022-11-13 05:46:21,318 INFO  org.apache.flink.runtime.taskmanager.Task                     - TriggerWindow(TumblingEventTimeWindows(10000), ListStateDescriptor{serializer=org.apache.flink.api.common.typeutils.base.ListSerializer@ea9b9bec}, EventTimeTrigger(), WindowedStream.apply(CoGroupedStreams.java:303)) -> DummyLatencySink (4/11) (c03c33a093992eb1c1a294c3a67ba27b) switched from CANCELING to CANCELED.
2022-11-13 05:46:21,318 INFO  org.apache.flink.runtime.taskmanager.Task                     - Freeing task resources for TriggerWindow(TumblingEventTimeWindows(10000), ListStateDescriptor{serializer=org.apache.flink.api.common.typeutils.base.ListSerializer@ea9b9bec}, EventTimeTrigger(), WindowedStream.apply(CoGroupedStreams.java:303)) -> DummyLatencySink (4/11) (c03c33a093992eb1c1a294c3a67ba27b).
2022-11-13 05:46:21,330 INFO  org.apache.flink.runtime.taskmanager.Task                     - Ensuring all FileSystem streams are closed for task TriggerWindow(TumblingEventTimeWindows(10000), ListStateDescriptor{serializer=org.apache.flink.api.common.typeutils.base.ListSerializer@ea9b9bec}, EventTimeTrigger(), WindowedStream.apply(CoGroupedStreams.java:303)) -> DummyLatencySink (4/11) (c03c33a093992eb1c1a294c3a67ba27b) [CANCELED]
2022-11-13 05:46:21,332 INFO  org.apache.flink.runtime.taskmanager.TaskManager              - Un-registering task and sending final execution state CANCELED to JobManager for task TriggerWindow(TumblingEventTimeWindows(10000), ListStateDescriptor{serializer=org.apache.flink.api.common.typeutils.base.ListSerializer@ea9b9bec}, EventTimeTrigger(), WindowedStream.apply(CoGroupedStreams.java:303)) -> DummyLatencySink (c03c33a093992eb1c1a294c3a67ba27b)
