2022-11-13 05:43:04,952 INFO  org.apache.flink.runtime.taskmanager.TaskManager              - --------------------------------------------------------------------------------
2022-11-13 05:43:04,953 INFO  org.apache.flink.runtime.taskmanager.TaskManager              -  Starting TaskManager (Version: 1.4.1, Rev:<unknown>, Date:<unknown>)
2022-11-13 05:43:04,953 INFO  org.apache.flink.runtime.taskmanager.TaskManager              -  OS current user: root
2022-11-13 05:43:05,116 WARN  org.apache.hadoop.util.NativeCodeLoader                       - Unable to load native-hadoop library for your platform... using builtin-java classes where applicable
2022-11-13 05:43:05,299 INFO  org.apache.flink.runtime.taskmanager.TaskManager              -  Current Hadoop/Kerberos user: root
2022-11-13 05:43:05,299 INFO  org.apache.flink.runtime.taskmanager.TaskManager              -  JVM: OpenJDK 64-Bit Server VM - Tencent - 1.8/25.292-b2
2022-11-13 05:43:05,299 INFO  org.apache.flink.runtime.taskmanager.TaskManager              -  Maximum heap size: 512 MiBytes
2022-11-13 05:43:05,299 INFO  org.apache.flink.runtime.taskmanager.TaskManager              -  JAVA_HOME: (not set)
2022-11-13 05:43:05,302 INFO  org.apache.flink.runtime.taskmanager.TaskManager              -  Hadoop version: 2.4.1
2022-11-13 05:43:05,302 INFO  org.apache.flink.runtime.taskmanager.TaskManager              -  JVM Options:
2022-11-13 05:43:05,302 INFO  org.apache.flink.runtime.taskmanager.TaskManager              -     -XX:+UseG1GC
2022-11-13 05:43:05,302 INFO  org.apache.flink.runtime.taskmanager.TaskManager              -     -Xms512M
2022-11-13 05:43:05,302 INFO  org.apache.flink.runtime.taskmanager.TaskManager              -     -Xmx512M
2022-11-13 05:43:05,302 INFO  org.apache.flink.runtime.taskmanager.TaskManager              -     -XX:MaxDirectMemorySize=8388607T
2022-11-13 05:43:05,302 INFO  org.apache.flink.runtime.taskmanager.TaskManager              -     -Dlog.file=/root/dannylian/code/ds2/workspace/flink-1.4.1-instrumented/flink-1.4.1/flink-dist/target/flink-1.4.1-bin/flink-1.4.1/log/flink-root-taskmanager-42-VM-56-161-centos.log
2022-11-13 05:43:05,302 INFO  org.apache.flink.runtime.taskmanager.TaskManager              -     -Dlog4j.configuration=file:/root/dannylian/code/ds2/workspace/flink-1.4.1-instrumented/flink-1.4.1/flink-dist/target/flink-1.4.1-bin/flink-1.4.1/conf/log4j.properties
2022-11-13 05:43:05,302 INFO  org.apache.flink.runtime.taskmanager.TaskManager              -     -Dlogback.configurationFile=file:/root/dannylian/code/ds2/workspace/flink-1.4.1-instrumented/flink-1.4.1/flink-dist/target/flink-1.4.1-bin/flink-1.4.1/conf/logback.xml
2022-11-13 05:43:05,303 INFO  org.apache.flink.runtime.taskmanager.TaskManager              -  Program Arguments:
2022-11-13 05:43:05,303 INFO  org.apache.flink.runtime.taskmanager.TaskManager              -     --configDir
2022-11-13 05:43:05,303 INFO  org.apache.flink.runtime.taskmanager.TaskManager              -     /root/dannylian/code/ds2/workspace/flink-1.4.1-instrumented/flink-1.4.1/flink-dist/target/flink-1.4.1-bin/flink-1.4.1/conf
2022-11-13 05:43:05,303 INFO  org.apache.flink.runtime.taskmanager.TaskManager              -  Classpath: :/root/dannylian/code/ds2/workspace/flink-1.4.1-instrumented/flink-1.4.1/flink-dist/target/flink-1.4.1-bin/flink-1.4.1/lib/flink-dist_2.11-1.4.1.jar:/root/dannylian/code/ds2/workspace/flink-1.4.1-instrumented/flink-1.4.1/flink-dist/target/flink-1.4.1-bin/flink-1.4.1/lib/flink-python_2.11-1.4.1.jar:/root/dannylian/code/ds2/workspace/flink-1.4.1-instrumented/flink-1.4.1/flink-dist/target/flink-1.4.1-bin/flink-1.4.1/lib/flink-shaded-hadoop2-uber-1.4.1.jar:/root/dannylian/code/ds2/workspace/flink-1.4.1-instrumented/flink-1.4.1/flink-dist/target/flink-1.4.1-bin/flink-1.4.1/lib/log4j-1.2.17.jar:/root/dannylian/code/ds2/workspace/flink-1.4.1-instrumented/flink-1.4.1/flink-dist/target/flink-1.4.1-bin/flink-1.4.1/lib/slf4j-log4j12-1.7.7.jar:::
2022-11-13 05:43:05,303 INFO  org.apache.flink.runtime.taskmanager.TaskManager              - --------------------------------------------------------------------------------
2022-11-13 05:43:05,304 INFO  org.apache.flink.runtime.taskmanager.TaskManager              - Registered UNIX signal handlers for [TERM, HUP, INT]
2022-11-13 05:43:05,309 INFO  org.apache.flink.runtime.taskmanager.TaskManager              - Maximum number of open file descriptors is 1000000
2022-11-13 05:43:05,336 INFO  org.apache.flink.runtime.taskmanager.TaskManager              - Loading configuration from /root/dannylian/code/ds2/workspace/flink-1.4.1-instrumented/flink-1.4.1/flink-dist/target/flink-1.4.1-bin/flink-1.4.1/conf
2022-11-13 05:43:05,339 INFO  org.apache.flink.configuration.GlobalConfiguration            - Loading configuration property: jobmanager.rpc.address, 9.135.56.161
2022-11-13 05:43:05,339 INFO  org.apache.flink.configuration.GlobalConfiguration            - Loading configuration property: jobmanager.rpc.port, 6123
2022-11-13 05:43:05,340 INFO  org.apache.flink.configuration.GlobalConfiguration            - Loading configuration property: jobmanager.heap.mb, 1024
2022-11-13 05:43:05,340 INFO  org.apache.flink.configuration.GlobalConfiguration            - Loading configuration property: taskmanager.heap.mb, 512
2022-11-13 05:43:05,340 INFO  org.apache.flink.configuration.GlobalConfiguration            - Loading configuration property: taskmanager.numberOfTaskSlots, 2
2022-11-13 05:43:05,340 INFO  org.apache.flink.configuration.GlobalConfiguration            - Loading configuration property: taskmanager.memory.preallocate, false
2022-11-13 05:43:05,340 INFO  org.apache.flink.configuration.GlobalConfiguration            - Loading configuration property: parallelism.default, 1
2022-11-13 05:43:05,340 INFO  org.apache.flink.configuration.GlobalConfiguration            - Loading configuration property: web.port, 8081
2022-11-13 05:43:05,341 INFO  org.apache.flink.configuration.GlobalConfiguration            - Loading configuration property: state.backend, filesystem
2022-11-13 05:43:05,341 INFO  org.apache.flink.configuration.GlobalConfiguration            - Loading configuration property: state.backend.fs.checkpointdir, file:///root/dannylian/code/ds2/savepoints/
2022-11-13 05:43:05,341 INFO  org.apache.flink.configuration.GlobalConfiguration            - Loading configuration property: metrics.latency.interval, 10
2022-11-13 05:43:05,395 INFO  org.apache.flink.runtime.security.modules.HadoopModule        - Hadoop user set to root (auth:SIMPLE)
2022-11-13 05:43:05,439 INFO  org.apache.flink.runtime.util.LeaderRetrievalUtils            - Trying to select the network interface and address to use by connecting to the leading JobManager.
2022-11-13 05:43:05,440 INFO  org.apache.flink.runtime.util.LeaderRetrievalUtils            - TaskManager will try to connect for 10000 milliseconds before falling back to heuristics
2022-11-13 05:43:05,441 INFO  org.apache.flink.runtime.net.ConnectionUtils                  - Retrieved new target address /9.135.56.161:6123.
2022-11-13 05:43:05,444 INFO  org.apache.flink.runtime.taskmanager.TaskManager              - TaskManager will use hostname/address 'VM-56-161-centos' (127.0.0.1) for communication.
2022-11-13 05:43:05,447 INFO  org.apache.flink.runtime.taskmanager.TaskManager              - Starting TaskManager
2022-11-13 05:43:05,447 INFO  org.apache.flink.runtime.taskmanager.TaskManager              - Starting TaskManager actor system at VM-56-161-centos:51105.
2022-11-13 05:43:05,448 INFO  org.apache.flink.runtime.taskmanager.TaskManager              - Trying to start actor system at vm-56-161-centos:51105
2022-11-13 05:43:05,850 INFO  akka.event.slf4j.Slf4jLogger                                  - Slf4jLogger started
2022-11-13 05:43:05,908 INFO  akka.remote.Remoting                                          - Starting remoting
2022-11-13 05:43:06,027 INFO  akka.remote.Remoting                                          - Remoting started; listening on addresses :[akka.tcp://flink@vm-56-161-centos:51105]
2022-11-13 05:43:06,033 INFO  org.apache.flink.runtime.taskmanager.TaskManager              - Actor system started at akka.tcp://flink@vm-56-161-centos:51105
2022-11-13 05:43:06,040 INFO  org.apache.flink.runtime.metrics.MetricRegistryImpl           - No metrics reporter configured, no metrics will be exposed/reported.
2022-11-13 05:43:06,044 INFO  org.apache.flink.runtime.taskmanager.TaskManager              - Starting TaskManager actor
2022-11-13 05:43:06,048 INFO  org.apache.flink.runtime.io.network.netty.NettyConfig         - NettyConfig [server address: VM-56-161-centos/127.0.0.1, server port: 0, ssl enabled: false, memory segment size (bytes): 32768, transport type: NIO, number of server threads: 2 (manual), number of client threads: 2 (manual), server connect backlog: 0 (use Netty's default), client connect timeout (sec): 120, send/receive buffer size (bytes): 0 (use Netty's default)]
2022-11-13 05:43:06,051 INFO  org.apache.flink.runtime.taskexecutor.TaskManagerConfiguration  - Messages have a max timeout of 10000 ms
2022-11-13 05:43:06,056 INFO  org.apache.flink.runtime.taskexecutor.TaskManagerServices     - Temporary file directory '/tmp': total 98 GB, usable 41 GB (41.84% usable)
2022-11-13 05:43:06,108 INFO  org.apache.flink.runtime.io.network.buffer.NetworkBufferPool  - Allocated 64 MB for network buffer pool (number of memory segments: 2048, bytes per segment: 32768).
2022-11-13 05:43:06,227 WARN  org.apache.flink.runtime.query.QueryableStateUtils            - Could not load Queryable State Client Proxy. Probable reason: flink-queryable-state-runtime is not in the classpath. Please put the corresponding jar from the opt to the lib folder.
2022-11-13 05:43:06,228 WARN  org.apache.flink.runtime.query.QueryableStateUtils            - Could not load Queryable State Server. Probable reason: flink-queryable-state-runtime is not in the classpath. Please put the corresponding jar from the opt to the lib folder.
2022-11-13 05:43:06,228 INFO  org.apache.flink.runtime.io.network.NetworkEnvironment        - Starting the network environment and its components.
2022-11-13 05:43:06,261 INFO  org.apache.flink.runtime.io.network.netty.NettyClient         - Successful initialization (took 28 ms).
2022-11-13 05:43:09,270 WARN  org.apache.flink.shaded.netty4.io.netty.util.internal.ThreadLocalRandom  - Failed to generate a seed from SecureRandom within 3 seconds. Not enough entrophy?
2022-11-13 05:43:09,285 INFO  org.apache.flink.runtime.io.network.netty.NettyServer         - Successful initialization (took 3024 ms). Listening on SocketAddress /127.0.0.1:46779.
2022-11-13 05:43:09,327 INFO  org.apache.flink.runtime.taskexecutor.TaskManagerServices     - Limiting managed memory to 0.7 of the currently free heap space (307 MB), memory will be allocated lazily.
2022-11-13 05:43:09,330 INFO  org.apache.flink.runtime.io.disk.iomanager.IOManager          - I/O manager uses directory /tmp/flink-io-eae3e6a1-8b07-4be9-b643-bf59fb1ce081 for spill files.
2022-11-13 05:43:09,331 INFO  org.apache.flink.runtime.filecache.FileCache                  - User file cache uses directory /tmp/flink-dist-cache-2f1ea762-f0a8-43c8-be06-e12cb9e4b1ce
2022-11-13 05:43:09,373 INFO  org.apache.flink.runtime.filecache.FileCache                  - User file cache uses directory /tmp/flink-dist-cache-70817c57-6905-42de-86ba-56a2c65021ed
2022-11-13 05:43:09,379 INFO  org.apache.flink.runtime.taskmanager.TaskManager              - Starting TaskManager actor at akka://flink/user/taskmanager#-996042007.
2022-11-13 05:43:09,379 INFO  org.apache.flink.runtime.taskmanager.TaskManager              - TaskManager data connection information: f366d7870a6c59287cc6b3cf47a01bff @ VM-56-161-centos (dataPort=46779)
2022-11-13 05:43:09,380 INFO  org.apache.flink.runtime.taskmanager.TaskManager              - TaskManager has 2 task slot(s).
2022-11-13 05:43:09,380 INFO  org.apache.flink.runtime.taskmanager.TaskManager              - Memory usage stats: [HEAP: 75/512/512 MB, NON HEAP: 32/32/-1 MB (used/committed/max)]
2022-11-13 05:43:09,382 INFO  org.apache.flink.runtime.taskmanager.TaskManager              - Trying to register at JobManager akka.tcp://flink@9.135.56.161:6123/user/jobmanager (attempt 1, timeout: 500 milliseconds)
2022-11-13 05:43:09,467 INFO  org.apache.flink.runtime.taskmanager.TaskManager              - Successful registration at JobManager (akka.tcp://flink@9.135.56.161:6123/user/jobmanager), starting network stack and library cache.
2022-11-13 05:43:09,470 INFO  org.apache.flink.runtime.taskmanager.TaskManager              - Determined BLOB server address to be /9.135.56.161:37938. Starting BLOB cache.
2022-11-13 05:43:09,473 INFO  org.apache.flink.runtime.blob.PermanentBlobCache              - Created BLOB cache storage directory /tmp/blobStore-5fb134ce-a6ba-4c8b-9d43-7ac29fb1db5c
2022-11-13 05:43:09,475 INFO  org.apache.flink.runtime.blob.TransientBlobCache              - Created BLOB cache storage directory /tmp/blobStore-3367986a-8184-4bc7-a02c-4ebd456a8bf0
2022-12-03 09:03:02,237 WARN  akka.remote.transport.netty.NettyTransport                    - Remote connection to [/9.135.219.106:41049] failed with org.apache.flink.shaded.akka.org.jboss.netty.handler.codec.frame.TooLongFrameException: Adjusted frame length exceeds 10485760: 1195725860 - discarded
2022-12-03 09:03:02,279 WARN  akka.remote.transport.netty.NettyTransport                    - Remote connection to [/9.135.219.106:41068] failed with org.apache.flink.shaded.akka.org.jboss.netty.handler.codec.frame.TooLongFrameException: Adjusted frame length exceeds 10485760: 1784969076 - discarded
2022-12-03 09:03:02,334 ERROR akka.actor.OneForOneStrategy                                  - Error while decoding incoming Akka PDU of length: 164
akka.remote.transport.AkkaProtocolException: Error while decoding incoming Akka PDU of length: 164
Caused by: akka.remote.transport.PduCodecException: Decoding PDU failed.
	at akka.remote.transport.AkkaPduProtobufCodec$.decodePdu(AkkaPduCodec.scala:173)
	at akka.remote.transport.ProtocolStateActor.akka$remote$transport$ProtocolStateActor$$decodePdu(AkkaProtocolTransport.scala:657)
	at akka.remote.transport.ProtocolStateActor$$anonfun$3.applyOrElse(AkkaProtocolTransport.scala:411)
	at akka.remote.transport.ProtocolStateActor$$anonfun$3.applyOrElse(AkkaProtocolTransport.scala:374)
	at scala.runtime.AbstractPartialFunction.apply(AbstractPartialFunction.scala:36)
	at akka.actor.FSM$class.processEvent(FSM.scala:663)
	at akka.remote.transport.ProtocolStateActor.processEvent(AkkaProtocolTransport.scala:285)
	at akka.actor.FSM$class.akka$actor$FSM$$processMsg(FSM.scala:657)
	at akka.actor.FSM$$anonfun$receive$1.applyOrElse(FSM.scala:651)
	at akka.actor.Actor$class.aroundReceive(Actor.scala:502)
	at akka.remote.transport.ProtocolStateActor.aroundReceive(AkkaProtocolTransport.scala:285)
	at akka.actor.ActorCell.receiveMessage(ActorCell.scala:526)
	at akka.actor.ActorCell.invoke(ActorCell.scala:495)
	at akka.dispatch.Mailbox.processMailbox(Mailbox.scala:257)
	at akka.dispatch.Mailbox.run(Mailbox.scala:224)
	at akka.dispatch.Mailbox.exec(Mailbox.scala:234)
	at scala.concurrent.forkjoin.ForkJoinTask.doExec(ForkJoinTask.java:260)
	at scala.concurrent.forkjoin.ForkJoinPool$WorkQueue.runTask(ForkJoinPool.java:1339)
	at scala.concurrent.forkjoin.ForkJoinPool.runWorker(ForkJoinPool.java:1979)
	at scala.concurrent.forkjoin.ForkJoinWorkerThread.run(ForkJoinWorkerThread.java:107)
Caused by: akka.protobuf.InvalidProtocolBufferException: Protocol message tag had invalid wire type.
	at akka.protobuf.InvalidProtocolBufferException.invalidWireType(InvalidProtocolBufferException.java:99)
	at akka.protobuf.UnknownFieldSet$Builder.mergeFieldFrom(UnknownFieldSet.java:498)
	at akka.protobuf.GeneratedMessage.parseUnknownField(GeneratedMessage.java:193)
	at akka.remote.WireFormats$AkkaProtocolMessage.<init>(WireFormats.java:7179)
	at akka.remote.WireFormats$AkkaProtocolMessage.<init>(WireFormats.java:7137)
	at akka.remote.WireFormats$AkkaProtocolMessage$1.parsePartialFrom(WireFormats.java:7233)
	at akka.remote.WireFormats$AkkaProtocolMessage$1.parsePartialFrom(WireFormats.java:7228)
	at akka.protobuf.AbstractParser.parsePartialFrom(AbstractParser.java:141)
	at akka.protobuf.AbstractParser.parseFrom(AbstractParser.java:177)
	at akka.protobuf.AbstractParser.parseFrom(AbstractParser.java:188)
	at akka.protobuf.AbstractParser.parseFrom(AbstractParser.java:193)
	at akka.protobuf.AbstractParser.parseFrom(AbstractParser.java:49)
	at akka.remote.WireFormats$AkkaProtocolMessage.parseFrom(WireFormats.java:7351)
	at akka.remote.transport.AkkaPduProtobufCodec$.decodePdu(AkkaPduCodec.scala:174)
	... 19 more
2022-12-03 09:03:02,346 WARN  akka.remote.transport.netty.NettyTransport                    - Remote connection to [/9.135.219.106:41094] failed with org.apache.flink.shaded.akka.org.jboss.netty.handler.codec.frame.TooLongFrameException: Adjusted frame length exceeds 10485760: 1245992788 - discarded
2022-12-03 09:03:02,382 WARN  akka.remote.transport.netty.NettyTransport                    - Remote connection to [/9.135.219.106:41112] failed with org.apache.flink.shaded.akka.org.jboss.netty.handler.codec.frame.TooLongFrameException: Adjusted frame length exceeds 10485760: 1195725860 - discarded
2022-12-03 09:03:02,430 WARN  akka.remote.transport.netty.NettyTransport                    - Remote connection to [/9.135.219.106:41142] failed with org.apache.flink.shaded.akka.org.jboss.netty.handler.codec.frame.TooLongFrameException: Adjusted frame length exceeds 10485760: 1195725860 - discarded
2022-12-03 09:03:02,482 WARN  akka.remote.transport.netty.NettyTransport                    - Remote connection to [/9.135.219.106:41166] failed with org.apache.flink.shaded.akka.org.jboss.netty.handler.codec.frame.TooLongFrameException: Adjusted frame length exceeds 10485760: 1195725860 - discarded
2022-12-03 09:03:02,543 WARN  akka.remote.transport.netty.NettyTransport                    - Remote connection to [/9.135.219.106:41205] failed with org.apache.flink.shaded.akka.org.jboss.netty.handler.codec.frame.TooLongFrameException: Adjusted frame length exceeds 10485760: 369295621 - discarded
2022-12-03 09:03:02,582 WARN  akka.remote.transport.netty.NettyTransport                    - Remote connection to [/9.135.219.106:41217] failed with org.apache.flink.shaded.akka.org.jboss.netty.handler.codec.frame.TooLongFrameException: Adjusted frame length exceeds 10485760: 1195725860 - discarded
2022-12-03 09:03:02,633 WARN  akka.remote.transport.netty.NettyTransport                    - Remote connection to [/9.135.219.106:41239] failed with org.apache.flink.shaded.akka.org.jboss.netty.handler.codec.frame.TooLongFrameException: Adjusted frame length exceeds 10485760: 1195725860 - discarded
2022-12-03 09:03:02,687 WARN  akka.remote.transport.netty.NettyTransport                    - Remote connection to [/9.135.219.106:41257] failed with org.apache.flink.shaded.akka.org.jboss.netty.handler.codec.frame.TooLongFrameException: Adjusted frame length exceeds 10485760: 1195725860 - discarded
2022-12-03 09:03:02,731 WARN  akka.remote.transport.netty.NettyTransport                    - Remote connection to [/9.135.219.106:41272] failed with org.apache.flink.shaded.akka.org.jboss.netty.handler.codec.frame.TooLongFrameException: Adjusted frame length exceeds 10485760: 16844079 - discarded
2022-12-03 09:03:02,785 WARN  akka.remote.transport.netty.NettyTransport                    - Remote connection to [/9.135.219.106:41286] failed with org.apache.flink.shaded.akka.org.jboss.netty.handler.codec.frame.TooLongFrameException: Adjusted frame length exceeds 10485760: 369295621 - discarded
2022-12-03 09:03:02,826 WARN  akka.remote.transport.netty.NettyTransport                    - Remote connection to [/9.135.219.106:41302] failed with org.apache.flink.shaded.akka.org.jboss.netty.handler.codec.frame.TooLongFrameException: Adjusted frame length exceeds 10485760: 369295621 - discarded
2022-12-03 09:03:02,879 WARN  akka.remote.transport.netty.NettyTransport                    - Remote connection to [/9.135.219.106:41318] failed with org.apache.flink.shaded.akka.org.jboss.netty.handler.codec.frame.TooLongFrameException: Adjusted frame length exceeds 10485760: 1195725860 - discarded
2022-12-03 09:03:02,890 WARN  akka.remote.transport.netty.NettyTransport                    - Remote connection to [/9.135.219.106:41324] failed with org.apache.flink.shaded.akka.org.jboss.netty.handler.codec.frame.TooLongFrameException: Adjusted frame length exceeds 10485760: 369295621 - discarded
2022-12-03 09:03:02,933 WARN  akka.remote.transport.netty.NettyTransport                    - Remote connection to [/9.135.219.106:41334] failed with org.apache.flink.shaded.akka.org.jboss.netty.handler.codec.frame.TooLongFrameException: Adjusted frame length exceeds 10485760: 1768842867 - discarded
